../down_7D/OBS_7D_2012.FEB.10.860531.seed 2012 2 10
../down_7D/OBS_7D_2012.FEB.1.178871.seed 2012 2 1
../down_7D/OBS_7D_2012.FEB.11.903330.seed 2012 2 11
../down_7D/OBS_7D_2012.FEB.12.927442.seed 2012 2 12
../down_7D/OBS_7D_2012.FEB.13.717935.seed 2012 2 13
../down_7D/OBS_7D_2012.FEB.14.423447.seed 2012 2 14
../down_7D/OBS_7D_2012.FEB.15.509658.seed 2012 2 15
../down_7D/OBS_7D_2012.FEB.16.363553.seed 2012 2 16
../down_7D/OBS_7D_2012.FEB.17.469642.seed 2012 2 17
../down_7D/OBS_7D_2012.FEB.18.407773.seed 2012 2 18
../down_7D/OBS_7D_2012.FEB.19.705115.seed 2012 2 19
../down_7D/OBS_7D_2012.FEB.20.522523.seed 2012 2 20
../down_7D/OBS_7D_2012.FEB.21.485739.seed 2012 2 21
../down_7D/OBS_7D_2012.FEB.2.158040.seed 2012 2 2
../down_7D/OBS_7D_2012.FEB.22.677109.seed 2012 2 22
../down_7D/OBS_7D_2012.FEB.23.897213.seed 2012 2 23
../down_7D/OBS_7D_2012.FEB.24.58103.seed 2012 2 24
../down_7D/OBS_7D_2012.FEB.25.73123.seed 2012 2 25
../down_7D/OBS_7D_2012.FEB.26.406102.seed 2012 2 26
../down_7D/OBS_7D_2012.FEB.27.708988.seed 2012 2 27
../down_7D/OBS_7D_2012.FEB.28.405517.seed 2012 2 28
../down_7D/OBS_7D_2012.FEB.29.485038.seed 2012 2 29
../down_7D/OBS_7D_2012.FEB.3.601882.seed 2012 2 3
../down_7D/OBS_7D_2012.FEB.4.444499.seed 2012 2 4
../down_7D/OBS_7D_2012.FEB.5.428127.seed 2012 2 5
../down_7D/OBS_7D_2012.FEB.6.828626.seed 2012 2 6
../down_7D/OBS_7D_2012.FEB.7.880903.seed 2012 2 7
../down_7D/OBS_7D_2012.FEB.8.990088.seed 2012 2 8
../down_7D/OBS_7D_2012.FEB.9.123131.seed 2012 2 9
