034A   -98.68  27.06  TA
035A   -98.10  26.94  TA
035Z   -98.07  26.46  TA
058A   -81.79  26.97  TA
059A   -81.08  26.97  TA
059Z   -81.25  26.34  TA
060A   -80.38  26.97  TA
060Z   -80.54  26.34  TA
061Z   -80.71  25.71  TA
062Z   -81.00  24.74  TA
063Z   -82.92  24.63  TA
109C  -117.11  32.89  TA
112A  -114.58  32.54  TA
113A  -113.77  32.77  TA
114A  -112.88  32.75  TA
115A  -112.23  32.70  TA
116A  -111.70  32.56  TA
117A  -110.74  32.57  TA
118A  -109.97  32.64  TA
119A  -109.30  32.77  TA
120A  -108.63  32.55  TA
121A  -107.79  32.53  TA
122A  -107.00  32.70  TA
123A  -106.26  32.63  TA
124A  -105.45  32.70  TA
125A  -104.66  32.66  TA
126A  -104.02  32.65  TA
127A  -103.36  32.68  TA
128A  -102.48  32.62  TA
129A  -101.87  32.63  TA
130A  -100.97  32.60  TA
131A  -100.39  32.67  TA
133A   -98.92  32.61  TA
134A   -98.08  32.57  TA
135A   -97.41  32.56  TA
136A   -96.53  32.47  TA
137A   -95.76  32.60  TA
138A   -95.09  32.66  TA
139A   -94.39  32.68  TA
140A   -93.57  32.64  TA
141A   -92.90  32.60  TA
142A   -91.95  32.55  TA
143A   -91.40  32.70  TA
144A   -90.42  32.63  TA
145A   -89.93  32.60  TA
146A   -89.06  32.64  TA
147A   -88.27  32.67  TA
148A   -87.57  32.65  TA
149A   -86.79  32.60  TA
150A   -86.02  32.61  TA
151A   -85.33  32.53  TA
152A   -84.72  32.67  TA
153A   -83.83  32.65  TA
154A   -83.11  32.61  TA
214A  -112.81  31.96  TA
216A  -111.46  32.00  TA
217A  -110.82  31.77  TA
218A  -110.05  31.97  TA
219A  -109.26  32.00  TA
220A  -108.53  31.90  TA
221A  -107.78  32.01  TA
222A  -107.10  32.10  TA
223A  -106.43  32.01  TA
224A  -105.52  32.08  TA
225A  -104.82  32.11  TA
226A  -104.10  32.06  TA
226B  -104.17  32.08  TA
227A  -103.29  32.01  TA
228A  -102.59  32.12  TA
229A  -101.81  31.97  TA
230A  -101.11  31.89  TA
231A  -100.32  31.94  TA
232A   -99.65  31.89  TA
233A   -98.90  32.02  TA
234A   -98.14  32.00  TA
236A   -96.53  32.00  TA
237A   -95.81  32.00  TA
238A   -95.12  32.00  TA
239A   -94.47  32.02  TA
240A   -93.76  32.04  TA
241A   -92.92  32.02  TA
242A   -92.15  32.06  TA
243A   -91.48  31.88  TA
244A   -90.69  32.04  TA
245A   -89.90  32.03  TA
246A   -89.13  32.01  TA
247A   -88.61  32.05  TA
248A   -87.74  32.09  TA
249A   -87.12  31.98  TA
250A   -86.27  31.98  TA
251A   -85.41  32.09  TA
318A  -109.99  31.44  TA
319A  -109.28  31.38  TA
320A  -108.53  31.34  TA
324A  -105.48  31.44  TA
325A  -104.97  31.37  TA
326A  -103.98  31.32  TA
327A  -103.49  31.37  TA
328A  -102.81  31.38  TA
329A  -101.98  31.49  TA
330A  -101.18  31.41  TA
331A  -100.43  31.31  TA
332A   -99.74  31.38  TA
333A   -98.98  31.32  TA
334A   -98.24  31.33  TA
335A   -97.43  31.28  TA
336A   -96.84  31.39  TA
337A   -95.89  31.32  TA
338A   -95.31  31.36  TA
339A   -94.56  31.33  TA
340A   -93.89  31.42  TA
341A   -93.17  31.33  TA
342A   -92.32  31.37  TA
343A   -91.62  31.28  TA
344A   -90.73  31.45  TA
345A   -90.03  31.31  TA
346A   -89.46  31.39  TA
347A   -88.54  31.40  TA
348A   -87.90  31.41  TA
349A   -87.14  31.37  TA
350A   -86.34  31.42  TA
351A   -85.60  31.28  TA
425A  -104.99  30.79  TA
426A  -104.03  30.67  TA
427A  -103.40  30.85  TA
428A  -102.68  30.73  TA
429A  -101.89  30.62  TA
430A  -101.24  30.79  TA
431A  -100.61  30.68  TA
432A   -99.79  30.88  TA
433A   -99.09  30.75  TA
434A   -98.27  30.81  TA
435B   -97.58  30.78  TA
436A   -96.80  30.77  TA
437A   -96.14  30.83  TA
438A   -95.47  30.75  TA
439A   -94.77  30.79  TA
440A   -93.96  30.75  TA
441A   -93.19  30.75  TA
442A   -92.43  30.71  TA
443A   -91.78  30.76  TA
444A   -90.75  30.72  TA
445A   -90.34  30.73  TA
446A   -89.36  30.79  TA
447A   -88.65  30.80  TA
448A   -87.86  30.93  TA
526A  -104.09  30.06  TA
527A  -103.61  30.15  TA
528A  -102.79  30.16  TA
529A  -102.22  30.12  TA
530A  -101.34  30.15  TA
531A  -100.55  30.16  TA
532A   -99.90  30.13  TA
533A   -99.04  30.07  TA
534A   -98.48  30.03  TA
535A   -97.57  30.03  TA
536A   -97.07  30.08  TA
537A   -96.32  30.08  TA
538A   -95.49  30.22  TA
539A   -94.72  30.11  TA
540A   -93.98  30.21  TA
541A   -93.19  30.06  TA
542A   -92.55  30.12  TA
543A   -91.86  30.09  TA
544A   -91.16  30.11  TA
545A   -90.49  30.04  TA
546A   -89.72  30.23  TA
626A  -104.13  29.55  TA
627A  -103.39  29.45  TA
628A  -102.89  29.49  TA
631A  -100.58  29.41  TA
632A   -99.79  29.51  TA
633A   -99.18  29.46  TA
634A   -98.35  29.38  TA
635A   -97.77  29.39  TA
636A   -97.06  29.48  TA
637A   -96.33  29.44  TA
638A   -95.45  29.42  TA
645A   -90.60  29.46  TA
646A   -89.82  29.58  TA
732A   -99.97  28.73  TA
733A   -99.29  28.72  TA
734A   -98.56  28.85  TA
735A   -97.81  28.86  TA
736A   -97.07  28.95  TA
737A   -96.44  28.76  TA
738A   -95.65  28.84  TA
832A   -99.97  28.28  TA
833A   -99.39  28.32  TA
834A   -98.55  28.13  TA
835A   -97.83  28.29  TA
933A   -99.27  27.61  TA
934A   -98.52  27.60  TA
936A   -97.31  27.42  TA
A04A  -122.71  48.72  TA
A05A  -122.09  49.00  TA
A06A  -121.48  49.10  TA
A07A  -120.38  49.05  TA
A08A  -119.27  48.95  TA
A09A  -118.59  48.98  TA
A10A  -117.56  48.98  TA
A11A  -116.36  48.96  TA
A12A  -115.65  48.93  TA
A13A  -114.41  48.93  TA
A14A  -113.42  48.97  TA
A15A  -112.73  48.98  TA
A16A  -111.60  48.95  TA
A17A  -110.70  48.94  TA
A18A  -109.85  48.92  TA
A19A  -108.74  48.93  TA
A20A  -107.93  48.88  TA
A21A  -106.93  48.99  TA
A22A  -105.92  48.99  TA
A23A  -104.88  48.96  TA
A24A  -104.00  48.92  TA
A25A  -103.11  48.94  TA
A26A  -102.04  48.90  TA
A27A  -101.24  48.95  TA
A28A  -100.27  48.91  TA
A29A   -99.23  48.92  TA
A30A   -98.30  48.94  TA
A31A   -97.19  48.93  TA
A32A   -96.49  48.92  TA
A33A   -95.39  48.94  TA
ABTX   -99.64  32.62  TA
B04A  -123.50  48.06  TA
B05A  -122.10  48.26  TA
B06A  -121.48  48.52  TA
B07A  -120.12  48.46  TA
B08A  -119.33  48.36  TA
B09A  -118.15  48.42  TA
B10A  -117.23  48.30  TA
B11A  -116.37  48.44  TA
B12A  -115.59  48.47  TA
B13A  -114.47  48.37  TA
B14A  -113.27  48.36  TA
B15A  -112.56  48.31  TA
B16A  -111.71  48.41  TA
B17A  -110.80  48.29  TA
B18A  -109.78  48.39  TA
B19A  -108.94  48.46  TA
B20A  -108.02  48.44  TA
B21A  -107.02  48.43  TA
B22A  -106.00  48.30  TA
B23A  -104.99  48.46  TA
B25A  -103.16  48.27  TA
B26A  -102.23  48.38  TA
B27A  -101.26  48.40  TA
B28A  -100.36  48.45  TA
B29A   -99.35  48.46  TA
B30A   -98.33  48.45  TA
B31A   -97.65  48.42  TA
B32A   -96.54  48.40  TA
B33A   -95.59  48.27  TA
B34A   -94.65  48.49  TA
B35A   -93.73  48.36  TA
BGNE   -98.15  41.41  TA
BNLO  -122.17  37.13  TA
BRSD   -98.96  44.44  TA
C03A  -124.57  47.95  TA
C04A  -122.97  47.72  TA
C05A  -121.69  47.69  TA
C06A  -120.89  47.92  TA
C07A  -120.06  47.69  TA
C08A  -119.05  47.78  TA
C09A  -118.27  47.80  TA
C10A  -117.31  47.82  TA
C11A  -116.26  47.84  TA
C12A  -115.48  47.70  TA
C12B  -115.47  47.71  TA
C13A  -114.57  47.68  TA
C14A  -113.75  47.77  TA
C15A  -112.61  47.77  TA
C16A  -111.75  47.80  TA
C17A  -110.76  47.63  TA
C19A  -109.05  47.73  TA
C20A  -108.00  47.71  TA
C21A  -107.10  47.83  TA
C22A  -105.88  47.75  TA
C23A  -105.18  47.80  TA
C24A  -104.43  47.53  TA
C25A  -103.26  47.71  TA
C26A  -102.10  47.83  TA
C27A  -101.50  47.71  TA
C28A  -100.39  47.72  TA
C30A   -98.48  47.70  TA
C31A   -97.73  47.79  TA
C32A   -96.53  47.83  TA
C33A   -95.77  47.76  TA
C34A   -94.91  47.65  TA
C35A   -93.98  47.70  TA
C36A   -92.84  47.76  TA
C37A   -92.19  47.73  TA
C38A   -91.27  47.72  TA
C39A   -90.13  47.82  TA
D03A  -123.77  47.12  TA
D04A  -122.80  47.11  TA
D05A  -121.99  47.19  TA
D06A  -120.84  47.19  TA
D07A  -119.97  47.19  TA
D08A  -118.92  47.06  TA
D09A  -118.31  47.06  TA
D10A  -117.28  47.05  TA
D11A  -116.34  47.05  TA
D12A  -115.35  47.05  TA
D13A  -114.46  47.09  TA
D14A  -113.51  47.08  TA
D15A  -112.52  47.04  TA
D16A  -111.55  47.03  TA
D17A  -110.69  47.15  TA
D18A  -109.80  47.20  TA
D19A  -108.88  47.16  TA
D20A  -108.14  47.09  TA
D21A  -106.99  47.07  TA
D22A  -106.18  47.15  TA
D23A  -105.21  47.17  TA
D24A  -104.33  47.12  TA
D25A  -103.32  47.15  TA
D26A  -102.44  47.03  TA
D27A  -101.53  47.11  TA
D28A  -100.57  47.19  TA
D29A   -99.60  47.06  TA
D30A   -98.76  47.11  TA
D31A   -97.72  47.05  TA
D32A   -97.02  47.14  TA
D33A   -95.84  47.14  TA
D34A   -95.20  47.09  TA
D35A   -94.05  47.08  TA
D36A   -93.16  47.18  TA
D37A   -92.43  47.16  TA
D41A   -88.57  47.06  TA
E03A  -123.56  46.55  TA
E04A  -122.72  46.59  TA
E05A  -121.76  46.56  TA
E06A  -120.98  46.54  TA
E07A  -119.85  46.56  TA
E08A  -119.06  46.49  TA
E09A  -118.15  46.51  TA
E10A  -117.11  46.48  TA
E11A  -116.21  46.36  TA
E12A  -115.57  46.42  TA
E13A  -114.19  46.44  TA
E14A  -113.49  46.42  TA
E15A  -112.64  46.42  TA
E16A  -111.68  46.53  TA
E17A  -110.86  46.46  TA
E18A  -109.91  46.57  TA
E19A  -108.79  46.46  TA
E20A  -108.13  46.50  TA
E21A  -107.08  46.54  TA
E22A  -105.95  46.44  TA
E23A  -105.31  46.50  TA
E24A  -104.31  46.56  TA
E25A  -103.40  46.50  TA
E26A  -102.46  46.47  TA
E27A  -101.56  46.43  TA
E28A  -100.69  46.57  TA
E29A   -99.64  46.57  TA
E30A   -98.91  46.50  TA
E31A   -97.89  46.56  TA
E32A   -97.07  46.59  TA
E33A   -96.01  46.50  TA
E34A   -95.17  46.51  TA
E35A   -94.40  46.56  TA
E36A   -93.26  46.52  TA
E37A   -92.40  46.57  TA
E38A   -91.55  46.61  TA
E39A   -90.56  46.38  TA
E40A   -89.90  46.44  TA
E41A   -88.93  46.46  TA
ELFS  -120.73  40.62  TA
F03A  -123.56  45.93  TA
F04A  -122.42  45.93  TA
F05A  -121.46  45.88  TA
F06A  -120.78  45.77  TA
F07A  -119.93  45.90  TA
F08A  -118.78  45.80  TA
F09A  -117.91  45.71  TA
F10A  -117.23  45.97  TA
F11A  -116.15  45.89  TA
F12A  -115.25  45.76  TA
F13A  -114.33  45.79  TA
F14A  -113.37  45.81  TA
F15A  -112.49  45.84  TA
F16A  -111.63  45.78  TA
F17A  -110.66  45.91  TA
F18A  -109.72  45.90  TA
F19A  -108.94  45.85  TA
F20A  -108.15  45.80  TA
F21A  -107.12  45.82  TA
F22A  -106.26  45.78  TA
F23A  -105.41  45.72  TA
F24A  -104.44  45.85  TA
F25A  -103.46  45.93  TA
F26A  -102.67  45.85  TA
F27A  -102.02  45.87  TA
F28A  -100.80  45.85  TA
F29A   -99.83  45.83  TA
F30A   -99.03  45.84  TA
F31A   -98.25  45.86  TA
F32A   -97.13  45.87  TA
F33A   -96.29  45.84  TA
F34A   -95.26  45.80  TA
F35A   -94.57  45.86  TA
F36A   -93.52  45.86  TA
F37A   -92.63  45.72  TA
F38A   -91.88  45.96  TA
F39A   -90.92  45.92  TA
F40A   -90.12  45.92  TA
F41A   -90.10  45.74  TA
F42A   -88.13  45.76  TA
G03A  -123.28  45.32  TA
G04A  -122.48  45.21  TA
G05A  -121.32  45.24  TA
G06A  -120.64  45.24  TA
G07A  -119.67  45.27  TA
G08A  -118.96  45.29  TA
G09A  -117.78  45.28  TA
G10A  -117.12  45.29  TA
G11A  -116.27  45.40  TA
G12A  -115.33  45.13  TA
G13A  -114.23  45.09  TA
G14A  -113.46  45.24  TA
G15A  -112.49  45.17  TA
G16A  -111.80  45.23  TA
G17A  -110.74  45.32  TA
G18A  -109.56  45.32  TA
G20A  -108.21  45.22  TA
G21A  -107.21  45.23  TA
G22A  -106.29  45.22  TA
G23A  -105.39  45.20  TA
G24A  -104.42  45.33  TA
G25A  -103.42  45.19  TA
G26A  -102.60  45.29  TA
G27A  -101.93  45.38  TA
G28A  -100.92  45.07  TA
G29A   -99.92  45.19  TA
G30A   -99.14  45.13  TA
G31A   -98.21  45.23  TA
G32A   -97.50  45.26  TA
G33A   -96.44  45.19  TA
G34A   -95.64  45.24  TA
G35A   -94.49  45.22  TA
G36A   -93.75  45.23  TA
G38A   -91.85  45.17  TA
G39A   -91.17  45.29  TA
G40A   -90.20  45.27  TA
G41A   -89.18  45.21  TA
H02A  -124.00  44.68  TA
H03A  -123.29  44.68  TA
H04A  -122.19  44.68  TA
H05A  -121.23  44.65  TA
H06A  -120.33  44.73  TA
H07A  -119.56  44.59  TA
H08A  -118.67  44.52  TA
H09A  -117.66  44.67  TA
H10A  -116.75  44.59  TA
H11A  -116.01  44.70  TA
H12A  -114.86  44.55  TA
H13A  -114.25  44.56  TA
H14A  -113.37  44.62  TA
H15A  -112.64  44.62  TA
H16A  -111.25  44.70  TA
H17A  -110.58  44.40  TA
H18A  -109.66  44.68  TA
H19A  -108.99  44.67  TA
H20A  -108.00  44.49  TA
H21A  -107.04  44.63  TA
H22A  -106.35  44.59  TA
H23A  -105.40  44.56  TA
H24A  -104.55  44.75  TA
H25A  -103.60  44.62  TA
H26A  -102.77  44.62  TA
H27A  -102.08  44.63  TA
H28A  -101.02  44.68  TA
H29A  -100.21  44.63  TA
H31A   -98.48  44.48  TA
H32A   -97.44  44.50  TA
H33A   -96.74  44.68  TA
H34A   -95.78  44.67  TA
H35A   -94.83  44.70  TA
H36A   -93.93  44.58  TA
H37A   -92.92  44.58  TA
H38A   -92.28  44.68  TA
H39A   -91.28  44.68  TA
H40A   -90.39  44.62  TA
H41A   -89.65  44.62  TA
HAST  -121.55  36.39  TA
HATC  -121.46  40.82  TA
HELL  -119.02  36.68  TA
I02A  -123.83  44.00  TA
I03A  -123.28  43.97  TA
I04A  -122.41  43.79  TA
I05A  -121.27  44.16  TA
I06A  -120.21  43.94  TA
I07A  -119.50  44.08  TA
I08A  -118.57  43.91  TA
I09A  -117.74  43.97  TA
I10A  -116.80  44.09  TA
I11A  -115.96  43.91  TA
I12A  -115.13  43.79  TA
I13A  -114.12  43.91  TA
I14A  -113.45  43.93  TA
I15A  -112.48  44.00  TA
I16A  -111.49  43.88  TA
I17A  -110.58  43.92  TA
I18A  -109.82  43.70  TA
I19A  -108.99  44.04  TA
I20A  -108.13  43.95  TA
I21A  -107.29  43.81  TA
I22A  -106.48  43.89  TA
I23A  -105.46  43.96  TA
I24A  -104.63  43.86  TA
I25A  -103.73  44.02  TA
I26A  -102.86  44.03  TA
I27A  -102.05  44.07  TA
I28A  -101.17  44.00  TA
I29A  -100.30  44.02  TA
I30A   -99.43  43.91  TA
I31A   -98.54  44.03  TA
I32A   -97.46  44.03  TA
I33A   -96.80  44.05  TA
I34A   -95.86  44.04  TA
I35A   -94.98  43.86  TA
I36A   -94.01  44.02  TA
I37A   -93.40  44.01  TA
I38A   -92.33  44.04  TA
I39A   -91.52  43.85  TA
I40A   -90.62  43.89  TA
I41A   -89.87  44.06  TA
J02A  -123.57  43.37  TA
J03A  -122.96  43.37  TA
J04A  -122.11  43.24  TA
J05A  -121.24  43.28  TA
J06A  -120.15  43.25  TA
J07A  -119.31  43.37  TA
J08A  -118.47  43.36  TA
J09A  -117.75  43.35  TA
J10A  -116.77  43.43  TA
J11A  -115.83  43.42  TA
J12A  -115.10  43.25  TA
J13A  -114.17  43.40  TA
J14A  -113.52  43.32  TA
J15A  -112.43  43.40  TA
J16A  -111.61  43.27  TA
J17A  -110.71  43.36  TA
J18A  -110.02  43.21  TA
J19A  -109.05  43.26  TA
J20A  -108.08  43.35  TA
J21A  -107.45  43.35  TA
J22A  -106.48  43.41  TA
J23A  -105.55  43.40  TA
J24A  -104.66  43.33  TA
J25A  -103.80  43.39  TA
J26A  -103.08  43.31  TA
J27A  -102.01  43.25  TA
J28A  -101.24  43.42  TA
J29A  -100.33  43.41  TA
J30A   -99.49  43.32  TA
J31A   -98.74  43.29  TA
J32A   -97.85  43.37  TA
J33A   -96.97  43.32  TA
J34A   -95.96  43.28  TA
J35A   -95.21  43.37  TA
J36A   -94.34  43.33  TA
J37A   -93.55  43.31  TA
J38A   -92.48  43.32  TA
J39A   -91.71  43.34  TA
J40A   -90.74  43.40  TA
J41A   -90.01  43.37  TA
K01A  -124.47  42.81  TA
K02A  -123.49  42.77  TA
K04A  -121.73  42.61  TA
K05A  -120.89  42.73  TA
K06A  -120.25  42.80  TA
K07A  -119.25  42.69  TA
K08A  -118.49  42.73  TA
K09A  -117.73  42.70  TA
K10A  -116.87  42.78  TA
K11A  -116.03  42.77  TA
K12A  -114.90  42.64  TA
K13A  -114.08  42.65  TA
K14A  -113.18  42.55  TA
K15A  -112.53  42.69  TA
K16A  -111.59  42.83  TA
K17A  -110.92  42.75  TA
K18A  -110.04  42.64  TA
K19A  -108.85  42.82  TA
K20A  -108.34  42.66  TA
K21A  -107.25  42.63  TA
K22A  -106.52  42.65  TA
K23A  -105.63  42.75  TA
K24A  -104.82  42.72  TA
K25A  -103.87  42.61  TA
K26A  -103.18  42.70  TA
K27A  -102.24  42.70  TA
K28A  -101.37  42.71  TA
K29A  -100.32  42.76  TA
K30A   -99.61  42.67  TA
K31A   -98.75  42.62  TA
K32A   -97.97  42.66  TA
K33A   -97.00  42.61  TA
K34A   -96.10  42.69  TA
K35A   -95.23  42.72  TA
K36A   -94.45  42.64  TA
K37A   -93.64  42.77  TA
K38A   -92.77  42.65  TA
K39A   -91.89  42.70  TA
K40A   -91.14  42.70  TA
K41A   -90.30  42.61  TA
KMSC   -81.33  35.14  TA
KSCO  -102.63  39.01  TA
L02A  -123.60  42.16  TA
L04A  -121.89  42.17  TA
L05A  -120.83  42.05  TA
L07A  -119.34  42.02  TA
L08A  -118.34  42.19  TA
L09A  -117.67  42.02  TA
L10A  -116.47  42.08  TA
L11A  -115.75  42.17  TA
L12A  -115.02  42.15  TA
L13A  -113.94  42.09  TA
L14A  -113.24  42.03  TA
L15A  -112.39  42.00  TA
L16A  -111.43  42.01  TA
L17A  -110.87  42.10  TA
L18A  -110.04  41.92  TA
L19A  -109.36  42.10  TA
L20A  -108.34  42.01  TA
L21A  -107.37  41.96  TA
L22A  -106.43  42.03  TA
L23A  -105.70  42.11  TA
L24A  -104.93  42.04  TA
L25A  -103.97  42.15  TA
L26A  -103.08  42.04  TA
L27A  -102.32  42.08  TA
L28A  -101.52  42.01  TA
L29A  -100.48  42.06  TA
L30A   -99.72  41.95  TA
L31A   -98.84  42.18  TA
L32A   -98.01  42.00  TA
L33A   -97.27  42.17  TA
L34A   -96.38  41.97  TA
L35A   -95.54  42.11  TA
L36A   -94.67  42.10  TA
L37A   -93.75  42.12  TA
L38A   -92.96  42.14  TA
L39A   -92.00  42.12  TA
L40A   -91.22  42.06  TA
L41A   -90.50  42.08  TA
LAVA  -120.74  38.76  TA
M01C  -124.12  41.85  TA
M02C  -122.85  41.39  TA
M03C  -122.12  41.27  TA
M04C  -121.84  41.78  TA
M05C  -121.15  41.36  TA
M06C  -120.48  41.20  TA
M07A  -119.17  41.39  TA
M08A  -118.38  41.45  TA
M09A  -117.45  41.42  TA
M10A  -116.54  41.52  TA
M11A  -115.79  41.43  TA
M12A  -114.92  41.42  TA
M13A  -114.17  41.36  TA
M14A  -113.35  41.50  TA
M15A  -112.45  41.46  TA
M16A  -111.63  41.31  TA
M17A  -110.67  41.47  TA
M18A  -110.07  41.43  TA
M19A  -109.16  41.50  TA
M20A  -108.19  41.49  TA
M21A  -107.36  41.61  TA
M22A  -106.60  41.40  TA
M23A  -105.72  41.47  TA
M24A  -104.82  41.47  TA
M25A  -104.06  41.43  TA
M26A  -103.14  41.47  TA
M27A  -102.39  41.53  TA
M28A  -101.37  41.40  TA
M29A  -100.69  41.44  TA
M30A   -99.87  41.54  TA
M31A   -98.98  41.34  TA
M33A   -97.19  41.57  TA
M34A   -96.58  41.50  TA
M35A   -95.69  41.47  TA
M36A   -94.80  41.45  TA
M37A   -94.06  41.40  TA
M38A   -93.20  41.42  TA
M39A   -92.17  41.48  TA
M40A   -91.51  41.41  TA
M41A   -90.54  41.38  TA
M42A   -89.76  41.45  TA
MDND   -99.60  47.85  TA
MSTX  -102.77  33.97  TA
N02C  -123.31  40.82  TA
N06A  -119.83  40.75  TA
N07A  -118.97  40.77  TA
N07B  -118.97  40.78  TA
N08A  -118.13  40.78  TA
N09A  -117.52  40.85  TA
N10A  -116.51  40.72  TA
N11A  -115.74  40.82  TA
N12A  -115.04  40.85  TA
N13A  -114.20  40.86  TA
N14A  -113.19  40.85  TA
N15A  -112.52  40.89  TA
N16A  -111.44  40.89  TA
N17A  -110.83  40.94  TA
N18A  -109.67  40.98  TA
N19A  -109.18  40.89  TA
N20A  -108.26  40.83  TA
N21A  -107.52  40.76  TA
N22A  -106.45  40.80  TA
N23A  -105.94  40.89  TA
N24A  -104.88  40.83  TA
N25A  -104.09  40.81  TA
N26A  -103.22  40.83  TA
N27A  -102.54  40.81  TA
N28A  -101.54  40.69  TA
N29A  -100.63  40.82  TA
N30A  -100.10  40.80  TA
N31A   -98.95  40.82  TA
N32A   -98.30  40.76  TA
N33A   -97.45  40.74  TA
N34A   -96.50  40.84  TA
N35A   -95.64  40.86  TA
N36A   -94.96  40.82  TA
N37A   -94.21  40.76  TA
N38A   -93.23  40.79  TA
N39A   -92.50  40.88  TA
N40A   -91.58  40.88  TA
N41A   -90.86  40.71  TA
N42A   -90.03  40.83  TA
O01C  -123.82  40.14  TA
O02C  -122.79  40.18  TA
O03C  -122.03  40.00  TA
O04C  -121.09  40.32  TA
O05C  -120.92  39.96  TA
O06A  -119.83  40.16  TA
O07A  -118.88  40.16  TA
O08A  -118.16  40.29  TA
O09A  -117.19  40.17  TA
O10A  -116.50  40.29  TA
O11A  -115.66  40.13  TA
O12A  -114.75  40.27  TA
O13A  -113.98  40.13  TA
O15A  -112.47  40.28  TA
O16A  -111.50  40.21  TA
O17A  -110.74  40.19  TA
O18A  -110.01  40.27  TA
O19A  -109.12  40.30  TA
O20A  -108.24  40.13  TA
O21A  -107.47  40.21  TA
O22A  -106.55  40.16  TA
O23A  -105.92  40.21  TA
O24A  -105.07  40.12  TA
O25A  -104.12  40.11  TA
O26A  -103.31  40.24  TA
O27A  -102.48  40.19  TA
O28A  -101.77  40.13  TA
O29A  -100.80  40.13  TA
O30A  -100.06  40.18  TA
O31A   -99.33  40.15  TA
O32A   -98.28  40.26  TA
O33A   -97.58  40.08  TA
O34A   -96.69  40.18  TA
O35A   -95.91  40.27  TA
O36A   -94.96  40.13  TA
O37A   -94.15  40.17  TA
O38A   -93.47  40.12  TA
O39A   -92.54  40.25  TA
O40A   -91.87  40.12  TA
O41A   -90.88  40.12  TA
O42A   -90.08  40.20  TA
O43A   -89.31  40.29  TA
P01C  -123.34  39.47  TA
P05C  -120.61  39.30  TA
P06A  -119.90  39.68  TA
P07A  -118.89  39.54  TA
P08A  -118.08  39.69  TA
P09A  -117.14  39.55  TA
P10A  -116.46  39.62  TA
P11A  -115.75  39.55  TA
P12A  -114.91  39.47  TA
P13A  -114.02  39.45  TA
P14A  -113.07  39.59  TA
P15A  -112.28  39.57  TA
P16A  -111.66  39.61  TA
P17A  -110.74  39.47  TA
P18A  -110.25  39.63  TA
P19A  -108.98  39.63  TA
P20A  -108.39  39.50  TA
P21A  -107.45  39.52  TA
P22A  -106.76  39.60  TA
P23A  -105.84  39.37  TA
P24A  -104.91  39.51  TA
P25A  -104.17  39.51  TA
P26A  -103.35  39.56  TA
P27A  -102.58  39.56  TA
P28A  -101.75  39.57  TA
P29A  -100.93  39.60  TA
P30A  -100.25  39.54  TA
P31A   -99.38  39.52  TA
P32A   -98.60  39.62  TA
P33A   -97.69  39.44  TA
P34A   -96.83  39.55  TA
P35A   -96.02  39.53  TA
P36A   -95.21  39.62  TA
P37A   -94.35  39.59  TA
P38A   -93.53  39.62  TA
P39A   -92.75  39.49  TA
P39B   -92.75  39.49  TA
P40A   -92.05  39.53  TA
P41A   -91.06  39.67  TA
P42A   -90.34  39.59  TA
P43A   -89.52  39.64  TA
P44A   -88.62  39.47  TA
Q03C  -122.01  38.63  TA
Q04C  -121.38  38.84  TA
Q07A  -118.81  38.94  TA
Q08A  -117.93  38.86  TA
Q09A  -117.18  38.83  TA
Q10A  -116.40  38.82  TA
Q11A  -115.65  38.85  TA
Q12A  -114.83  39.04  TA
Q13A  -114.02  38.96  TA
Q14A  -113.28  38.99  TA
Q15A  -112.38  39.00  TA
Q16A  -111.17  38.92  TA
Q18A  -110.13  39.10  TA
Q19A  -109.26  38.96  TA
Q20A  -108.30  38.95  TA
Q21A  -107.57  38.83  TA
Q22A  -106.91  38.86  TA
Q23A  -105.83  38.90  TA
Q24A  -105.15  38.96  TA
Q25A  -104.25  38.91  TA
Q26A  -103.52  38.92  TA
Q28A  -101.83  39.06  TA
Q29A  -100.98  38.89  TA
Q30A  -100.22  38.98  TA
Q31A   -99.39  39.00  TA
Q32A   -98.56  38.99  TA
Q33A   -97.83  39.00  TA
Q34A   -96.94  38.92  TA
Q35A   -96.04  38.86  TA
Q36A   -95.46  38.96  TA
Q37A   -94.45  38.88  TA
Q38A   -93.62  38.96  TA
Q39A   -92.98  39.05  TA
Q40A   -92.07  38.99  TA
Q41A   -91.23  38.95  TA
Q42A   -90.53  38.91  TA
Q43A   -89.70  38.94  TA
Q44A   -89.02  38.90  TA
R04C  -120.94  38.26  TA
R05C  -120.08  38.70  TA
R06C  -119.45  38.52  TA
R07C  -119.05  38.09  TA
R08A  -118.11  38.35  TA
R09A  -117.07  38.24  TA
R10A  -116.30  38.29  TA
R11A  -115.59  38.35  TA
R12A  -114.61  38.33  TA
R13A  -113.97  38.18  TA
R14A  -113.02  38.30  TA
R15A  -112.28  38.21  TA
R16A  -111.48  38.28  TA
R17A  -110.71  38.42  TA
R18A  -109.89  38.39  TA
R19A  -109.26  38.29  TA
R20A  -108.38  38.19  TA
R21A  -107.55  38.37  TA
R22A  -106.76  38.23  TA
R23A  -105.83  38.19  TA
R24A  -105.11  38.23  TA
R25A  -104.28  38.15  TA
R26A  -103.45  38.30  TA
R27A  -102.80  38.29  TA
R28A  -101.81  38.34  TA
R29A  -101.14  38.42  TA
R30A  -100.28  38.28  TA
R31A   -99.53  38.29  TA
R32A   -98.71  38.42  TA
R33A   -97.98  38.31  TA
R34A   -97.25  38.30  TA
R35A   -96.20  38.32  TA
R36A   -95.50  38.32  TA
R37A   -94.83  38.31  TA
R38A   -93.91  38.19  TA
R39A   -93.04  38.31  TA
R40A   -92.27  38.29  TA
R41A   -91.38  38.30  TA
R42A   -90.79  38.28  TA
R43A   -89.93  38.28  TA
R44A   -89.08  38.25  TA
S04C  -121.33  37.50  TA
S05C  -120.33  37.35  TA
S06C  -119.85  37.88  TA
S08C  -118.17  37.50  TA
S09A  -117.22  37.72  TA
S10A  -116.59  37.92  TA
S11A  -115.75  37.64  TA
S12A  -114.85  37.61  TA
S13A  -113.86  37.58  TA
S14A  -113.17  37.76  TA
S15A  -112.36  37.68  TA
S16A  -111.60  37.72  TA
S17A  -110.80  37.64  TA
S18A  -109.99  37.69  TA
S19A  -109.14  37.75  TA
S20A  -108.36  37.83  TA
S21A  -107.79  37.66  TA
S22A  -106.83  37.75  TA
S23A  -106.00  37.71  TA
S24A  -105.21  37.64  TA
S25A  -104.43  37.66  TA
S26A  -103.47  37.62  TA
S27A  -102.90  37.68  TA
S28A  -101.90  37.59  TA
S29A  -101.12  37.62  TA
S30A  -100.46  37.64  TA
S31A   -99.48  37.62  TA
S32A   -98.94  37.70  TA
S33A   -98.00  37.59  TA
S34A   -97.11  37.70  TA
S35A   -96.32  37.68  TA
S36A   -95.59  37.72  TA
S37A   -94.83  37.76  TA
S38A   -93.91  37.63  TA
S39A   -93.32  37.69  TA
S40A   -92.50  37.60  TA
S41A   -91.75  37.59  TA
S42A   -90.79  37.77  TA
S43A   -90.08  37.57  TA
S44A   -89.26  37.69  TA
S45A   -88.58  37.68  TA
SFIN   -87.10  40.38  TA
SPMN   -92.80  45.22  TA
SUSD   -98.96  44.44  TA
SUTB  -121.79  39.23  TA
T05C  -120.67  36.90  TA
T06C  -119.71  37.01  TA
T11A  -115.22  37.24  TA
T12A  -114.71  36.73  TA
T13A  -113.91  37.02  TA
T14A  -113.08  37.06  TA
T15A  -112.38  37.02  TA
T16A  -111.51  36.98  TA
T17A  -110.80  37.00  TA
T18A  -109.87  37.14  TA
T19A  -109.02  36.83  TA
T21A  -107.53  36.99  TA
T22A  -106.90  37.01  TA
T23A  -106.04  37.04  TA
T24A  -105.05  37.07  TA
T24B  -105.38  37.06  TA
T25A  -104.41  37.14  TA
T26A  -103.59  37.17  TA
T27A  -102.72  37.06  TA
T28A  -102.11  37.12  TA
T29A  -101.29  37.16  TA
T30A  -100.53  37.05  TA
T31A   -99.68  37.10  TA
T32A   -98.92  37.18  TA
T33A   -98.24  37.08  TA
T34A   -97.19  37.02  TA
T35A   -96.51  36.92  TA
T36A   -95.88  37.06  TA
T37A   -94.92  37.12  TA
T38A   -94.29  37.04  TA
T39A   -93.38  37.02  TA
T40A   -92.52  37.15  TA
T41A   -91.76  37.04  TA
T42A   -91.09  37.03  TA
T43A   -90.29  37.08  TA
T44A   -89.59  37.09  TA
TIGA   -83.59  31.44  TA
TOLK  -149.57  68.64  TA
TPFO  -116.45  33.61  TA
TUL1   -95.79  35.91  TA
U04C  -120.78  36.36  TA
U05C  -120.12  36.34  TA
U10A  -116.33  36.42  TA
U11A  -115.38  36.42  TA
U12A  -114.54  36.43  TA
U13A  -113.97  36.42  TA
U14A  -113.18  36.42  TA
U15A  -112.29  36.43  TA
U16A  -111.13  36.14  TA
U17A  -110.66  36.60  TA
U18A  -109.87  36.42  TA
U19A  -109.21  36.29  TA
U20A  -108.52  36.38  TA
U21A  -107.66  36.43  TA
U22A  -106.85  36.38  TA
U23A  -106.19  36.33  TA
U24A  -105.28  36.41  TA
U25A  -104.41  36.40  TA
U26A  -103.74  36.39  TA
U27A  -102.82  36.42  TA
U28A  -102.22  36.38  TA
U29A  -101.27  36.45  TA
U30A  -100.65  36.53  TA
U31A   -99.85  36.37  TA
U32A   -99.00  36.38  TA
U33A   -98.11  36.43  TA
U34A   -97.54  36.44  TA
U35A   -96.73  36.37  TA
U36A   -95.73  36.39  TA
U37A   -95.12  36.41  TA
U38A   -94.39  36.44  TA
U39A   -93.48  36.38  TA
U40A   -92.85  36.36  TA
U41A   -91.92  36.34  TA
U42A   -91.24  36.35  TA
U43A   -90.41  36.37  TA
U44A   -89.69  36.50  TA
U44B   -89.35  36.34  TA
U45A   -88.76  36.35  TA
V03C  -121.24  36.02  TA
V04C  -120.87  35.64  TA
V05C  -119.90  35.87  TA
V11A  -115.43  35.84  TA
V12A  -114.85  35.73  TA
V13A  -113.98  35.85  TA
V14A  -113.11  35.63  TA
V15A  -112.17  35.82  TA
V17A  -110.79  35.62  TA
V18A  -109.93  35.71  TA
V19A  -109.05  35.71  TA
V20A  -108.47  35.80  TA
V21A  -107.64  35.81  TA
V22A  -106.91  35.91  TA
V23A  -106.18  35.75  TA
V24A  -105.27  35.73  TA
V25A  -104.62  35.84  TA
V26A  -103.79  35.80  TA
V27A  -102.84  35.76  TA
V28A  -102.22  35.75  TA
V29A  -101.52  35.87  TA
V30A  -100.69  35.76  TA
V31A   -99.84  35.77  TA
V32A   -99.04  35.72  TA
V33A   -98.29  35.82  TA
V34A   -97.52  35.83  TA
V35A   -96.84  35.76  TA
V36A   -95.94  35.79  TA
V37A   -95.14  35.88  TA
V38A   -94.41  35.86  TA
V39A   -93.64  35.84  TA
V40A   -92.82  35.80  TA
V41A   -92.16  35.79  TA
V42A   -91.39  35.81  TA
V43A   -90.54  35.79  TA
V44A   -89.90  35.83  TA
V45A   -88.96  35.74  TA
W12A  -114.87  35.30  TA
W13A  -113.89  35.10  TA
W14A  -113.08  35.21  TA
W15A  -112.27  35.18  TA
W16A  -111.53  35.10  TA
W17A  -110.71  35.08  TA
W18A  -109.74  35.12  TA
W19A  -109.39  35.11  TA
W20A  -108.50  35.13  TA
W21A  -107.65  35.12  TA
W22A  -106.87  35.07  TA
W23A  -106.15  35.16  TA
W24A  -105.41  35.21  TA
W25A  -104.46  35.22  TA
W26A  -103.77  35.09  TA
W27A  -103.06  35.06  TA
W28A  -102.21  35.26  TA
W29A  -101.65  35.12  TA
W30A  -100.58  35.18  TA
W31A   -99.94  35.19  TA
W32A   -99.25  35.12  TA
W33A   -98.47  35.15  TA
W34A   -97.77  35.24  TA
W35A   -96.87  35.15  TA
W36A   -96.23  35.14  TA
W37A   -95.43  35.14  TA
W37B   -95.43  35.14  TA
W38A   -94.52  35.07  TA
W39A   -93.78  35.20  TA
W40A   -93.07  35.19  TA
W41A   -92.25  35.17  TA
W41B   -92.25  35.17  TA
W42A   -91.52  35.27  TA
W43A   -90.71  35.09  TA
W44A   -89.82  35.14  TA
W45A   -89.19  35.16  TA
WHTX   -97.46  31.99  TA
X13A  -113.83  34.59  TA
X14A  -112.89  34.47  TA
X15A  -112.24  34.49  TA
X16A  -111.44  34.42  TA
X17A  -110.81  34.34  TA
X18A  -109.95  34.53  TA
X19A  -109.29  34.43  TA
X20A  -108.50  34.54  TA
X21A  -107.79  34.45  TA
X22A  -107.01  34.51  TA
X23A  -106.19  34.58  TA
X24A  -105.43  34.56  TA
X25A  -104.66  34.53  TA
X26A  -103.81  34.55  TA
X27A  -103.10  34.65  TA
X28A  -102.20  34.52  TA
X29A  -101.70  34.45  TA
X30A  -100.87  34.45  TA
X31A   -99.98  34.63  TA
X32A   -99.29  34.42  TA
X33A   -98.50  34.54  TA
X34A   -97.83  34.60  TA
X35A   -96.97  34.40  TA
X36A   -96.35  34.57  TA
X37A   -95.37  34.59  TA
X38A   -94.83  34.67  TA
X39A   -94.11  34.51  TA
X40A   -92.83  34.49  TA
X41A   -92.51  34.49  TA
X42A   -91.63  34.55  TA
X43A   -90.88  34.52  TA
X44A   -90.15  34.50  TA
X45A   -89.39  34.42  TA
Y12C  -114.52  33.75  TA
Y13A  -113.83  33.81  TA
Y14A  -113.00  33.94  TA
Y15A  -112.33  33.95  TA
Y16A  -111.48  33.88  TA
Y17A  -110.84  33.70  TA
Y18A  -110.03  33.78  TA
Y19A  -109.25  33.96  TA
Y20A  -108.38  33.91  TA
Y21A  -107.67  34.01  TA
Y22A  -106.97  33.94  TA
Y22C  -106.92  34.07  TA
Y22D  -106.92  34.07  TA
Y23A  -106.05  33.93  TA
Y24A  -105.44  33.93  TA
Y25A  -104.69  33.92  TA
Y26A  -103.82  33.92  TA
Y27A  -103.16  33.88  TA
Y28A  -102.25  33.91  TA
Y29A  -101.67  33.86  TA
Y30A  -100.90  33.88  TA
Y31A  -100.26  33.96  TA
Y32A   -99.44  34.00  TA
Y33A   -98.63  34.01  TA
Y34A   -97.76  33.96  TA
Y35A   -97.04  33.91  TA
Y36A   -96.28  33.90  TA
Y37A   -95.62  33.98  TA
Y38A   -94.73  33.93  TA
Y39A   -94.09  33.94  TA
Y40A   -93.28  34.01  TA
Y41A   -92.61  33.88  TA
Y42A   -91.79  33.84  TA
Y43A   -90.93  33.91  TA
Y44A   -90.21  33.96  TA
Y45A   -89.54  33.87  TA
Y46A   -88.86  33.88  TA
Y47A   -87.85  33.90  TA
Z13A  -113.66  33.20  TA
Z14A  -112.95  33.36  TA
Z15A  -112.16  33.29  TA
Z16A  -111.43  33.34  TA
Z17A  -110.47  33.30  TA
Z18A  -110.04  33.09  TA
Z19A  -109.27  33.29  TA
Z20A  -108.59  33.11  TA
Z21A  -107.67  33.31  TA
Z22A  -106.96  33.26  TA
Z23A  -106.23  33.26  TA
Z24A  -105.36  33.33  TA
Z25A  -104.72  33.28  TA
Z26A  -103.98  33.27  TA
Z27A  -103.21  33.31  TA
Z28A  -102.39  33.29  TA
Z29A  -101.71  33.26  TA
Z30A  -101.13  33.29  TA
Z31A  -100.14  33.32  TA
Z32A   -99.48  33.31  TA
Z33A   -98.76  33.29  TA
Z34A   -97.92  33.37  TA
Z35A   -97.25  33.33  TA
Z36A   -96.43  33.27  TA
Z37A   -95.62  33.20  TA
Z38A   -94.99  33.25  TA
Z39A   -94.18  33.24  TA
Z40A   -93.40  33.26  TA
Z41A   -92.80  33.26  TA
Z42A   -91.95  33.27  TA
Z43A   -91.24  33.21  TA
Z44A   -90.43  33.28  TA
Z45A   -89.69  33.37  TA
Z46A   -88.94  33.19  TA
Z47A   -88.07  33.20  TA
Z48A   -87.56  33.38  TA
