This file contains any messages produced by compilers while
running configure, to aid debugging if configure makes a mistake.

It was created by mineos configure 1.0.2, which was
generated by GNU Autoconf 2.67.  Invocation command line was

  $ ./configure 

## --------- ##
## Platform. ##
## --------- ##

hostname = login04.rc.colorado.edu
uname -m = x86_64
uname -r = 2.6.32-431.5.1.el6.x86_64
uname -s = Linux
uname -v = #1 SMP Fri Jan 10 14:46:43 EST 2014

/usr/bin/uname -p = unknown
/bin/uname -X     = unknown

/bin/arch              = x86_64
/usr/bin/arch -k       = unknown
/usr/convex/getsysinfo = unknown
/usr/bin/hostinfo      = unknown
/bin/machine           = unknown
/usr/bin/oslevel       = unknown
/bin/universe          = unknown

PATH: /home/jixi7887/progs/jy/PROGRAMS.330/bin
PATH: .
PATH: /home/wshen/bin
PATH: /home/wshen/local/bin
PATH: /home/wshen/my_code/CC
PATH: /home/wshen/local
PATH: /home/wshen/my_code/GMT/GMT4.5.9/bin
PATH: /home/wshen/my_code/GMT/sac/bin
PATH: /home/wshen/my_code/rdseed/rdseedv5.3.1
PATH: /home/jixi7887/progs/jy/Mineos/Mineos-Linux64-1_0_2
PATH: /curc/slurm/slurm/current/bin
PATH: /curc/tools/x_86_64/rh6/anaconda/1.6.1/bin
PATH: /curc/tools/x_86_64/rh6/gcc/4.8.0/bin
PATH: /curc/tools/x_86_64/rh6/openmpi/1.6.4/intel/13.0.0/torque/4.1.4/ib/bin
PATH: /curc/tools/x_86_64/rh6/intel/13.0.0/composer_xe_2013.0.079/bin/intel64
PATH: /curc/tools/x_86_64/rh6/jdk/1.7.0_17/bin
PATH: /curc/tools/x_86_64/rh6/jdk/1.7.0_17
PATH: /curc/tools/nonfree/redhat_6_x86_64/moab-7.2.2/bin
PATH: /curc/tools/free/redhat_6_x86_64/torque-4.2.3/bin
PATH: /usr/local/bin
PATH: /bin
PATH: /usr/bin
PATH: /usr/local/sbin
PATH: /usr/sbin
PATH: /sbin
PATH: /home/wshen/my_code/GMT/zlib1/zlib-1.2.8
PATH: /home/wshen/bin
PATH: /home/wshen/local/bin
PATH: /home/wshen/my_code/CC
PATH: /home/wshen/local
PATH: /home/wshen/my_code/GMT/GMT4.5.9
PATH: /bin
PATH: /home/wshen/my_code/GMT/sac/bin
PATH: /home/wshen/my_code/rdseed/rdseedv5.3.1
PATH: /home/jixi7887/Tool/package/boost_1_54_0
PATH: /home/jixi7887/progs/jy/PROGRAMS.330/bin


## ----------- ##
## Core tests. ##
## ----------- ##

configure:1891: checking for a BSD-compatible install
configure:1959: result: /usr/bin/install -c
configure:1970: checking whether build environment is sane
configure:2020: result: yes
configure:2161: checking for a thread-safe mkdir -p
configure:2200: result: /bin/mkdir -p
configure:2213: checking for gawk
configure:2229: found /bin/gawk
configure:2240: result: gawk
configure:2251: checking whether make sets $(MAKE)
configure:2273: result: yes
configure:2461: checking for Fortran 77 compiler version
configure:2470: gfortran --version >&5
GNU Fortran (GCC) 4.8.0
Copyright (C) 2013 Free Software Foundation, Inc.

GNU Fortran comes with NO WARRANTY, to the extent permitted by law.
You may redistribute copies of GNU Fortran
under the terms of the GNU General Public License.
For more information about these matters, see the file named COPYING

configure:2481: $? = 0
configure:2470: gfortran -v >&5
Using built-in specs.
COLLECT_GCC=gfortran
COLLECT_LTO_WRAPPER=/curc/tools/x_86_64/rh6/gcc/4.8.0/libexec/gcc/x86_64-unknown-linux-gnu/4.8.0/lto-wrapper
Target: x86_64-unknown-linux-gnu
Configured with: ../configure --prefix=/curc/tools/x_86_64/rh6/gcc/4.8.0/ --enable-languages=c,c++,fortran --enable-shared --enable-threads=posix --disable-multilib
Thread model: posix
gcc version 4.8.0 (GCC) 
configure:2481: $? = 0
configure:2470: gfortran -V >&5
gfortran: error: unrecognized command line option '-V'
gfortran: fatal error: no input files
compilation terminated.
configure:2481: $? = 1
configure:2470: gfortran -qversion >&5
gfortran: error: unrecognized command line option '-qversion'
gfortran: fatal error: no input files
compilation terminated.
configure:2481: $? = 1
configure:2496: checking whether the Fortran 77 compiler works
configure:2518: gfortran   conftest.f  >&5
configure:2522: $? = 0
configure:2570: result: yes
configure:2573: checking for Fortran 77 compiler default output file name
configure:2575: result: a.out
configure:2581: checking for suffix of executables
configure:2588: gfortran -o conftest   conftest.f  >&5
configure:2592: $? = 0
configure:2614: result: 
configure:2630: checking whether we are cross compiling
configure:2638: gfortran -o conftest   conftest.f  >&5
configure:2642: $? = 0
configure:2649: ./conftest
configure:2653: $? = 0
configure:2668: result: no
configure:2673: checking for suffix of object files
configure:2689: gfortran -c  conftest.f >&5
configure:2693: $? = 0
configure:2714: result: o
configure:2722: checking whether we are using the GNU Fortran 77 compiler
configure:2735: gfortran -c  conftest.F >&5
configure:2735: $? = 0
configure:2744: result: yes
configure:2750: checking whether gfortran accepts -g
configure:2761: gfortran -c -g conftest.f >&5
configure:2761: $? = 0
configure:2769: result: yes
configure:2846: checking for gcc
configure:2873: result: gcc
configure:3102: checking for C compiler version
configure:3111: gcc --version >&5
gcc (GCC) 4.8.0
Copyright (C) 2013 Free Software Foundation, Inc.
This is free software; see the source for copying conditions.  There is NO
warranty; not even for MERCHANTABILITY or FITNESS FOR A PARTICULAR PURPOSE.

configure:3122: $? = 0
configure:3111: gcc -v >&5
Using built-in specs.
COLLECT_GCC=gcc
COLLECT_LTO_WRAPPER=/curc/tools/x_86_64/rh6/gcc/4.8.0/libexec/gcc/x86_64-unknown-linux-gnu/4.8.0/lto-wrapper
Target: x86_64-unknown-linux-gnu
Configured with: ../configure --prefix=/curc/tools/x_86_64/rh6/gcc/4.8.0/ --enable-languages=c,c++,fortran --enable-shared --enable-threads=posix --disable-multilib
Thread model: posix
gcc version 4.8.0 (GCC) 
configure:3122: $? = 0
configure:3111: gcc -V >&5
gcc: error: unrecognized command line option '-V'
gcc: fatal error: no input files
compilation terminated.
configure:3122: $? = 1
configure:3111: gcc -qversion >&5
gcc: error: unrecognized command line option '-qversion'
gcc: fatal error: no input files
compilation terminated.
configure:3122: $? = 1
configure:3126: checking whether we are using the GNU C compiler
configure:3145: gcc -c   conftest.c >&5
configure:3145: $? = 0
configure:3154: result: yes
configure:3163: checking whether gcc accepts -g
configure:3183: gcc -c -g  conftest.c >&5
configure:3183: $? = 0
configure:3224: result: yes
configure:3241: checking for gcc option to accept ISO C89
configure:3305: gcc  -c -g -O2  conftest.c >&5
configure:3305: $? = 0
configure:3318: result: none needed
configure:3349: checking for style of include used by make
configure:3377: result: GNU
configure:3402: checking dependency style of gcc
configure:3512: result: gcc3
configure:3532: checking how to get verbose linking output from gfortran
configure:3542: gfortran -c -g -O2 conftest.f >&5
configure:3542: $? = 0
configure:3560: gfortran -o conftest -g -O2 -v conftest.f
Using built-in specs.
Target: x86_64-unknown-linux-gnu
Configured with: ../configure --prefix=/curc/tools/x_86_64/rh6/gcc/4.8.0/ --enable-languages=c,c++,fortran --enable-shared --enable-threads=posix --disable-multilib
Thread model: posix
gcc version 4.8.0 (GCC) 
 /curc/tools/x_86_64/rh6/gcc/4.8.0/libexec/gcc/x86_64-unknown-linux-gnu/4.8.0/f951 conftest.f -ffixed-form -quiet -dumpbase conftest.f -mtune=generic -march=x86-64 -auxbase conftest -g -O2 -version -fintrinsic-modules-path /curc/tools/x_86_64/rh6/gcc/4.8.0/lib/gcc/x86_64-unknown-linux-gnu/4.8.0/finclude -o /tmp/ccCSWVgh.s
GNU Fortran (GCC) version 4.8.0 (x86_64-unknown-linux-gnu)
	compiled by GNU C version 4.8.0, GMP version 4.3.2, MPFR version 2.4.2, MPC version 0.8.1
GGC heuristics: --param ggc-min-expand=100 --param ggc-min-heapsize=131072
GNU Fortran (GCC) version 4.8.0 (x86_64-unknown-linux-gnu)
	compiled by GNU C version 4.8.0, GMP version 4.3.2, MPFR version 2.4.2, MPC version 0.8.1
GGC heuristics: --param ggc-min-expand=100 --param ggc-min-heapsize=131072
 as -v --64 -o /tmp/ccdSjI34.o /tmp/ccCSWVgh.s
GNU assembler version 2.20.51.0.2 (x86_64-redhat-linux) using BFD version version 2.20.51.0.2-5.36.el6 20100205
Reading specs from /curc/tools/x_86_64/rh6/gcc/4.8.0/lib64/../lib64/libgfortran.spec
rename spec lib to liborig
 /curc/tools/x_86_64/rh6/gcc/4.8.0/libexec/gcc/x86_64-unknown-linux-gnu/4.8.0/collect2 --eh-frame-hdr -m elf_x86_64 -dynamic-linker /lib64/ld-linux-x86-64.so.2 -o conftest /usr/lib/../lib64/crt1.o /usr/lib/../lib64/crti.o /curc/tools/x_86_64/rh6/gcc/4.8.0/lib/gcc/x86_64-unknown-linux-gnu/4.8.0/crtbegin.o -L/curc/tools/x_86_64/rh6/gcc/4.8.0/lib64/../lib64 -L/curc/tools/x_86_64/rh6/gcc/4.8.0/lib/../lib64 -L/curc/tools/x_86_64/rh6/gcc/4.8.0/lib/gcc/x86_64-unknown-linux-gnu/4.8.0 -L/curc/tools/x_86_64/rh6/gcc/4.8.0/lib/gcc/x86_64-unknown-linux-gnu/4.8.0/../../../../lib64 -L/lib/../lib64 -L/usr/lib/../lib64 -L/curc/tools/x_86_64/rh6/gcc/4.8.0/lib64 -L/curc/tools/x_86_64/rh6/gcc/4.8.0/lib -L/curc/tools/x_86_64/rh6/openmpi/1.6.4/intel/13.0.0/torque/4.1.4/ib/lib -L/curc/tools/x_86_64/rh6/intel/13.0.0/composer_xe_2013.0.079/mkl/lib/intel64 -L/curc/tools/x_86_64/rh6/intel/13.0.0/composer_xe_2013.0.079/compiler/lib/intel64 -L/curc/tools/x_86_64/rh6/jdk/1.7.0_17/lib -L/curc/tools/x_86_64/rh6/gcc/4.8.0/lib/gcc/x86_64-unknown-linux-gnu/4.8.0/../../.. /tmp/ccdSjI34.o -lgfortran -lm -lgcc_s -lgcc -lquadmath -lm -lgcc_s -lgcc -lc -lgcc_s -lgcc /curc/tools/x_86_64/rh6/gcc/4.8.0/lib/gcc/x86_64-unknown-linux-gnu/4.8.0/crtend.o /usr/lib/../lib64/crtn.o
configure:3625: result: -v
configure:3627: checking for Fortran 77 libraries of gfortran
configure:3650: gfortran -o conftest -g -O2 -v conftest.f
Using built-in specs.
Target: x86_64-unknown-linux-gnu
Configured with: ../configure --prefix=/curc/tools/x_86_64/rh6/gcc/4.8.0/ --enable-languages=c,c++,fortran --enable-shared --enable-threads=posix --disable-multilib
Thread model: posix
gcc version 4.8.0 (GCC) 
 /curc/tools/x_86_64/rh6/gcc/4.8.0/libexec/gcc/x86_64-unknown-linux-gnu/4.8.0/f951 conftest.f -ffixed-form -quiet -dumpbase conftest.f -mtune=generic -march=x86-64 -auxbase conftest -g -O2 -version -fintrinsic-modules-path /curc/tools/x_86_64/rh6/gcc/4.8.0/lib/gcc/x86_64-unknown-linux-gnu/4.8.0/finclude -o /tmp/ccRGWc8u.s
GNU Fortran (GCC) version 4.8.0 (x86_64-unknown-linux-gnu)
	compiled by GNU C version 4.8.0, GMP version 4.3.2, MPFR version 2.4.2, MPC version 0.8.1
GGC heuristics: --param ggc-min-expand=100 --param ggc-min-heapsize=131072
GNU Fortran (GCC) version 4.8.0 (x86_64-unknown-linux-gnu)
	compiled by GNU C version 4.8.0, GMP version 4.3.2, MPFR version 2.4.2, MPC version 0.8.1
GGC heuristics: --param ggc-min-expand=100 --param ggc-min-heapsize=131072
 as -v --64 -o /tmp/ccvIL4lj.o /tmp/ccRGWc8u.s
GNU assembler version 2.20.51.0.2 (x86_64-redhat-linux) using BFD version version 2.20.51.0.2-5.36.el6 20100205
Reading specs from /curc/tools/x_86_64/rh6/gcc/4.8.0/lib64/../lib64/libgfortran.spec
rename spec lib to liborig
 /curc/tools/x_86_64/rh6/gcc/4.8.0/libexec/gcc/x86_64-unknown-linux-gnu/4.8.0/collect2 --eh-frame-hdr -m elf_x86_64 -dynamic-linker /lib64/ld-linux-x86-64.so.2 -o conftest /usr/lib/../lib64/crt1.o /usr/lib/../lib64/crti.o /curc/tools/x_86_64/rh6/gcc/4.8.0/lib/gcc/x86_64-unknown-linux-gnu/4.8.0/crtbegin.o -L/curc/tools/x_86_64/rh6/gcc/4.8.0/lib64/../lib64 -L/curc/tools/x_86_64/rh6/gcc/4.8.0/lib/../lib64 -L/curc/tools/x_86_64/rh6/gcc/4.8.0/lib/gcc/x86_64-unknown-linux-gnu/4.8.0 -L/curc/tools/x_86_64/rh6/gcc/4.8.0/lib/gcc/x86_64-unknown-linux-gnu/4.8.0/../../../../lib64 -L/lib/../lib64 -L/usr/lib/../lib64 -L/curc/tools/x_86_64/rh6/gcc/4.8.0/lib64 -L/curc/tools/x_86_64/rh6/gcc/4.8.0/lib -L/curc/tools/x_86_64/rh6/openmpi/1.6.4/intel/13.0.0/torque/4.1.4/ib/lib -L/curc/tools/x_86_64/rh6/intel/13.0.0/composer_xe_2013.0.079/mkl/lib/intel64 -L/curc/tools/x_86_64/rh6/intel/13.0.0/composer_xe_2013.0.079/compiler/lib/intel64 -L/curc/tools/x_86_64/rh6/jdk/1.7.0_17/lib -L/curc/tools/x_86_64/rh6/gcc/4.8.0/lib/gcc/x86_64-unknown-linux-gnu/4.8.0/../../.. /tmp/ccvIL4lj.o -lgfortran -lm -lgcc_s -lgcc -lquadmath -lm -lgcc_s -lgcc -lc -lgcc_s -lgcc /curc/tools/x_86_64/rh6/gcc/4.8.0/lib/gcc/x86_64-unknown-linux-gnu/4.8.0/crtend.o /usr/lib/../lib64/crtn.o
configure:3824: result:  -L/curc/tools/x_86_64/rh6/gcc/4.8.0/lib64/../lib64 -L/curc/tools/x_86_64/rh6/gcc/4.8.0/lib/../lib64 -L/curc/tools/x_86_64/rh6/gcc/4.8.0/lib/gcc/x86_64-unknown-linux-gnu/4.8.0 -L/curc/tools/x_86_64/rh6/gcc/4.8.0/lib/gcc/x86_64-unknown-linux-gnu/4.8.0/../../../../lib64 -L/lib/../lib64 -L/usr/lib/../lib64 -L/curc/tools/x_86_64/rh6/gcc/4.8.0/lib64 -L/curc/tools/x_86_64/rh6/gcc/4.8.0/lib -L/curc/tools/x_86_64/rh6/openmpi/1.6.4/intel/13.0.0/torque/4.1.4/ib/lib -L/curc/tools/x_86_64/rh6/intel/13.0.0/composer_xe_2013.0.079/mkl/lib/intel64 -L/curc/tools/x_86_64/rh6/intel/13.0.0/composer_xe_2013.0.079/compiler/lib/intel64 -L/curc/tools/x_86_64/rh6/jdk/1.7.0_17/lib -L/curc/tools/x_86_64/rh6/gcc/4.8.0/lib/gcc/x86_64-unknown-linux-gnu/4.8.0/../../.. -lgfortran -lm -lquadmath
configure:3841: checking for dummy main to link with Fortran 77 libraries
configure:3875: gcc -o conftest -g -O2   conftest.c   -L/curc/tools/x_86_64/rh6/gcc/4.8.0/lib64/../lib64 -L/curc/tools/x_86_64/rh6/gcc/4.8.0/lib/../lib64 -L/curc/tools/x_86_64/rh6/gcc/4.8.0/lib/gcc/x86_64-unknown-linux-gnu/4.8.0 -L/curc/tools/x_86_64/rh6/gcc/4.8.0/lib/gcc/x86_64-unknown-linux-gnu/4.8.0/../../../../lib64 -L/lib/../lib64 -L/usr/lib/../lib64 -L/curc/tools/x_86_64/rh6/gcc/4.8.0/lib64 -L/curc/tools/x_86_64/rh6/gcc/4.8.0/lib -L/curc/tools/x_86_64/rh6/openmpi/1.6.4/intel/13.0.0/torque/4.1.4/ib/lib -L/curc/tools/x_86_64/rh6/intel/13.0.0/composer_xe_2013.0.079/mkl/lib/intel64 -L/curc/tools/x_86_64/rh6/intel/13.0.0/composer_xe_2013.0.079/compiler/lib/intel64 -L/curc/tools/x_86_64/rh6/jdk/1.7.0_17/lib -L/curc/tools/x_86_64/rh6/gcc/4.8.0/lib/gcc/x86_64-unknown-linux-gnu/4.8.0/../../.. -lgfortran -lm -lquadmath >&5
configure:3875: $? = 0
configure:3920: result: none
configure:3953: checking for Fortran 77 name-mangling scheme
configure:3966: gfortran -c -g -O2 conftest.f >&5
configure:3966: $? = 0
configure:4007: gcc -o conftest -g -O2   conftest.c cfortran_test.o   -L/curc/tools/x_86_64/rh6/gcc/4.8.0/lib64/../lib64 -L/curc/tools/x_86_64/rh6/gcc/4.8.0/lib/../lib64 -L/curc/tools/x_86_64/rh6/gcc/4.8.0/lib/gcc/x86_64-unknown-linux-gnu/4.8.0 -L/curc/tools/x_86_64/rh6/gcc/4.8.0/lib/gcc/x86_64-unknown-linux-gnu/4.8.0/../../../../lib64 -L/lib/../lib64 -L/usr/lib/../lib64 -L/curc/tools/x_86_64/rh6/gcc/4.8.0/lib64 -L/curc/tools/x_86_64/rh6/gcc/4.8.0/lib -L/curc/tools/x_86_64/rh6/openmpi/1.6.4/intel/13.0.0/torque/4.1.4/ib/lib -L/curc/tools/x_86_64/rh6/intel/13.0.0/composer_xe_2013.0.079/mkl/lib/intel64 -L/curc/tools/x_86_64/rh6/intel/13.0.0/composer_xe_2013.0.079/compiler/lib/intel64 -L/curc/tools/x_86_64/rh6/jdk/1.7.0_17/lib -L/curc/tools/x_86_64/rh6/gcc/4.8.0/lib/gcc/x86_64-unknown-linux-gnu/4.8.0/../../.. -lgfortran -lm -lquadmath >&5
/tmp/ccafAqDV.o: In function `main':
/home/jixi7887/progs/jy/Mineos/mineos-1.0.2_HV/conftest.c:30: undefined reference to `foobar'
collect2: error: ld returned 1 exit status
configure:4007: $? = 1
configure: failed program was:
| /* confdefs.h */
| #define PACKAGE_NAME "mineos"
| #define PACKAGE_TARNAME "mineos"
| #define PACKAGE_VERSION "1.0.2"
| #define PACKAGE_STRING "mineos 1.0.2"
| #define PACKAGE_BUGREPORT "cig-seismo@geodynamics.org"
| #define PACKAGE_URL ""
| #define PACKAGE "mineos"
| #define VERSION "1.0.2"
| /* end confdefs.h.  */
| 
| /* Override any GCC internal prototype to avoid an error.
|    Use char because int might match the return type of a GCC
|    builtin and then its argument prototype would still apply.  */
| #ifdef __cplusplus
| extern "C"
| #endif
| char foobar ();
| #ifdef F77_DUMMY_MAIN
| 
| #  ifdef __cplusplus
|      extern "C"
| #  endif
|    int F77_DUMMY_MAIN() { return 1; }
| 
| #endif
| int
| main ()
| {
| return foobar ();
|   ;
|   return 0;
| }
configure:4007: gcc -o conftest -g -O2   conftest.c cfortran_test.o   -L/curc/tools/x_86_64/rh6/gcc/4.8.0/lib64/../lib64 -L/curc/tools/x_86_64/rh6/gcc/4.8.0/lib/../lib64 -L/curc/tools/x_86_64/rh6/gcc/4.8.0/lib/gcc/x86_64-unknown-linux-gnu/4.8.0 -L/curc/tools/x_86_64/rh6/gcc/4.8.0/lib/gcc/x86_64-unknown-linux-gnu/4.8.0/../../../../lib64 -L/lib/../lib64 -L/usr/lib/../lib64 -L/curc/tools/x_86_64/rh6/gcc/4.8.0/lib64 -L/curc/tools/x_86_64/rh6/gcc/4.8.0/lib -L/curc/tools/x_86_64/rh6/openmpi/1.6.4/intel/13.0.0/torque/4.1.4/ib/lib -L/curc/tools/x_86_64/rh6/intel/13.0.0/composer_xe_2013.0.079/mkl/lib/intel64 -L/curc/tools/x_86_64/rh6/intel/13.0.0/composer_xe_2013.0.079/compiler/lib/intel64 -L/curc/tools/x_86_64/rh6/jdk/1.7.0_17/lib -L/curc/tools/x_86_64/rh6/gcc/4.8.0/lib/gcc/x86_64-unknown-linux-gnu/4.8.0/../../.. -lgfortran -lm -lquadmath >&5
configure:4007: $? = 0
configure:4065: gcc -o conftest -g -O2   conftest.c cfortran_test.o   -L/curc/tools/x_86_64/rh6/gcc/4.8.0/lib64/../lib64 -L/curc/tools/x_86_64/rh6/gcc/4.8.0/lib/../lib64 -L/curc/tools/x_86_64/rh6/gcc/4.8.0/lib/gcc/x86_64-unknown-linux-gnu/4.8.0 -L/curc/tools/x_86_64/rh6/gcc/4.8.0/lib/gcc/x86_64-unknown-linux-gnu/4.8.0/../../../../lib64 -L/lib/../lib64 -L/usr/lib/../lib64 -L/curc/tools/x_86_64/rh6/gcc/4.8.0/lib64 -L/curc/tools/x_86_64/rh6/gcc/4.8.0/lib -L/curc/tools/x_86_64/rh6/openmpi/1.6.4/intel/13.0.0/torque/4.1.4/ib/lib -L/curc/tools/x_86_64/rh6/intel/13.0.0/composer_xe_2013.0.079/mkl/lib/intel64 -L/curc/tools/x_86_64/rh6/intel/13.0.0/composer_xe_2013.0.079/compiler/lib/intel64 -L/curc/tools/x_86_64/rh6/jdk/1.7.0_17/lib -L/curc/tools/x_86_64/rh6/gcc/4.8.0/lib/gcc/x86_64-unknown-linux-gnu/4.8.0/../../.. -lgfortran -lm -lquadmath >&5
configure:4065: $? = 0
configure:4107: result: lower case, underscore, no extra underscore
configure:4303: creating ./config.status

## ---------------------- ##
## Running config.status. ##
## ---------------------- ##

This file was extended by mineos config.status 1.0.2, which was
generated by GNU Autoconf 2.67.  Invocation command line was

  CONFIG_FILES    = 
  CONFIG_HEADERS  = 
  CONFIG_LINKS    = 
  CONFIG_COMMANDS = 
  $ ./config.status 

on login04.rc.colorado.edu

config.status:856: creating Makefile
config.status:856: creating config.h
config.status:1084: executing depfiles commands

## ---------------- ##
## Cache variables. ##
## ---------------- ##

ac_cv_c_compiler_gnu=yes
ac_cv_env_CC_set=set
ac_cv_env_CC_value=gcc
ac_cv_env_CFLAGS_set=
ac_cv_env_CFLAGS_value=
ac_cv_env_CPPFLAGS_set=
ac_cv_env_CPPFLAGS_value=
ac_cv_env_F77_set=set
ac_cv_env_F77_value=gfortran
ac_cv_env_FFLAGS_set=
ac_cv_env_FFLAGS_value=
ac_cv_env_LDFLAGS_set=
ac_cv_env_LDFLAGS_value=
ac_cv_env_LIBS_set=
ac_cv_env_LIBS_value=
ac_cv_env_build_alias_set=
ac_cv_env_build_alias_value=
ac_cv_env_host_alias_set=
ac_cv_env_host_alias_value=
ac_cv_env_target_alias_set=
ac_cv_env_target_alias_value=
ac_cv_f77_compiler_gnu=yes
ac_cv_f77_dummy_main=none
ac_cv_f77_libs=' -L/curc/tools/x_86_64/rh6/gcc/4.8.0/lib64/../lib64 -L/curc/tools/x_86_64/rh6/gcc/4.8.0/lib/../lib64 -L/curc/tools/x_86_64/rh6/gcc/4.8.0/lib/gcc/x86_64-unknown-linux-gnu/4.8.0 -L/curc/tools/x_86_64/rh6/gcc/4.8.0/lib/gcc/x86_64-unknown-linux-gnu/4.8.0/../../../../lib64 -L/lib/../lib64 -L/usr/lib/../lib64 -L/curc/tools/x_86_64/rh6/gcc/4.8.0/lib64 -L/curc/tools/x_86_64/rh6/gcc/4.8.0/lib -L/curc/tools/x_86_64/rh6/openmpi/1.6.4/intel/13.0.0/torque/4.1.4/ib/lib -L/curc/tools/x_86_64/rh6/intel/13.0.0/composer_xe_2013.0.079/mkl/lib/intel64 -L/curc/tools/x_86_64/rh6/intel/13.0.0/composer_xe_2013.0.079/compiler/lib/intel64 -L/curc/tools/x_86_64/rh6/jdk/1.7.0_17/lib -L/curc/tools/x_86_64/rh6/gcc/4.8.0/lib/gcc/x86_64-unknown-linux-gnu/4.8.0/../../.. -lgfortran -lm -lquadmath'
ac_cv_f77_mangling='lower case, underscore, no extra underscore'
ac_cv_fortran_dummy_main=none
ac_cv_objext=o
ac_cv_path_install='/usr/bin/install -c'
ac_cv_path_mkdir=/bin/mkdir
ac_cv_prog_AWK=gawk
ac_cv_prog_ac_ct_CC=gcc
ac_cv_prog_cc_c89=
ac_cv_prog_cc_g=yes
ac_cv_prog_f77_g=yes
ac_cv_prog_f77_v=-v
ac_cv_prog_make_make_set=yes
am_cv_CC_dependencies_compiler_type=gcc3

## ----------------- ##
## Output variables. ##
## ----------------- ##

ACLOCAL='${SHELL} /home/jixi7887/progs/jy/Mineos/mineos-1.0.2_HV/aux-config/missing --run aclocal-1.11'
AMDEPBACKSLASH='\'
AMDEP_FALSE='#'
AMDEP_TRUE=''
AMTAR='${SHELL} /home/jixi7887/progs/jy/Mineos/mineos-1.0.2_HV/aux-config/missing --run tar'
AUTOCONF='${SHELL} /home/jixi7887/progs/jy/Mineos/mineos-1.0.2_HV/aux-config/missing --run autoconf'
AUTOHEADER='${SHELL} /home/jixi7887/progs/jy/Mineos/mineos-1.0.2_HV/aux-config/missing --run autoheader'
AUTOMAKE='${SHELL} /home/jixi7887/progs/jy/Mineos/mineos-1.0.2_HV/aux-config/missing --run automake-1.11'
AWK='gawk'
CC='gcc'
CCDEPMODE='depmode=gcc3'
CFLAGS='-g -O2'
CPPFLAGS=''
CYGPATH_W='echo'
DEFS='-DHAVE_CONFIG_H'
DEPDIR='.deps'
ECHO_C=''
ECHO_N='-n'
ECHO_T=''
EXEEXT=''
F77='gfortran'
FFLAGS='-g -O2'
FLIBS=' -L/curc/tools/x_86_64/rh6/gcc/4.8.0/lib64/../lib64 -L/curc/tools/x_86_64/rh6/gcc/4.8.0/lib/../lib64 -L/curc/tools/x_86_64/rh6/gcc/4.8.0/lib/gcc/x86_64-unknown-linux-gnu/4.8.0 -L/curc/tools/x_86_64/rh6/gcc/4.8.0/lib/gcc/x86_64-unknown-linux-gnu/4.8.0/../../../../lib64 -L/lib/../lib64 -L/usr/lib/../lib64 -L/curc/tools/x_86_64/rh6/gcc/4.8.0/lib64 -L/curc/tools/x_86_64/rh6/gcc/4.8.0/lib -L/curc/tools/x_86_64/rh6/openmpi/1.6.4/intel/13.0.0/torque/4.1.4/ib/lib -L/curc/tools/x_86_64/rh6/intel/13.0.0/composer_xe_2013.0.079/mkl/lib/intel64 -L/curc/tools/x_86_64/rh6/intel/13.0.0/composer_xe_2013.0.079/compiler/lib/intel64 -L/curc/tools/x_86_64/rh6/jdk/1.7.0_17/lib -L/curc/tools/x_86_64/rh6/gcc/4.8.0/lib/gcc/x86_64-unknown-linux-gnu/4.8.0/../../.. -lgfortran -lm -lquadmath'
INSTALL_DATA='${INSTALL} -m 644'
INSTALL_PROGRAM='${INSTALL}'
INSTALL_SCRIPT='${INSTALL}'
INSTALL_STRIP_PROGRAM='$(install_sh) -c -s'
LDFLAGS=''
LIBOBJS=''
LIBS=''
LTLIBOBJS=''
MAKEINFO='${SHELL} /home/jixi7887/progs/jy/Mineos/mineos-1.0.2_HV/aux-config/missing --run makeinfo'
MKDIR_P='/bin/mkdir -p'
OBJEXT='o'
PACKAGE='mineos'
PACKAGE_BUGREPORT='cig-seismo@geodynamics.org'
PACKAGE_NAME='mineos'
PACKAGE_STRING='mineos 1.0.2'
PACKAGE_TARNAME='mineos'
PACKAGE_URL=''
PACKAGE_VERSION='1.0.2'
PATH_SEPARATOR=':'
SET_MAKE=''
SHELL='/bin/sh'
STRIP=''
VERSION='1.0.2'
ac_ct_CC='gcc'
ac_ct_F77=''
am__EXEEXT_FALSE=''
am__EXEEXT_TRUE='#'
am__fastdepCC_FALSE='#'
am__fastdepCC_TRUE=''
am__include='include'
am__isrc=''
am__leading_dot='.'
am__quote=''
am__tar='${AMTAR} chof - "$$tardir"'
am__untar='${AMTAR} xf -'
bindir='${exec_prefix}/bin'
build_alias=''
datadir='${datarootdir}'
datarootdir='${prefix}/share'
docdir='${datarootdir}/doc/${PACKAGE_TARNAME}'
dvidir='${docdir}'
exec_prefix='${prefix}'
host_alias=''
htmldir='${docdir}'
includedir='${prefix}/include'
infodir='${datarootdir}/info'
install_sh='${SHELL} /home/jixi7887/progs/jy/Mineos/mineos-1.0.2_HV/aux-config/install-sh'
libdir='${exec_prefix}/lib'
libexecdir='${exec_prefix}/libexec'
localedir='${datarootdir}/locale'
localstatedir='${prefix}/var'
mandir='${datarootdir}/man'
mkdir_p='/bin/mkdir -p'
oldincludedir='/usr/include'
pdfdir='${docdir}'
prefix='/usr/local'
program_transform_name='s,x,x,'
psdir='${docdir}'
sbindir='${exec_prefix}/sbin'
sharedstatedir='${prefix}/com'
sysconfdir='${prefix}/etc'
target_alias=''

## ----------- ##
## confdefs.h. ##
## ----------- ##

/* confdefs.h */
#define PACKAGE_NAME "mineos"
#define PACKAGE_TARNAME "mineos"
#define PACKAGE_VERSION "1.0.2"
#define PACKAGE_STRING "mineos 1.0.2"
#define PACKAGE_BUGREPORT "cig-seismo@geodynamics.org"
#define PACKAGE_URL ""
#define PACKAGE "mineos"
#define VERSION "1.0.2"
#define F77_FUNC(name,NAME) name ## _
#define F77_FUNC_(name,NAME) name ## _

configure: exit 0

## ---------------------- ##
## Running config.status. ##
## ---------------------- ##

This file was extended by mineos config.status 1.0.2, which was
generated by GNU Autoconf 2.67.  Invocation command line was

  CONFIG_FILES    = 
  CONFIG_HEADERS  = 
  CONFIG_LINKS    = 
  CONFIG_COMMANDS = 
  $ ./config.status config.h

on login04.rc.colorado.edu

config.status:856: creating config.h
config.status:1036: config.h is unchanged
