../SEED/OBS_US_NEW_2012.JAN.10.142041.seed 2012 1 10
../SEED/OBS_US_NEW_2012.JAN.11.987781.seed 2012 1 11
../SEED/OBS_US_NEW_2012.JAN.12.374219.seed 2012 1 12
../SEED/OBS_US_NEW_2012.JAN.13.628612.seed 2012 1 13
../SEED/OBS_US_NEW_2012.JAN.1.457078.seed 2012 1 1
../SEED/OBS_US_NEW_2012.JAN.14.649516.seed 2012 1 14
../SEED/OBS_US_NEW_2012.JAN.15.638129.seed 2012 1 15
../SEED/OBS_US_NEW_2012.JAN.16.394981.seed 2012 1 16
../SEED/OBS_US_NEW_2012.JAN.17.989325.seed 2012 1 17
../SEED/OBS_US_NEW_2012.JAN.18.167544.seed 2012 1 18
../SEED/OBS_US_NEW_2012.JAN.19.243592.seed 2012 1 19
../SEED/OBS_US_NEW_2012.JAN.20.676727.seed 2012 1 20
../SEED/OBS_US_NEW_2012.JAN.21.72445.seed 2012 1 21
../SEED/OBS_US_NEW_2012.JAN.22.284500.seed 2012 1 22
../SEED/OBS_US_NEW_2012.JAN.23.833874.seed 2012 1 23
../SEED/OBS_US_NEW_2012.JAN.24.412720.seed 2012 1 24
../SEED/OBS_US_NEW_2012.JAN.25.359151.seed 2012 1 25
../SEED/OBS_US_NEW_2012.JAN.26.326349.seed 2012 1 26
../SEED/OBS_US_NEW_2012.JAN.2.664412.seed 2012 1 2
../SEED/OBS_US_NEW_2012.JAN.27.182002.seed 2012 1 27
../SEED/OBS_US_NEW_2012.JAN.28.216258.seed 2012 1 28
../SEED/OBS_US_NEW_2012.JAN.29.936410.seed 2012 1 29
../SEED/OBS_US_NEW_2012.JAN.30.199057.seed 2012 1 30
../SEED/OBS_US_NEW_2012.JAN.3.11615.seed 2012 1 3
../SEED/OBS_US_NEW_2012.JAN.31.906479.seed 2012 1 31
../SEED/OBS_US_NEW_2012.JAN.4.649024.seed 2012 1 4
../SEED/OBS_US_NEW_2012.JAN.5.402618.seed 2012 1 5
../SEED/OBS_US_NEW_2012.JAN.6.948970.seed 2012 1 6
../SEED/OBS_US_NEW_2012.JAN.7.939287.seed 2012 1 7
../SEED/OBS_US_NEW_2012.JAN.8.193540.seed 2012 1 8
../SEED/OBS_US_NEW_2012.JAN.9.975290.seed 2012 1 9
../SEED/OBS_US_NEW_2012.JAN.9.975290.seed 1900 1 9
