117A  -110.739300 +32.571600
118A  -109.969700 +32.639900
119A  -109.302900 +32.766300
120A  -108.633000 +32.546600
121A  -107.785100 +32.532400
122A  -107.000500 +32.699500
123A  -106.262200 +32.634900
124A  -105.454400 +32.700100
125A  -104.657300 +32.658800
126A  -104.020400 +32.646200
127A  -103.357500 +32.676400
128A  -102.485000 +32.621300
129A  -101.866200 +32.630900
130A  -100.965200 +32.596100
131A  -100.388800 +32.673700
217A  -110.816200 +31.774800
218A  -110.046400 +31.973700
219A  -109.259200 +31.998900
220A  -108.526600 +31.904100
221A  -107.778200 +32.009400
222A  -107.101300 +32.104600
223A  -106.427600 +32.006200
224A  -105.522600 +32.076000
225A  -104.822900 +32.110100
226A  -104.101400 +32.061800
226B  -104.165400 +32.077800
227A  -103.292400 +32.012000
228A  -102.591800 +32.118000
229A  -101.810700 +31.967100
230A  -101.112400 +31.887800
231A  -100.316300 +31.935300
318A  -109.990700 +31.439000
319A  -109.280900 +31.375700
320A  -108.528400 +31.336900
324A  -105.482800 +31.442500
325A  -104.971200 +31.371100
326A  -103.978600 +31.316500
327A  -103.492300 +31.369100
328A  -102.809700 +31.381800
329A  -101.980800 +31.487000
330A  -101.175200 +31.406300
331A  -100.426600 +31.308500
425A  -104.985700 +30.786200
426A  -104.029300 +30.668900
427A  -103.401800 +30.849800
428A  -102.684700 +30.726300
429A  -101.893800 +30.624800
430A  -101.236200 +30.786600
431A  -100.607900 +30.682400
526A  -104.089800 +30.060900
527A  -103.611900 +30.145600
528A  -102.788000 +30.161500
529A  -102.220400 +30.124600
530A  -101.337900 +30.148900
531A  -100.546400 +30.164500
626A  -104.133500 +29.554000
627A  -103.388700 +29.452800
628A  -102.888500 +29.486200
631A  -100.575900 +29.412300
K17A  -110.920100 +42.750700
K18A  -110.041700 +42.637200
K19A  -108.846600 +42.824700
K20A  -108.341800 +42.657900
K21A  -107.251000 +42.633200
K22A  -106.524000 +42.650700
K23A  -105.625100 +42.754600
K24A  -104.815200 +42.722500
K25A  -103.870500 +42.612000
K26A  -103.178300 +42.701600
K27A  -102.236400 +42.703600
K28A  -101.366500 +42.713600
K29A  -100.318200 +42.761200
KSCO  -102.627300 +39.011200
L17A  -110.872700 +42.099500
L18A  -110.036400 +41.924300
L19A  -109.357500 +42.101200
L20A  -108.339800 +42.007300
L21A  -107.369500 +41.964100
L22A  -106.433800 +42.031000
L23A  -105.701200 +42.114300
L24A  -104.932600 +42.043200
L25A  -103.965700 +42.154800
L26A  -103.079500 +42.036700
L27A  -102.315400 +42.083700
L28A  -101.519600 +42.007300
L29A  -100.477900 +42.064100
M17A  -110.666400 +41.472900
M18A  -110.067400 +41.427200
M19A  -109.156900 +41.504700
M20A  -108.186500 +41.490600
M21A  -107.363500 +41.606700
M22A  -106.595800 +41.403300
M23A  -105.722100 +41.468000
M24A  -104.824800 +41.467600
M25A  -104.055100 +41.434700
M26A  -103.142700 +41.466100
M27A  -102.387200 +41.528100
M28A  -101.371500 +41.395600
M29A  -100.689200 +41.444100
MSTX  -102.772400 +33.969600
N17A  -110.833500 +40.942500
N18A  -109.673100 +40.976300
N19A  -109.177200 +40.893600
N20A  -108.262600 +40.833800
N21A  -107.519600 +40.760000
N22A  -106.454400 +40.802300
N23A  -105.944000 +40.894700
N24A  -104.882400 +40.827100
N25A  -104.087300 +40.813200
N26A  -103.222100 +40.828900
N27A  -102.536700 +40.806300
N28A  -101.540600 +40.687300
N29A  -100.626400 +40.818900
N30A  -100.100100 +40.795700
O17A  -110.737800 +40.194800
O18A  -110.008200 +40.265500
O19A  -109.123600 +40.298200
O20A  -108.241600 +40.134800
O21A  -107.470500 +40.214900
O22A  -106.547000 +40.161800
O23A  -105.917800 +40.210900
O24A  -105.072900 +40.122700
O25A  -104.120100 +40.112900
O26A  -103.312800 +40.242200
O27A  -102.479400 +40.190000
O28A  -101.773500 +40.126200
O29A  -100.797700 +40.125300
O30A  -100.057100 +40.179100
P17A  -110.740000 +39.473000
P18A  -110.245700 +39.627900
P19A  -108.981200 +39.633300
P20A  -108.391200 +39.499800
P21A  -107.449300 +39.524000
P22A  -106.758900 +39.595200
P23A  -105.838800 +39.374100
P24A  -104.908200 +39.514400
P25A  -104.168000 +39.512500
P26A  -103.346500 +39.560200
P27A  -102.578200 +39.555900
P28A  -101.754800 +39.573200
P29A  -100.931600 +39.602100
P30A  -100.246800 +39.544200
Q18A  -110.132800 +39.102500
Q19A  -109.263000 +38.955300
Q20A  -108.295600 +38.954100
Q21A  -107.573800 +38.834700
Q22A  -106.909600 +38.862700
Q23A  -105.833700 +38.904500
Q24A  -105.149200 +38.964100
Q25A  -104.247200 +38.914500
Q26A  -103.519500 +38.923400
Q28A  -101.830900 +39.062300
Q29A  -100.978700 +38.890500
Q30A  -100.220700 +38.977200
R17A  -110.710900 +38.418700
R18A  -109.894200 +38.386200
R19A  -109.260700 +38.291600
R20A  -108.379200 +38.188800
R21A  -107.550100 +38.368500
R22A  -106.756100 +38.228900
R23A  -105.826400 +38.190700
R24A  -105.107500 +38.231500
R25A  -104.283400 +38.147400
R26A  -103.447000 +38.300900
R27A  -102.798000 +38.285900
R28A  -101.810600 +38.342300
R29A  -101.138300 +38.424300
R30A  -100.276900 +38.284400
S17A  -110.801800 +37.635400
S18A  -109.994800 +37.690300
S19A  -109.136600 +37.745900
S20A  -108.360500 +37.830000
S21A  -107.791700 +37.662000
S22A  -106.829300 +37.746100
S23A  -106.002300 +37.705900
S24A  -105.212600 +37.640700
S25A  -104.434900 +37.660600
S26A  -103.471100 +37.621600
S27A  -102.898200 +37.683700
S28A  -101.897900 +37.589900
S29A  -101.118000 +37.619900
S30A  -100.464000 +37.640200
T17A  -110.804100 +36.996900
T18A  -109.874100 +37.136400
T19A  -109.024900 +36.829900
T21A  -107.534200 +36.991400
T22A  -106.903000 +37.013800
T23A  -106.037200 +37.036100
T24A  -105.052100 +37.073800
T24B  -105.381700 +37.062400
T25A  -104.410800 +37.138800
T26A  -103.593300 +37.174700
T27A  -102.721400 +37.061400
T28A  -102.113600 +37.120400
T29A  -101.294200 +37.156500
T30A  -100.527400 +37.052600
U17A  -110.662400 +36.599600
U18A  -109.869600 +36.419900
U19A  -109.207600 +36.292500
U20A  -108.520400 +36.375800
U21A  -107.657800 +36.427700
U22A  -106.854600 +36.377300
U23A  -106.191900 +36.328900
U24A  -105.278400 +36.409300
U25A  -104.408100 +36.399800
U26A  -103.743900 +36.394500
U27A  -102.824600 +36.421300
U28A  -102.224300 +36.379300
U29A  -101.270200 +36.451900
U30A  -100.650900 +36.530400
V17A  -110.793800 +35.621800
V18A  -109.932700 +35.711300
V19A  -109.045600 +35.714700
V20A  -108.466200 +35.799200
V21A  -107.637800 +35.805400
V22A  -106.909400 +35.913800
V23A  -106.183300 +35.745200
V24A  -105.271600 +35.725900
V25A  -104.616400 +35.838300
V26A  -103.786000 +35.796400
V27A  -102.836100 +35.756900
V28A  -102.224300 +35.750500
V29A  -101.520900 +35.873400
V30A  -100.689200 +35.762300
W17A  -110.712700 +35.078900
W18A  -109.735700 +35.118100
W19A  -109.387900 +35.111800
W20A  -108.500100 +35.125900
W21A  -107.647600 +35.117000
W22A  -106.867400 +35.071900
W23A  -106.150300 +35.160500
W24A  -105.407500 +35.210600
W25A  -104.460600 +35.217700
W26A  -103.765600 +35.089100
W27A  -103.062700 +35.063700
W28A  -102.206300 +35.257400
W29A  -101.647600 +35.121200
W30A  -100.577000 +35.181800
X17A  -110.805800 +34.337100
X18A  -109.950100 +34.529300
X19A  -109.290100 +34.427500
X20A  -108.498000 +34.542100
X21A  -107.785700 +34.445700
X22A  -107.010200 +34.505800
X23A  -106.188100 +34.581000
X24A  -105.434900 +34.564600
X25A  -104.662100 +34.527100
X26A  -103.810300 +34.550800
X27A  -103.097400 +34.646900
X28A  -102.197300 +34.518500
X29A  -101.700800 +34.445200
X30A  -100.874000 +34.446100
Y17A  -110.844400 +33.695300
Y18A  -110.034100 +33.777600
Y19A  -109.254100 +33.957100
Y20A  -108.376900 +33.908500
Y21A  -107.674000 +34.008700
Y22A  -106.965200 +33.937000
Y22C  -106.921100 +34.074100
Y22D  -106.921000 +34.073900
Y23A  -106.054900 +33.931500
Y24A  -105.436100 +33.925700
Y25A  -104.692800 +33.922900
Y26A  -103.824600 +33.923200
Y27A  -103.163300 +33.883900
Y28A  -102.247900 +33.908600
Y29A  -101.671200 +33.860200
Y30A  -100.897800 +33.876600
Y31A  -100.261500 +33.962900
Z17A  -110.472300 +33.296900
Z18A  -110.036200 +33.085100
Z19A  -109.265700 +33.292100
Z20A  -108.592200 +33.113200
Z21A  -107.671200 +33.308600
Z22A  -106.963900 +33.255500
Z23A  -106.231900 +33.262100
Z24A  -105.364900 +33.329800
Z25A  -104.717100 +33.279700
Z26A  -103.979800 +33.271600
Z27A  -103.214500 +33.315000
Z28A  -102.386600 +33.288400
Z29A  -101.706200 +33.259500
Z30A  -101.128200 +33.286100
Z31A  -100.143500 +33.318300
