MONP -116.422500 +32.892700
MONP2 -116.422300 +32.892000
PFO -116.459400 +33.611700
BDM -121.865540 +37.953970
CMB -120.386510 +38.034550
CVS -122.458400 +38.345260
FARB -123.001100 +37.697820
GASB -122.715950 +39.654710
HOPS -123.072340 +38.993490
HUMO -122.956690 +42.607100
JCC -124.029550 +40.817450
JRSC -122.238680 +37.403730
KCC -119.318700 +37.323630
MCCM -122.880180 +38.144780
MNRC -122.442770 +38.878740
MOD -120.302950 +41.902460
ORV -121.500360 +39.554510
PACP -121.287000 +37.008000
PKD -120.541600 +35.945170
POTR -121.935350 +38.202630
WDC -122.541130 +40.579880
WENL -121.756970 +37.622110
YBH -122.710390 +41.732040
ARV -118.830090 +35.126900
BBR -116.920750 +34.262300
BC3 -115.453660 +33.655150
BCC -117.261190 +33.575080
BEL -115.998200 +34.000600
BFS -117.658530 +34.238830
CIA -118.415021 +33.401898
CWC -118.080160 +36.439880
DAN -115.381150 +34.637450
DEC -118.333830 +34.253530
DVT -116.100610 +32.659150
EDW2 -117.993880 +34.881100
FMP -118.293810 +33.712640
FUR -116.863220 +36.467030
GLA -114.827060 +33.051490
GMR -115.659940 +34.784570
GRA -117.366210 +36.996080
GSC -116.805740 +35.301770
HEC -116.335000 +34.829400
IBP -116.092860 +32.661120
IKP -116.109480 +32.650120
IRM -115.145130 +34.157380
ISA -118.473300 +35.663000
LGU -119.065870 +34.108190
LRL -117.682120 +35.479540
MLAC -118.836050 +37.630190
MPM -117.489010 +36.057990
MPP -119.813620 +34.888480
MUR -117.195430 +33.599990
NEE -114.596000 +34.823000
NEE2 -114.618810 +34.767590
OSI -118.723500 +34.614500
PDM -114.141520 +34.303360
RCT -119.243840 +36.305230
RRX -116.996840 +34.875330
SBC -119.713300 +34.441700
SCI2 -118.546970 +32.979900
SCZ2 -119.635100 +33.995430
SDP -120.501370 +34.565470
SHO -116.275300 +35.899530
SMM -119.995810 +35.314200
SNCC -119.524370 +33.247870
SWS -115.799880 +32.945080
TIN -118.230090 +37.054220
TUQ -115.923890 +35.435840
VES -119.084690 +35.840890
ANMO -106.457200 +34.945910
CCM -091.244600 +38.055700
DWPF -081.432700 +28.110300
HRV -071.558300 +42.506400
RSSD -104.035900 +44.121200
SSPA -077.887600 +40.635800
TUC -110.784700 +32.309800
WCI -086.293900 +38.228900
WVT -087.830000 +36.129700
PAL -073.907900 +41.005600
BEK -120.359600 +39.866600
OMM -119.000400 +37.612300
WCN -119.759000 +39.310400
ACTO -080.062400 +43.608700
ALFO -074.884200 +45.628300
ALGO -078.050900 +45.954400
BANO -077.928000 +45.019800
BASO -081.664820 +44.013310
BELQ -078.687400 +47.398000
BMRO -081.217420 +44.595190
BRCO -081.442300 +44.243700
BUKO -079.398900 +45.442300
BWLO -081.138240 +44.117410
CHGQ -074.374800 +49.910500
CLWO -080.301300 +44.449100
DELO -077.618600 +44.517700
DRWO -078.729983 +43.871897
ELFO -081.316300 +43.193000
KLBO -080.213200 +45.356600
LATQ -072.781900 +47.383500
LSQQ -076.979600 +49.058000
MATQ -077.637600 +49.758900
MEDO -078.454600 +43.164600
ORHO -075.536700 +45.456300
ORIO -075.511000 +45.451500
PECO -076.993900 +43.934000
PEMO -077.246600 +45.677300
PKRO -079.071400 +43.964300
PLIO -082.628400 +41.750500
PLVO -077.075400 +45.039600
STCO -079.170500 +43.209600
TOBO -081.523400 +45.225700
TORO -079.343300 +43.613600
TYNO -079.870200 +43.095000
WLVO -078.397000 +43.923600
034A -098.683300 +27.064700
035A -098.102300 +26.937900
035Z -098.068300 +26.463000
058A -081.804900 +27.056900
059A -081.144000 +26.967100
059Z -081.443200 +26.337300
060A -080.361800 +27.036100
060Z -080.556000 +26.406200
061Z -080.907000 +25.865700
062Z -081.052300 +24.726600
109C -117.105100 +32.888900
112A -114.580400 +32.535600
113A -113.766700 +32.768300
114A -112.883000 +32.751300
115A -112.227900 +32.700600
116A -111.704200 +32.561800
117A -110.739300 +32.571600
118A -109.969700 +32.639900
119A -109.302900 +32.766300
120A -108.633000 +32.546600
121A -107.785100 +32.532400
122A -107.000500 +32.699500
123A -106.262200 +32.634900
124A -105.454400 +32.700100
125A -104.657300 +32.658800
126A -104.020400 +32.646200
127A -103.357500 +32.676400
128A -102.485000 +32.621300
129A -101.866200 +32.630900
130A -100.965200 +32.596100
131A -100.388800 +32.673700
133A -098.916200 +32.608300
134A -098.079500 +32.572900
135A -097.409900 +32.557300
136A -096.529700 +32.474600
137A -095.755900 +32.597300
138A -095.088700 +32.660400
139A -094.392700 +32.679500
140A -093.574000 +32.640800
141A -092.904900 +32.604600
142A -091.945700 +32.548800
143A -091.403600 +32.703200
144A -090.422600 +32.630400
145A -089.928700 +32.603500
146A -089.057300 +32.636800
147A -088.270800 +32.673800
148A -087.571000 +32.646900
149A -086.791600 +32.598300
150A -086.022000 +32.606700
151A -085.326700 +32.526900
152A -084.718800 +32.668600
153A -083.831600 +32.659900
154A -083.106600 +32.613100
155A -082.466500 +32.621900
156A -081.495000 +32.654200
214A -112.811500 +31.955900
216A -111.457400 +32.002200
217A -110.816200 +31.774800
218A -110.046400 +31.973700
219A -109.259200 +31.998900
220A -108.526600 +31.904100
221A -107.778200 +32.009400
222A -107.101300 +32.104600
223A -106.427600 +32.006200
224A -105.522600 +32.076000
225A -104.822900 +32.110100
226A -104.101400 +32.061800
226B -104.165400 +32.077800
227A -103.292400 +32.012000
228A -102.591800 +32.118000
229A -101.810700 +31.967100
230A -101.112400 +31.887800
231A -100.316300 +31.935300
232A -099.646900 +31.888000
233A -098.899800 +32.017900
234A -098.136800 +32.004000
236A -096.531000 +31.999700
237A -095.808400 +32.001500
238A -095.120300 +32.003400
239A -094.470700 +32.017900
240A -093.762600 +32.038700
241A -092.918800 +32.022700
242A -092.152100 +32.061700
243A -091.482700 +31.880300
244A -090.685600 +32.042200
245A -089.895800 +32.032200
246A -089.128600 +32.014300
247A -088.610200 +32.053000
248A -087.739300 +32.094000
249A -087.122500 +31.975200
250A -086.267700 +31.977800
251A -085.409000 +32.092900
252A -084.735700 +31.996200
253A -084.129400 +32.061200
254A -083.290500 +31.945700
255A -082.475800 +31.926300
256A -081.887800 +31.979900
257A -081.026100 +31.974600
318A -109.990700 +31.439000
319A -109.280900 +31.375700
320A -108.528400 +31.336900
324A -105.482800 +31.442500
325A -104.971200 +31.371100
326A -103.978600 +31.316500
327A -103.492300 +31.369100
328A -102.809700 +31.381800
329A -101.980800 +31.487000
330A -101.175200 +31.406300
331A -100.426600 +31.308500
332A -099.742300 +31.382900
333A -098.984100 +31.324900
334A -098.237900 +31.332500
335A -097.427100 +31.281900
336A -096.844300 +31.387000
337A -095.885400 +31.315900
338A -095.310600 +31.356700
339A -094.556000 +31.333100
340A -093.889600 +31.416700
341A -093.168100 +31.333400
342A -092.324900 +31.374700
343A -091.616900 +31.283900
344A -090.731800 +31.452700
345A -090.030900 +31.308000
346A -089.464900 +31.387600
347A -088.541200 +31.401700
348A -087.902300 +31.412900
349A -087.192400 +31.350400
350A -086.335300 +31.420700
351A -085.603600 +31.275300
352A -084.927400 +31.479300
353A -084.217200 +31.347400
355A -082.851800 +31.343800
356A -082.127500 +31.324700
357A -081.485500 +31.423900
425A -104.985700 +30.786200
426A -104.029300 +30.668900
427A -103.401800 +30.849800
428A -102.684700 +30.726300
429A -101.893800 +30.624800
430A -101.236200 +30.786600
431A -100.607900 +30.682400
432A -099.793700 +30.875500
433A -099.091000 +30.754400
434A -098.269000 +30.814200
435B -097.585000 +30.782700
436A -096.796000 +30.770200
437A -096.138600 +30.829200
438A -095.474100 +30.750000
439A -094.766000 +30.793700
440A -093.958700 +30.745600
441A -093.189800 +30.749800
442A -092.431400 +30.711900
443A -091.780900 +30.764200
444A -090.746300 +30.715300
445A -090.338000 +30.730300
446A -089.364500 +30.791200
447A -088.654200 +30.795200
448A -087.860800 +30.930900
449A -087.215100 +30.759600
450A -086.586300 +30.803800
451A -085.746700 +30.616000
452A -085.183000 +30.849200
453A -084.319700 +30.854100
454A -083.630200 +30.714500
455A -083.026000 +30.742200
456A -082.022300 +30.724800
457A -081.556300 +30.619900
526A -104.089800 +30.060900
527A -103.611900 +30.145600
528A -102.788000 +30.161500
529A -102.220400 +30.124600
530A -101.337900 +30.148900
531A -100.546400 +30.164500
532A -099.904900 +30.127800
533A -099.035100 +30.071800
534A -098.475300 +30.028400
535A -097.571100 +30.029000
536A -097.065200 +30.075600
537A -096.315500 +30.079900
538A -095.490000 +30.221900
539A -094.723600 +30.108400
540A -093.979600 +30.209300
541A -093.187500 +30.059600
542A -092.551300 +30.124700
543A -091.855700 +30.085600
544A -091.161200 +30.110000
545A -090.489400 +30.044100
546A -089.719100 +30.233000
552A -085.293800 +30.132700
553A -084.431700 +30.189000
554A -083.683600 +30.084100
555A -082.966600 +30.121200
556A -082.405700 +30.001500
557A -081.729100 +30.016000
626A -104.133500 +29.554000
627A -103.388700 +29.452800
628A -102.888500 +29.486200
631A -100.575900 +29.412300
632A -099.786300 +29.507100
633A -099.176600 +29.459100
634A -098.351500 +29.381500
635A -097.773600 +29.387700
636A -097.057000 +29.481000
637A -096.332400 +29.439000
638A -095.448100 +29.419300
645A -090.596600 +29.457300
646A -089.824500 +29.583200
655A -083.255200 +29.510700
656A -082.534800 +29.368900
657A -081.866500 +29.585200
658A -081.257800 +29.422000
732A -099.970700 +28.729200
733A -099.293900 +28.719200
734A -098.557600 +28.847300
735A -097.808100 +28.855300
736A -097.067300 +28.955000
737A -096.440200 +28.763900
738A -095.648100 +28.840400
757A -082.068500 +28.941300
758A -081.199600 +28.962100
832A -099.974300 +28.284400
833A -099.393900 +28.323600
834A -098.551900 +28.125100
835A -097.829700 +28.287000
857A -082.229100 +28.267000
858A -081.361600 +28.212600
859A -080.898400 +28.059200
933A -099.274600 +27.613300
934A -098.519200 +27.601800
936A -097.309100 +27.420800
957A -082.235700 +27.670200
958A -081.754300 +27.585500
959A -080.879100 +27.524000
A04A -122.707000 +48.719700
A05A -122.085200 +48.998300
A06A -121.480400 +49.098300
A07A -120.383700 +49.048000
A08A -119.272500 +48.953400
A09A -118.585100 +48.975200
A10A -117.558600 +48.981300
A11A -116.363100 +48.958000
A12A -115.652600 +48.933900
A13A -114.413500 +48.933000
A14A -113.421800 +48.972500
A15A -112.732700 +48.977700
A16A -111.596800 +48.948200
A17A -110.699400 +48.944800
A18A -109.845900 +48.919800
A19A -108.742900 +48.928600
A20A -107.925700 +48.879900
A21A -106.925400 +48.991200
A22A -105.915300 +48.992600
A23A -104.878600 +48.959200
A24A -104.001800 +48.923900
A25A -103.112800 +48.938800
A26A -102.038000 +48.897300
A27A -101.240700 +48.953300
A28A -100.266900 +48.909600
A29A -099.232100 +48.922800
A30A -098.300900 +48.940200
A31A -097.188800 +48.932000
A32A -096.493500 +48.917200
A33A -095.390400 +48.937100
ABTX -099.643100 +32.623800
B04A -123.504000 +48.057500
B05A -122.096000 +48.264100
B06A -121.484500 +48.518300
B07A -120.119700 +48.460700
B08A -119.333200 +48.358400
B09A -118.148800 +48.422600
B10A -117.225200 +48.299500
B11A -116.367400 +48.436600
B12A -115.588900 +48.469400
B13A -114.467600 +48.373900
B14A -113.272900 +48.360900
B15A -112.561900 +48.312900
B16A -111.707300 +48.412800
B17A -110.798800 +48.292100
B18A -109.777500 +48.394300
B19A -108.944300 +48.455100
B20A -108.020900 +48.438900
B21A -107.016600 +48.427800
B22A -105.996400 +48.300800
B23A -104.990900 +48.464300
B25A -103.161300 +48.271600
B26A -102.234100 +48.376200
B27A -101.260000 +48.404400
B28A -100.361600 +48.449200
B29A -099.353500 +48.464900
B30A -098.328600 +48.450500
B31A -097.649500 +48.423600
B32A -096.536300 +48.395100
B33A -095.588000 +48.272200
B34A -094.650100 +48.486000
B35A -093.726100 +48.360300
BGNE -098.150200 +41.408300
BNLO -122.172900 +37.131100
BRSD -098.956300 +44.443000
C03A -124.566200 +47.947500
C04A -122.971800 +47.717200
C05A -121.689500 +47.694700
C06A -120.894400 +47.923000
C07A -120.061300 +47.690200
C08A -119.045400 +47.784900
C09A -118.274100 +47.800600
C10A -117.307700 +47.819200
C11A -116.255700 +47.839700
C12A -115.481100 +47.703900
C12B -115.475000 +47.709200
C13A -114.573500 +47.679500
C14A -113.746800 +47.768700
C15A -112.607200 +47.775000
C16A -111.745800 +47.801200
C17A -110.762600 +47.632700
C19A -109.048900 +47.734300
C20A -108.004200 +47.713300
C21A -107.096000 +47.826400
C22A -105.884100 +47.745600
C23A -105.184400 +47.802600
C24A -104.425200 +47.530200
C25A -103.255800 +47.712400
C26A -102.095700 +47.825900
C27A -101.502900 +47.713900
C28A -100.387100 +47.715700
C30A -098.478300 +47.702600
C31A -097.733600 +47.792700
C32A -096.528100 +47.825500
C33A -095.772500 +47.758600
C34A -094.910600 +47.650100
C35A -093.976300 +47.700700
C36A -092.837800 +47.758000
C37A -092.185300 +47.728300
C38A -091.273200 +47.717100
C39A -090.128900 +47.817100
C40A -089.151400 +47.915400
D03A -123.771400 +47.116100
D04A -122.803500 +47.110900
D05A -121.988800 +47.188100
D06A -120.844500 +47.193500
D07A -119.973200 +47.193600
D08A -118.921000 +47.057300
D09A -118.309200 +47.061500
D10A -117.275900 +47.054700
D11A -116.335300 +47.047700
D12A -115.352500 +47.052800
D13A -114.458700 +47.094300
D14A -113.506200 +47.081600
D15A -112.520400 +47.041800
D16A -111.549200 +47.030800
D17A -110.687300 +47.152300
D18A -109.802300 +47.196100
D19A -108.880000 +47.164600
D20A -108.136200 +47.091100
D21A -106.993900 +47.065800
D22A -106.179700 +47.149800
D23A -105.207100 +47.173000
D24A -104.327000 +47.115200
D25A -103.320300 +47.150800
D26A -102.435700 +47.030100
D27A -101.525400 +47.108100
D28A -100.569200 +47.192900
D29A -099.595700 +47.060500
D30A -098.757600 +47.108200
D31A -097.722600 +47.048100
D32A -097.016400 +47.135400
D33A -095.844800 +47.140400
D34A -095.195200 +47.085100
D35A -094.052900 +47.081000
D36A -093.164500 +47.176500
D37A -092.426200 +47.158100
D41A -088.565700 +47.060500
D53A -077.700100 +47.079500
E03A -123.563200 +46.545900
E04A -122.720400 +46.593400
E05A -121.760800 +46.560500
E06A -120.979100 +46.543300
E07A -119.854800 +46.558500
E08A -119.059500 +46.491100
E09A -118.145500 +46.513900
E10A -117.110200 +46.485000
E11A -116.209200 +46.355900
E12A -115.570500 +46.415100
E13A -114.188000 +46.442300
E14A -113.492600 +46.416200
E15A -112.641200 +46.424600
E16A -111.676400 +46.533600
E17A -110.857600 +46.462000
E18A -109.913700 +46.566300
E19A -108.786000 +46.461100
E20A -108.130100 +46.503800
E21A -107.075700 +46.540800
E22A -105.948800 +46.438600
E23A -105.306200 +46.497800
E24A -104.307300 +46.560800
E25A -103.401300 +46.500900
E26A -102.462100 +46.471200
E27A -101.564500 +46.429300
E28A -100.693400 +46.574800
E29A -099.642000 +46.568200
E30A -098.909800 +46.502100
E31A -097.887900 +46.558300
E32A -097.070100 +46.592700
E33A -096.005400 +46.503500
E34A -095.169100 +46.513600
E35A -094.404300 +46.557200
E36A -093.255700 +46.517700
E37A -092.400000 +46.565800
E38A -091.554200 +46.605800
E39A -090.555700 +46.377700
E40A -089.899100 +46.444600
E41A -088.963600 +46.464300
E42A -087.914000 +46.430100
E43A -086.995400 +46.375800
E44A -085.921400 +46.619900
E45A -085.177400 +46.356300
ELFS -120.727900 +40.618300
F03A -123.559100 +45.930600
F04A -122.419300 +45.932500
F05A -121.458800 +45.883900
F06A -120.781700 +45.766400
F07A -119.927800 +45.895100
F08A -118.776800 +45.797100
F09A -117.909400 +45.708700
F10A -117.227700 +45.973400
F11A -116.154900 +45.888300
F12A -115.254700 +45.756500
F13A -114.331700 +45.789300
F14A -113.369900 +45.812200
F15A -112.492900 +45.840900
F16A -111.626200 +45.784300
F17A -110.659000 +45.905400
F18A -109.715800 +45.904600
F19A -108.943700 +45.853800
F20A -108.148800 +45.800600
F21A -107.123300 +45.823100
F22A -106.256900 +45.779400
F23A -105.405600 +45.721200
F24A -104.444800 +45.845200
F25A -103.457600 +45.925600
F26A -102.669700 +45.851200
F27A -102.020300 +45.872700
F28A -100.800500 +45.848500
F29A -099.827300 +45.833600
F30A -099.025000 +45.835600
F31A -098.252500 +45.859800
F32A -097.126400 +45.870500
F33A -096.292900 +45.839800
F34A -095.258100 +45.795400
F35A -094.573400 +45.858000
F36A -093.524100 +45.861800
F37A -092.626400 +45.724300
F38A -091.877500 +45.958800
F39A -090.919000 +45.915300
F40A -090.121700 +45.919000
F41A -089.104600 +45.738700
F42A -088.134700 +45.758700
F43A -087.169400 +45.831300
F44A -086.422600 +45.973700
F45A -085.515600 +45.683700
F46A -084.758600 +45.773700
G03A -123.281100 +45.315300
G04A -122.478400 +45.205900
G05A -121.316700 +45.242200
G06A -120.635100 +45.235700
G07A -119.669200 +45.266400
G08A -118.959500 +45.290400
G09A -117.780200 +45.278100
G10A -117.120400 +45.292500
G11A -116.268000 +45.399700
G12A -115.325700 +45.128500
G13A -114.232900 +45.093100
G14A -113.460400 +45.243200
G15A -112.488700 +45.166000
G16A -111.804600 +45.228500
G17A -110.739800 +45.321200
G18A -109.563100 +45.317100
G20A -108.214100 +45.220200
G21A -107.207000 +45.225000
G22A -106.292400 +45.218900
G23A -105.390700 +45.201200
G24A -104.416300 +45.328000
G25A -103.417300 +45.193500
G26A -102.599000 +45.293700
G27A -101.931000 +45.379100
G28A -100.916100 +45.074900
G29A -099.923400 +45.192600
G30A -099.144600 +45.129300
G31A -098.208300 +45.225400
G32A -097.499400 +45.255500
G33A -096.438300 +45.194600
G34A -095.638000 +45.241900
G35A -094.485500 +45.219900
G36A -093.750900 +45.234400
G38A -091.854900 +45.169300
G39A -091.169800 +45.286700
G40A -090.200600 +45.268400
G41A -089.181600 +45.211800
G42A -088.427700 +45.241800
G43A -087.686100 +45.257200
H02A -123.999700 +44.676400
H03A -123.292300 +44.676500
H04A -122.186200 +44.683700
H05A -121.227100 +44.647300
H06A -120.334600 +44.734400
H07A -119.564600 +44.591300
H08A -118.670400 +44.519100
H09A -117.664300 +44.665300
H10A -116.747400 +44.589000
H11A -116.012700 +44.703500
H12A -114.855400 +44.549400
H13A -114.254500 +44.564200
H14A -113.367400 +44.616500
H15A -112.643900 +44.617300
H16A -111.247800 +44.703800
H17A -110.576200 +44.395100
H18A -109.664100 +44.676900
H19A -108.985700 +44.670400
H20A -107.999000 +44.486800
H21A -107.042300 +44.627700
H22A -106.352100 +44.594300
H23A -105.400700 +44.562000
H24A -104.552400 +44.747300
H25A -103.598100 +44.621500
H26A -102.773900 +44.616800
H27A -102.077500 +44.632900
H28A -101.020600 +44.675100
H29A -100.212500 +44.626100
H31A -098.477200 +44.479500
H32A -097.436300 +44.504100
H33A -096.743400 +44.681200
H34A -095.777000 +44.667300
H35A -094.831100 +44.698500
H36A -093.928100 +44.577500
H37A -092.918100 +44.581200
H38A -092.282000 +44.675300
H39A -091.283300 +44.679700
H40A -090.390500 +44.622000
H41A -089.653400 +44.616400
H42A -088.531100 +44.509100
H43A -087.770400 +44.469700
HAST -121.551400 +36.388700
HATC -121.461200 +40.816100
HDA -146.948200 +64.409100
HELL -119.022800 +36.680100
I02A -123.829900 +44.003500
I03A -123.277700 +43.972600
I04A -122.411300 +43.794100
I05A -121.267500 +44.162600
I06A -120.210700 +43.943700
I07A -119.504200 +44.082000
I08A -118.569200 +43.910400
I09A -117.740700 +43.973300
I10A -116.802900 +44.086000
I11A -115.957800 +43.912100
I12A -115.132800 +43.794500
I13A -114.116900 +43.914600
I14A -113.451800 +43.928600
I15A -112.485000 +43.999700
I16A -111.486800 +43.875600
I17A -110.575900 +43.920000
I18A -109.817100 +43.701300
I19A -108.994300 +44.036300
I20A -108.128300 +43.949600
I21A -107.292000 +43.812200
I22A -106.484000 +43.892400
I23A -105.462900 +43.960500
I24A -104.626300 +43.859400
I25A -103.732400 +44.019600
I26A -102.859600 +44.030900
I27A -102.052500 +44.069000
I28A -101.169200 +43.999600
I29A -100.303400 +44.021500
I30A -099.426200 +43.914300
I31A -098.535200 +44.029700
I32A -097.464300 +44.027100
I33A -096.798900 +44.047500
I34A -095.860000 +44.039200
I35A -094.982900 +43.856500
I36A -094.014300 +44.019100
I37A -093.400300 +44.014800
I38A -092.330600 +44.040500
I39A -091.523100 +43.854300
I40A -090.617700 +43.891600
I41A -089.869700 +44.059200
I42A -088.913400 +43.890800
I43A -088.146000 +43.884400
J02A -123.574700 +43.365400
J03A -122.964600 +43.371700
J04A -122.109300 +43.240600
J05A -121.235700 +43.284300
J06A -120.152800 +43.251500
J07A -119.310500 +43.373600
J08A -118.474300 +43.358000
J09A -117.754200 +43.347100
J10A -116.767000 +43.427500
J11A -115.827800 +43.415100
J12A -115.098000 +43.250000
J13A -114.174200 +43.397900
J14A -113.517800 +43.323400
J15A -112.433400 +43.399800
J16A -111.611900 +43.274100
J17A -110.711800 +43.362900
J18A -110.020000 +43.211200
J19A -109.053100 +43.264900
J20A -108.084200 +43.353100
J21A -107.445900 +43.345900
J22A -106.478500 +43.412600
J23A -105.552400 +43.403600
J24A -104.661300 +43.330500
J25A -103.802600 +43.390100
J26A -103.075200 +43.312600
J27A -102.006900 +43.252600
J28A -101.235900 +43.423900
J29A -100.325300 +43.406100
J30A -099.492200 +43.324800
J31A -098.739600 +43.291500
J32A -097.847600 +43.371900
J33A -096.966700 +43.318500
J34A -095.957900 +43.284400
J35A -095.207800 +43.365500
J36A -094.339500 +43.329200
J37A -093.552700 +43.310300
J38A -092.475500 +43.319000
J39A -091.706200 +43.335400
J40A -090.740600 +43.396500
J41A -090.013700 +43.365500
J42A -089.123400 +43.317900
J43A -088.418500 +43.380800
J45A -086.388900 +43.435400
J46A -085.646600 +43.347800
J47A -084.821400 +43.238200
K01A -124.469200 +42.808800
K02A -123.489800 +42.766700
K04A -121.730700 +42.613300
K05A -120.893400 +42.725800
K06A -120.251000 +42.799100
K07A -119.246900 +42.691200
K08A -118.486400 +42.730800
K09A -117.725100 +42.699600
K10A -116.870500 +42.777900
K11A -116.032300 +42.771300
K12A -114.902900 +42.636000
K13A -114.084000 +42.649300
K14A -113.176000 +42.545200
K15A -112.530500 +42.685200
K16A -111.588400 +42.832100
K17A -110.920100 +42.750700
K18A -110.041700 +42.637200
K19A -108.846600 +42.824700
K20A -108.341800 +42.657900
K21A -107.251000 +42.633200
K22A -106.524000 +42.650700
K23A -105.625100 +42.754600
K24A -104.815200 +42.722500
K25A -103.870500 +42.612000
K26A -103.178300 +42.701600
K27A -102.236400 +42.703600
K28A -101.366500 +42.713600
K29A -100.318200 +42.761200
K30A -099.613100 +42.674200
K31A -098.754600 +42.622900
K32A -097.972300 +42.659700
K33A -097.001200 +42.605200
K34A -096.095700 +42.686500
K35A -095.232800 +42.721800
K36A -094.450700 +42.638100
K37A -093.638800 +42.766900
K38A -092.770900 +42.647200
K39A -091.887800 +42.705000
K40A -091.138300 +42.699900
K41A -090.304600 +42.607100
K42A -089.345700 +42.779200
K43A -088.332000 +42.704400
K46A -085.783400 +42.686400
K47A -084.999300 +42.670400
K48A -084.119700 +42.803200
KMSC -081.333300 +35.142000
KSCO -102.627300 +39.011200
L02A -123.601800 +42.156000
L04A -121.891000 +42.175000
L05A -120.833600 +42.047200
L07A -119.339800 +42.018700
L08A -118.344500 +42.190100
L09A -117.666700 +42.019200
L10A -116.471100 +42.077300
L11A -115.754100 +42.166900
L12A -115.016200 +42.146000
L13A -113.944400 +42.088600
L14A -113.239800 +42.034300
L15A -112.386000 +42.004100
L16A -111.431900 +42.014900
L17A -110.872700 +42.099500
L18A -110.036400 +41.924300
L19A -109.357500 +42.101200
L20A -108.339800 +42.007300
L21A -107.369500 +41.964100
L22A -106.433800 +42.031000
L23A -105.701200 +42.114300
L24A -104.932600 +42.043200
L25A -103.965700 +42.154800
L26A -103.079500 +42.036700
L27A -102.315400 +42.083700
L28A -101.519600 +42.007300
L29A -100.477900 +42.064100
L30A -099.719600 +41.949200
L31A -098.838700 +42.176000
L32A -098.008000 +42.004500
L33A -097.272400 +42.165900
L34A -096.376200 +41.966600
L35A -095.544800 +42.112300
L36A -094.667600 +42.100900
L37A -093.754600 +42.124600
L38A -092.959700 +42.141000
L39A -092.000700 +42.123400
L40A -091.221800 +42.062800
L41A -090.497700 +42.075100
L42A -089.667000 +42.004000
L43A -088.742300 +42.183300
L44A -087.911900 +42.178200
L46A -086.295500 +42.012700
L47A -085.202100 +41.975600
L48A -084.432900 +41.943800
L49A -083.767200 +42.108800
LAVA -120.739500 +38.755200
M01C -124.122100 +41.847300
M02C -122.853800 +41.392000
M03C -122.122000 +41.274200
M04C -121.839300 +41.782600
M05C -121.145700 +41.359300
M06C -120.477200 +41.204700
M07A -119.171100 +41.388400
M08A -118.379200 +41.448300
M09A -117.449700 +41.423000
M10A -116.539600 +41.522000
M11A -115.791200 +41.431100
M12A -114.915100 +41.415700
M13A -114.165500 +41.360200
M14A -113.347100 +41.503000
M15A -112.447700 +41.463200
M16A -111.629800 +41.314600
M17A -110.666400 +41.472900
M18A -110.067400 +41.427200
M19A -109.156900 +41.504700
M20A -108.186500 +41.490600
M21A -107.363500 +41.606700
M22A -106.595800 +41.403300
M23A -105.722100 +41.468000
M24A -104.824800 +41.467600
M25A -104.055100 +41.434700
M26A -103.142700 +41.466100
M27A -102.387200 +41.528100
M28A -101.371500 +41.395600
M29A -100.689200 +41.444100
M30A -099.872300 +41.537100
M31A -098.976600 +41.344000
M33A -097.195000 +41.572600
M34A -096.583000 +41.502500
M35A -095.694500 +41.466500
M36A -094.802100 +41.453700
M37A -094.057500 +41.402800
M38A -093.196500 +41.417500
M39A -092.172500 +41.478600
M40A -091.512100 +41.406000
M41A -090.542200 +41.375000
M42A -089.758100 +41.454600
M43A -088.958100 +41.436500
M44A -088.043200 +41.388200
M45A -087.250400 +41.388100
M46A -086.352400 +41.407900
M47A -085.621400 +41.359400
M48A -084.717100 +41.484600
M49A -083.975200 +41.474500
M50A -083.042800 +41.403500
M51A -082.183100 +41.332100
M65A -070.646600 +41.562000
MDND -099.602900 +47.848100
MSTX -102.772400 +33.969600
N02C -123.305700 +40.822000
N06A -119.834600 +40.748400
N07A -118.971600 +40.772100
N07B -118.971100 +40.779700
N08A -118.133700 +40.781100
N09A -117.524400 +40.852000
N10A -116.508000 +40.718600
N11A -115.736000 +40.816700
N12A -115.038700 +40.852200
N13A -114.204500 +40.855600
N14A -113.186700 +40.851300
N15A -112.520100 +40.890300
N16A -111.437000 +40.886900
N17A -110.833500 +40.942500
N18A -109.673100 +40.976300
N19A -109.177200 +40.893600
N20A -108.262600 +40.833800
N21A -107.519600 +40.760000
N22A -106.454400 +40.802300
N23A -105.944000 +40.894700
N24A -104.882400 +40.827100
N25A -104.087300 +40.813200
N26A -103.222100 +40.828900
N27A -102.536700 +40.806300
N28A -101.540600 +40.687300
N29A -100.626400 +40.818900
N30A -100.100100 +40.795700
N31A -098.954400 +40.823500
N32A -098.295500 +40.763900
N33A -097.450600 +40.738400
N34A -096.500500 +40.837800
N35A -095.642500 +40.861200
N36A -094.960400 +40.815600
N37A -094.209500 +40.758200
N38A -093.235000 +40.793100
N39A -092.502300 +40.877600
N40A -091.583700 +40.884100
N41A -090.855200 +40.707700
N42A -090.034500 +40.829000
N43A -089.173500 +40.939400
N44A -088.133300 +40.795300
N45A -087.511800 +40.847900
N46A -086.735200 +40.894900
N47A -085.694200 +40.880100
N48A -085.027100 +40.859100
N49A -084.182500 +40.922000
N50A -083.148600 +40.771100
N51A -082.374800 +40.918300
O01C -123.819500 +40.139800
O02C -122.788300 +40.176700
O03C -122.031900 +39.997100
O04C -121.086000 +40.320000
O05C -120.917600 +39.962000
O06A -119.827500 +40.165000
O07A -118.877200 +40.161400
O08A -118.155000 +40.290300
O09A -117.189900 +40.169700
O10A -116.499900 +40.291700
O11A -115.657000 +40.131300
O12A -114.745400 +40.267900
O13A -113.981400 +40.131400
O15A -112.469400 +40.280700
O16A -111.502400 +40.206700
O17A -110.737800 +40.194800
O18A -110.008200 +40.265500
O19A -109.123600 +40.298200
O20A -108.241600 +40.134800
O21A -107.470500 +40.214900
O22A -106.547000 +40.161800
O23A -105.917800 +40.210900
O24A -105.072900 +40.122700
O25A -104.120100 +40.112900
O26A -103.312800 +40.242200
O27A -102.479400 +40.190000
O28A -101.773500 +40.126200
O29A -100.797700 +40.125300
O30A -100.057100 +40.179100
O31A -099.326100 +40.152100
O32A -098.276400 +40.261000
O33A -097.584500 +40.075500
O34A -096.693600 +40.183100
O35A -095.909700 +40.266500
O36A -094.964500 +40.131500
O37A -094.146100 +40.166400
O38A -093.473100 +40.121500
O39A -092.543800 +40.254400
O40A -091.874000 +40.121200
O41A -090.882000 +40.115600
O42A -090.081200 +40.195600
O43A -089.313000 +40.285600
O44A -088.467100 +40.152600
O45A -087.724400 +40.248900
O47A -086.174200 +40.236100
O48A -085.155300 +40.257100
O49A -084.335300 +40.188000
O50A -083.619900 +40.146800
O51A -082.605600 +40.147000
O52A -081.836100 +40.115800
P01C -123.337500 +39.469000
P05C -120.607700 +39.302800
P06A -119.898300 +39.678500
P07A -118.889300 +39.539900
P08A -118.080000 +39.694600
P09A -117.139500 +39.551600
P10A -116.463900 +39.620200
P11A -115.753600 +39.553000
P12A -114.907500 +39.473100
P13A -114.015600 +39.455000
P14A -113.068700 +39.590600
P15A -112.278600 +39.570800
P16A -111.659500 +39.609200
P17A -110.740000 +39.473000
P18A -110.245700 +39.627900
P19A -108.981200 +39.633300
P20A -108.391200 +39.499800
P21A -107.449300 +39.524000
P22A -106.758900 +39.595200
P23A -105.838800 +39.374100
P24A -104.908200 +39.514400
P25A -104.168000 +39.512500
P26A -103.346500 +39.560200
P27A -102.578200 +39.555900
P28A -101.754800 +39.573200
P29A -100.931600 +39.602100
P30A -100.246800 +39.544200
P31A -099.378300 +39.521100
P32A -098.601100 +39.622300
P33A -097.694600 +39.436300
P34A -096.826800 +39.547100
P35A -096.018800 +39.528600
P36A -095.206000 +39.620400
P37A -094.349100 +39.588200
P38A -093.532100 +39.624800
P39A -092.754900 +39.487700
P39B -092.754100 +39.487600
P40A -092.048300 +39.529900
P41A -091.061900 +39.675000
P42A -090.344300 +39.585300
P43A -089.521300 +39.640900
P44A -088.620900 +39.467600
P45A -087.743900 +39.527700
P46A -087.206700 +39.617800
P47A -086.269200 +39.486900
P48A -085.425800 +39.460500
P49A -084.716400 +39.534200
P50A -083.798800 +39.608600
P51A -083.060100 +39.481800
P52A -082.132500 +39.633700
P53A -081.389600 +39.486800
Q03C -122.014500 +38.633300
Q04C -121.376900 +38.839000
Q07A -118.807800 +38.938300
Q08A -117.931600 +38.860600
Q09A -117.181600 +38.834000
Q10A -116.399900 +38.824700
Q11A -115.654100 +38.845500
Q12A -114.829900 +39.040000
Q13A -114.020200 +38.955100
Q14A -113.276900 +38.988200
Q15A -112.379300 +38.999500
Q16A -111.171600 +38.917600
Q18A -110.132800 +39.102500
Q19A -109.263000 +38.955300
Q20A -108.295600 +38.954100
Q21A -107.573800 +38.834700
Q22A -106.909600 +38.862700
Q23A -105.833700 +38.904500
Q24A -105.149200 +38.964100
Q25A -104.247200 +38.914500
Q26A -103.519500 +38.923400
Q28A -101.830900 +39.062300
Q29A -100.978700 +38.890500
Q30A -100.220700 +38.977200
Q31A -099.395000 +39.004800
Q32A -098.559600 +38.990800
Q33A -097.832700 +38.998200
Q34A -096.940800 +38.921400
Q35A -096.036800 +38.858600
Q36A -095.460900 +38.961200
Q37A -094.452200 +38.876300
Q38A -093.618200 +38.960900
Q39A -092.975900 +39.045500
Q40A -092.074800 +38.994600
Q41A -091.231700 +38.953900
Q42A -090.533100 +38.912000
Q43A -089.699100 +38.941000
Q44A -089.017000 +38.903200
Q45A -088.156500 +38.894800
Q46A -087.357500 +39.023100
Q47A -086.426100 +38.936200
Q48A -085.731100 +38.929500
Q49A -084.895600 +39.005000
Q50A -083.979000 +38.843600
Q51A -083.345600 +39.026000
Q52A -082.266900 +38.962200
R04C -120.936300 +38.257100
R05C -120.075500 +38.702800
R06C -119.450900 +38.522600
R07C -119.046900 +38.089000
R08A -118.106400 +38.348900
R09A -117.071800 +38.239700
R10A -116.302100 +38.288600
R11A -115.585400 +38.348900
R12A -114.607600 +38.328100
R13A -113.969100 +38.180200
R14A -113.021300 +38.298700
R15A -112.276700 +38.210800
R16A -111.482700 +38.284300
R17A -110.710900 +38.418700
R18A -109.894200 +38.386200
R19A -109.260700 +38.291600
R20A -108.379200 +38.188800
R21A -107.550100 +38.368500
R22A -106.756100 +38.228900
R23A -105.826400 +38.190700
R24A -105.107500 +38.231500
R25A -104.283400 +38.147400
R26A -103.447000 +38.300900
R27A -102.798000 +38.285900
R28A -101.810600 +38.342300
R29A -101.138300 +38.424300
R30A -100.276900 +38.284400
R31A -099.527100 +38.288800
R32A -098.711100 +38.422500
R33A -097.984200 +38.308100
R34A -097.247000 +38.300800
R35A -096.198800 +38.323100
R36A -095.504000 +38.323700
R37A -094.829400 +38.313300
R38A -093.905600 +38.186800
R39A -093.038300 +38.313800
R40A -092.268400 +38.290900
R41A -091.379500 +38.297600
R42A -090.794400 +38.280400
R43A -089.930800 +38.276000
R44A -089.080900 +38.247500
R45A -088.281200 +38.292600
R46A -087.511400 +38.212400
R47A -086.527000 +38.295700
R48A -085.871400 +38.400100
R49A -085.171400 +38.291600
R50A -084.327400 +38.281600
R51A -083.583400 +38.300100
R52A -082.644300 +38.336600
R58B -077.878700 +37.963600
S04C -121.327800 +37.504900
S05C -120.329600 +37.346000
S06C -119.848800 +37.881700
S08C -118.171100 +37.499300
S09A -117.224600 +37.724300
S10A -116.594800 +37.923000
S11A -115.747200 +37.644400
S12A -114.848900 +37.608300
S13A -113.860400 +37.580800
S14A -113.168400 +37.760100
S15A -112.362700 +37.676100
S16A -111.596100 +37.722200
S17A -110.801800 +37.635400
S18A -109.994800 +37.690300
S19A -109.136600 +37.745900
S20A -108.360500 +37.830000
S21A -107.791700 +37.662000
S22A -106.829300 +37.746100
S23A -106.002300 +37.705900
S24A -105.212600 +37.640700
S25A -104.434900 +37.660600
S26A -103.471100 +37.621600
S27A -102.898200 +37.683700
S28A -101.897900 +37.589900
S29A -101.118000 +37.619900
S30A -100.464000 +37.640200
S31A -099.484500 +37.619300
S32A -098.936300 +37.700100
S33A -098.001600 +37.593600
S34A -097.111100 +37.700900
S35A -096.319000 +37.682100
S36A -095.592300 +37.724000
S37A -094.827900 +37.759700
S38A -093.907800 +37.630400
S39A -093.322600 +37.691000
S40A -092.501400 +37.598800
S41A -091.745800 +37.587700
S42A -090.793900 +37.770000
S43A -090.075400 +37.571600
S44A -089.255100 +37.693600
S45A -088.580400 +37.677400
S46A -087.715300 +37.684900
S47A -086.877900 +37.594600
S48A -086.056900 +37.657400
S49A -085.287500 +37.784900
S50A -084.400300 +37.679000
S51A -083.593500 +37.639200
S52A -083.078400 +37.679100
SFIN -087.096700 +40.379000
SPMN -092.803700 +45.224600
SUSD -098.955600 +44.442900
SUTB -121.786100 +39.229100
T05C -120.673700 +36.895300
T06C -119.708900 +37.006900
T11A -115.220200 +37.240800
T12A -114.714700 +36.725600
T13A -113.907300 +37.019500
T14A -113.084000 +37.061500
T15A -112.382400 +37.018300
T16A -111.506000 +36.983900
T17A -110.804100 +36.996900
T18A -109.874100 +37.136400
T19A -109.024900 +36.829900
T21A -107.534200 +36.991400
T22A -106.903000 +37.013800
T23A -106.037200 +37.036100
T24A -105.052100 +37.073800
T24B -105.381700 +37.062400
T25A -104.410800 +37.138800
T26A -103.593300 +37.174700
T27A -102.721400 +37.061400
T28A -102.113600 +37.120400
T29A -101.294200 +37.156500
T30A -100.527400 +37.052600
T31A -099.677100 +37.097700
T32A -098.924700 +37.179700
T33A -098.244400 +37.082400
T34A -097.188300 +37.022200
T35A -096.512100 +36.916100
T36A -095.878900 +37.060500
T37A -094.917600 +37.123000
T38A -094.293000 +37.035400
T39A -093.377400 +37.024100
T40A -092.519300 +37.150400
T41A -091.763600 +37.043600
T42A -091.092700 +37.030100
T43A -090.287800 +37.083300
T44A -089.589600 +37.086000
T45A -088.644700 +37.019600
T46A -087.894100 +37.041700
T47A -087.105500 +36.988100
T48A -086.394300 +37.109400
T49A -085.533400 +37.105000
T50A -084.838400 +37.020400
T51A -083.945400 +36.965500
T52A -082.985200 +37.107600
TASL -106.456500 +34.945400
TASM -106.460000 +34.945500
TFRD -116.602200 +33.494800
TIGA -083.589800 +31.438900
TOLK -149.572400 +68.640800
TPFO -116.454400 +33.606000
TUL1 -095.791900 +35.910400
U04C -120.782800 +36.362700
U05C -120.120500 +36.335600
U10A -116.329700 +36.419300
U11A -115.383500 +36.423000
U12A -114.538800 +36.432100
U13A -113.965300 +36.415100
U14A -113.180500 +36.418200
U15A -112.291500 +36.428000
U16A -111.129700 +36.142800
U17A -110.662400 +36.599600
U18A -109.869600 +36.419900
U19A -109.207600 +36.292500
U20A -108.520400 +36.375800
U21A -107.657800 +36.427700
U22A -106.854600 +36.377300
U23A -106.191900 +36.328900
U24A -105.278400 +36.409300
U25A -104.408100 +36.399800
U26A -103.743900 +36.394500
U27A -102.824600 +36.421300
U28A -102.224300 +36.379300
U29A -101.270200 +36.451900
U30A -100.650900 +36.530400
U31A -099.850800 +36.369500
U32A -099.001400 +36.379500
U33A -098.113500 +36.432700
U34A -097.535400 +36.436500
U35A -096.731800 +36.370900
U36A -095.732500 +36.392700
U37A -095.116100 +36.406000
U38A -094.385700 +36.439400
U39A -093.480500 +36.382300
U40A -092.853500 +36.356300
U41A -091.920300 +36.344000
U42A -091.238300 +36.351400
U43A -090.405700 +36.369300
U44A -089.686300 +36.504700
U44B -089.350700 +36.339100
U45A -088.763500 +36.348100
U46A -088.177300 +36.359000
U47A -087.289200 +36.441300
U48A -086.540200 +36.510700
U49A -085.779600 +36.512900
U50A -084.843100 +36.415600
U51A -084.016500 +36.378600
U52A -083.367100 +36.392900
U53A -082.576500 +36.364400
V03C -121.235600 +36.021400
V04C -120.869900 +35.636000
V05C -119.902800 +35.866700
V11A -115.430500 +35.838400
V12A -114.851100 +35.726600
V13A -113.984000 +35.852200
V14A -113.105300 +35.633900
V15A -112.173100 +35.819100
V17A -110.793800 +35.621800
V18A -109.932700 +35.711300
V19A -109.045600 +35.714700
V20A -108.466200 +35.799200
V21A -107.637800 +35.805400
V22A -106.909400 +35.913800
V23A -106.183300 +35.745200
V24A -105.271600 +35.725900
V25A -104.616400 +35.838300
V26A -103.786000 +35.796400
V27A -102.836100 +35.756900
V28A -102.224300 +35.750500
V29A -101.520900 +35.873400
V30A -100.689200 +35.762300
V31A -099.842500 +35.773900
V32A -099.043700 +35.720200
V33A -098.286200 +35.820900
V34A -097.517600 +35.834500
V35A -096.837800 +35.762600
V36A -095.942500 +35.786300
V37A -095.141000 +35.883000
V38A -094.407700 +35.862600
V39A -093.645000 +35.838900
V40A -092.823200 +35.804400
V41A -092.155400 +35.785100
V42A -091.390000 +35.806000
V43A -090.544300 +35.785700
V44A -089.895400 +35.828200
V45A -088.959100 +35.740300
V46A -088.117700 +35.800700
V47A -087.520500 +35.827800
V48A -086.821900 +35.740000
V49A -085.903000 +35.766300
V50A -085.100000 +35.671300
V51A -084.351100 +35.803300
V52A -083.595900 +35.841700
V53A -082.812400 +35.669400
W12A -114.870100 +35.301000
W13A -113.885400 +35.099000
W14A -113.083400 +35.212700
W15A -112.266600 +35.178700
W16A -111.531800 +35.095100
W17A -110.712700 +35.078900
W18A -109.735700 +35.118100
W19A -109.387900 +35.111800
W20A -108.500100 +35.125900
W21A -107.647600 +35.117000
W22A -106.867400 +35.071900
W23A -106.150300 +35.160500
W24A -105.407500 +35.210600
W25A -104.460600 +35.217700
W26A -103.765600 +35.089100
W27A -103.062700 +35.063700
W28A -102.206300 +35.257400
W29A -101.647600 +35.121200
W30A -100.577000 +35.181800
W31A -099.943500 +35.186400
W32A -099.245800 +35.123800
W33A -098.468600 +35.151800
W34A -097.773300 +35.235200
W35A -096.874500 +35.152700
W36A -096.226400 +35.139300
W37A -095.426900 +35.138000
W37B -095.431600 +35.139000
W38A -094.518400 +35.070400
W39A -093.784000 +35.196000
W40A -093.069300 +35.192300
W41A -092.247800 +35.173600
W41B -092.247900 +35.173600
W42A -091.522400 +35.273200
W43A -090.706100 +35.087700
W44A -089.816100 +35.139500
W45A -089.186000 +35.156800
W46A -088.378300 +35.133300
W47A -087.594600 +35.251100
W48A -086.933300 +35.138600
W49A -086.264500 +35.119400
W50A -085.311900 +35.200200
W51A -084.759900 +35.160600
W52A -083.927700 +35.093500
W53A -083.163000 +35.169600
WHTX -097.456100 +31.991300
X13A -113.830200 +34.593500
X14A -112.890600 +34.469200
X15A -112.236800 +34.486600
X16A -111.441100 +34.417800
X17A -110.805800 +34.337100
X18A -109.950100 +34.529300
X19A -109.290100 +34.427500
X20A -108.498000 +34.542100
X21A -107.785700 +34.445700
X22A -107.010200 +34.505800
X23A -106.188100 +34.581000
X24A -105.434900 +34.564600
X25A -104.662100 +34.527100
X26A -103.810300 +34.550800
X27A -103.097400 +34.646900
X28A -102.197300 +34.518500
X29A -101.700800 +34.445200
X30A -100.874000 +34.446100
X31A -099.979300 +34.630900
X32A -099.285400 +34.421400
X33A -098.500600 +34.541000
X34A -097.832600 +34.601000
X35A -096.973100 +34.399500
X36A -096.352000 +34.570400
X37A -095.371300 +34.589200
X38A -094.828800 +34.669200
X39A -094.113800 +34.510500
X40A -092.834200 +34.487300
X41A -092.513700 +34.494900
X42A -091.626200 +34.553200
X43A -090.881200 +34.518000
X44A -090.146200 +34.499800
X45A -089.393100 +34.424100
X46A -088.584400 +34.556400
X47A -087.857100 +34.517800
X48A -087.045200 +34.451700
X49A -086.326000 +34.512600
X50A -085.648600 +34.459600
X50B -085.649900 +34.461100
X51A -084.857400 +34.565800
X52A -083.893800 +34.603200
X53A -083.301300 +34.503100
Y12C -114.523800 +33.750300
Y13A -113.828700 +33.814200
Y14A -113.004800 +33.938300
Y15A -112.333100 +33.953500
Y16A -111.478300 +33.879800
Y17A -110.844400 +33.695300
Y18A -110.034100 +33.777600
Y19A -109.254100 +33.957100
Y20A -108.376900 +33.908500
Y21A -107.674000 +34.008700
Y22A -106.965200 +33.937000
Y22C -106.921100 +34.074100
Y22D -106.921000 +34.073900
Y22E -106.920800 +34.074200
Y23A -106.054900 +33.931500
Y24A -105.436100 +33.925700
Y25A -104.692800 +33.922900
Y26A -103.824600 +33.923200
Y27A -103.163300 +33.883900
Y28A -102.247900 +33.908600
Y29A -101.671200 +33.860200
Y30A -100.897800 +33.876600
Y31A -100.261500 +33.962900
Y32A -099.442000 +34.003600
Y33A -098.625600 +34.008100
Y34A -097.757300 +33.957400
Y35A -097.037400 +33.905900
Y36A -096.284800 +33.899600
Y37A -095.621000 +33.978900
Y38A -094.731100 +33.927800
Y39A -094.093600 +33.938000
Y40A -093.279800 +34.012400
Y41A -092.611300 +33.880700
Y42A -091.787100 +33.836400
Y43A -090.928500 +33.912100
Y44A -090.211200 +33.961800
Y45A -089.543100 +33.865600
Y46A -088.857700 +33.882800
Y47A -087.849400 +33.902500
Y48A -087.169600 +33.913100
Y49A -086.411900 +33.857700
Y50A -085.734700 +33.891100
Y51A -085.064000 +33.899300
Y52A -084.062600 +33.864000
Y53A -083.583600 +33.855400
Y54A -082.688000 +33.862100
Z13A -113.656800 +33.199900
Z14A -112.945800 +33.362700
Z15A -112.158100 +33.289300
Z16A -111.427300 +33.341000
Z17A -110.472300 +33.296900
Z18A -110.036200 +33.085100
Z19A -109.265700 +33.292100
Z20A -108.592200 +33.113200
Z21A -107.671200 +33.308600
Z22A -106.963900 +33.255500
Z23A -106.231900 +33.262100
Z24A -105.364900 +33.329800
Z25A -104.717100 +33.279700
Z26A -103.979800 +33.271600
Z27A -103.214500 +33.315000
Z28A -102.386600 +33.288400
Z29A -101.706200 +33.259500
Z30A -101.128200 +33.286100
Z31A -100.143500 +33.318300
Z32A -099.478300 +33.306600
Z33A -098.764800 +33.286500
Z34A -097.915800 +33.371200
Z35A -097.253000 +33.330800
Z36A -096.434400 +33.270200
Z37A -095.622900 +33.198100
Z38A -094.985100 +33.259900
Z39A -094.182200 +33.241800
Z40A -093.399500 +33.258400
Z41A -092.803000 +33.257700
Z42A -091.947400 +33.273900
Z43A -091.244100 +33.210000
Z44A -090.432200 +33.277300
Z45A -089.691300 +33.370500
Z46A -088.941400 +33.193300
Z47A -088.069600 +33.199000
Z48A -087.555600 +33.376400
Z49A -086.531100 +33.194200
Z50A -085.922600 +33.254000
Z51A -085.174700 +33.316700
Z52A -084.417600 +33.189300
Z53A -083.571300 +33.280100
Z54A -082.841700 +33.236200
Z55A -082.135900 +33.221100
AAM -083.656700 +42.301200
ACSO -082.982000 +40.231900
AGMN -095.861900 +48.297700
AMTX -101.680800 +34.883700
BINY -075.986100 +42.199300
BLA -080.420490 +37.211300
BOZ -111.629600 +45.647000
BRAL -087.050600 +31.168700
BW06 -109.558300 +42.766700
CBKS -099.737400 +38.814000
CBN -077.373200 +38.204600
CNNC -077.890100 +35.239300
DGMT -104.195900 +48.470200
DUG -112.813300 +40.195000
ECSD -096.614100 +43.733700
EGMT -109.754700 +48.024000
ERPA -079.989100 +42.117500
EYMN -091.495300 +47.946200
GLMI -084.617500 +44.824500
GOGA -083.466600 +33.411200
HDIL -089.294000 +40.555900
HLID -114.413800 +43.562500
ISCO -105.613400 +39.799700
JCT -099.802200 +30.479400
JFWS -090.248100 +42.914200
KSU1 -096.609400 +39.100900
LAO -106.223100 +46.688500
LBNH -071.925900 +44.240100
LONY -074.582900 +44.619700
LRAL -086.997800 +33.034800
MCWV -079.845600 +39.658100
MIAR -093.576500 +34.545400
MNTX -105.382100 +31.698500
MSO -113.940600 +46.829200
MVCO -108.498600 +37.210300
NATX -094.661000 +31.759800
NEW -117.122700 +48.264200
NHSC -080.177800 +33.106700
NLWA -123.869100 +47.391700
OGNE -102.033000 +40.945100
OXF -089.409200 +34.511800
PKME -069.291700 +45.264400
RLMT -109.267300 +45.122100
SCIA -093.215300 +41.906900
SDCO -105.501200 +37.745600
TPNV -116.249500 +36.948800
TZTN -083.549000 +36.543900
VBMS -090.517671 +32.218510
WMOK -098.780700 +34.737900
WUAZ -111.373900 +35.516900
SRU -110.523830 +39.110830
