           1   625.9316    
           1   629.8300    
           1   645.3550    
           1   686.1398    
           1   740.8011    
           1   779.6210    
           1   829.1156    
           1   518.0088    
           1   518.6916    
           1   545.4130    
           1   600.8917    
           1   636.4414    
           1   690.5488    
           1   780.3892    
           1   395.9953    
           1   412.2929    
           1   454.8615    
           1   490.4979    
           1   554.3931    
           1   644.5325    
           1   742.4891    
           1   293.5830    
           1   304.1716    
           1   345.7919    
           1   413.2455    
           1   505.1956    
           1   609.3495    
           1   703.1205    
           1   179.0618    
           1   200.3592    
           1   266.0408    
           1   370.4771    
           1   474.2679    
           1   562.8365    
           1   674.3773    
           1   627.7114    
           1   607.2944    
           1   597.7961    
           1   609.1721    
           1   630.8345    
           1   664.6152    
           1   712.1214    
           1   533.7001    
           1   498.0884    
           1   486.2401    
           1   506.8738    
           1   523.9589    
           1   572.9152    
           1   660.5499    
           1   420.0703    
           1   390.9138    
           1   378.8558    
           1   385.6197    
           1   434.7620    
           1   518.0104    
           1   565.5117    
           1   338.5942    
           1   280.1737    
           1   264.3892    
           1   290.5549    
           1   356.6995    
           1   419.1872    
           1   492.7199    
           1   281.0891    
           1   187.9750    
           1   154.4731    
           1   198.8631    
           1   268.4135    
           1   349.8621    
           1   460.2478    
           1   669.0533    
           1   621.2837    
           1   587.0750    
           1   563.7159    
           1   552.4770    
           1   562.2632    
           1   584.6357    
           1   618.1440    
           1   530.1277    
           1   480.3809    
           1   462.3670    
           1   440.8374    
           1   454.6776    
           1   490.8862    
           1   546.5010    
           1   476.4148    
           1   392.1095    
           1   341.5066    
           1   333.4035    
           1   347.4857    
           1   378.2509    
           1   475.9810    
           1   398.6809    
           1   321.8416    
           1   247.6526    
           1   218.8410    
           1   237.3221    
           1   298.4918    
           1   447.3424    
           1   335.2461    
           1   248.2207    
           1   163.5368    
           1   108.6608    
           1   149.3970    
           1   250.4873    
           1   828.7298    
           1   779.3000    
           1   740.6041    
           1   685.8608    
           1   645.3849    
           1   630.0455    
           1   626.8275    
           1   780.3053    
           1   690.3900    
           1   636.1989    
           1   600.8754    
           1   545.2170    
           1   518.9186    
           1   518.1323    
           1   742.4837    
           1   644.3774    
           1   554.3008    
           1   490.4097    
           1   454.8107    
           1   412.2246    
           1   395.8131    
           1   702.9730    
           1   609.2458    
           1   505.1574    
           1   413.0133    
           1   345.5558    
           1   304.0626    
           1   293.4091    
           1   674.7350    
           1   562.6398    
           1   474.0813    
           1   370.2734    
           1   265.5088    
           1   200.0795    
           1   178.4854    
           1   457.9041    
           1   496.0851    
           1   533.9598    
           1   582.2448    
           1   658.4412    
           1   751.5806    
           1   830.7608    
           1   362.6678    
           1   391.4609    
           1   443.0720    
           1   531.4769    
           1   629.6237    
           1   707.1254    
           1   802.5153    
           1   247.4745    
           1   306.4183    
           1   395.3922    
           1   493.2293    
           1   585.3030    
           1   679.6652    
           1   778.6951    
           1   164.4052    
           1   256.1613    
           1   361.0848    
           1   458.2800    
           1   559.3544    
           1   670.6917    
           1   770.7634    
           1   131.7115    
           1   245.7935    
           1   343.7703    
           1   456.5101    
           1   568.1024    
           1   664.2347    
           1   777.0320    
           1   153.4110    
           1   229.3052    
           1   325.4614    
           1   407.3222    
           1   494.0071    
           1   595.0713    
           1   681.2337    
           1   117.8246    
           1   216.1292    
           1   305.8043    
           1   405.2705    
           1   502.9499    
           1   592.1609    
           1   691.4022    
           1   161.9758    
           1   250.7650    
           1   341.6628    
           1   428.6002    
           1   525.1245    
           1   622.6461    
           1   716.2984    
           1   242.0177    
           1   307.5722    
           1   406.1082    
           1   481.9924    
           1   565.9446    
           1   672.2931    
           1   755.6651    
           1   351.6340    
           1   386.9263    
           1   454.9289    
           1   554.5244    
           1   632.8857    
           1   709.1124    
           1   813.3535    
           1   211.9777    
           1   276.0523    
           1   362.5982    
           1   429.5305    
           1   506.7825    
           1   601.5700    
           1   669.7803    
           1   313.0597    
           1   351.6146    
           1   416.8285    
           1   502.4456    
           1   569.0571    
           1   640.6813    
           1   729.9606    
           1   428.2652    
           1   450.6184    
           1   489.0869    
           1   561.4526    
           1   653.0733    
           1   707.3423    
           1   783.1687    
           1   522.4203    
           1   559.3450    
           1   595.0243    
           1   631.7050    
           1   704.7729    
           1   807.2950    
           1   850.0773    
           1   634.7823    
           1   663.4554    
           1   703.6176    
           1   737.3566    
           1   780.1781    
           1   850.9393    
           1   952.9216    
           1   154.1803    
           1   184.2986    
           1   246.2223    
           1   302.9597    
           1   377.7371    
           1   471.6375    
           1   540.5805    
           1   263.5258    
           1   282.1470    
           1   331.7476    
           1   392.8124    
           1   443.3103    
           1   513.3184    
           1   601.8187    
           1   385.4920    
           1   386.7910    
           1   415.1222    
           1   481.4746    
           1   537.8420    
           1   581.3763    
           1   656.5516    
           1   486.9928    
           1   497.6729    
           1   523.3770    
           1   556.2020    
           1   627.1582    
           1   684.9686    
           1   723.9672    
           1   601.1252    
           1   605.6108    
           1   633.2335    
           1   663.1898    
           1   704.0735    
           1   774.0349    
           1   829.3129    
           1   213.3302    
           1   163.4670    
           1   135.5919    
           1   153.1568    
           1   217.3290    
           1   305.1314    
           1   371.4973    
           1   304.1953    
           1   271.0900    
           1   246.3386    
           1   256.2550    
           1   292.9327    
           1   358.1431    
           1   443.8386    
           1   414.1362    
           1   369.0446    
           1   353.7997    
           1   375.7799    
           1   391.5867    
           1   430.0009    
           1   503.4179    
           1   505.2685    
           1   478.2326    
           1   468.4004    
           1   471.5721    
           1   501.7050    
           1   534.7843    
           1   572.1891    
           1   616.4585    
           1   588.1280    
           1   578.1355    
           1   584.4988    
           1   607.9368    
           1   644.3751    
           1   678.0599    
           1   378.5425    
           1   315.0836    
           1   231.6895    
           1   171.3197    
           1   156.9176    
           1   179.5893    
           1   223.2953    
           1   458.5849    
           1   374.1138    
           1   310.5132    
           1   275.7674    
           1   267.6846    
           1   289.1346    
           1   316.9810    
           1   520.4229    
           1   447.2458    
           1   409.7151    
           1   396.2208    
           1   375.2079    
           1   390.3595    
           1   429.8726    
           1   589.7752    
           1   552.3235    
           1   519.9482    
           1   492.5897    
           1   489.9757    
           1   499.6222    
           1   521.2310    
           1   695.5071    
           1   661.6087    
           1   626.3487    
           1   605.6691    
           1   599.8286    
           1   609.8484    
           1   633.7143    
           1   542.6256    
           1   474.2554    
           1   383.1230    
           1   311.7541    
           1   261.7470    
           1   207.5227    
           1   180.0378    
           1   608.0076    
           1   520.7231    
           1   452.4919    
           1   405.6336    
           1   354.7588    
           1   307.8524    
           1   289.1437    
           1   665.0482    
           1   590.2633    
           1   548.2889    
           1   504.9615    
           1   439.8072    
           1   412.7682    
           1   411.5533    
           1   733.1495    
           1   694.3575    
           1   651.1308    
           1   580.6825    
           1   548.4885    
           1   523.7115    
           1   513.6089    
           1   838.4311    
           1   798.1720    
           1   728.1609    
           1   687.9383    
           1   658.5972    
           1   632.1750    
           1   628.1659    
           1   622.4918    
           1   545.6884    
           1   448.3333    
           1   368.2653    
           1   295.6452    
           1   203.7593    
           1   136.3582    
           1   669.4147    
           1   579.6389    
           1   506.8235    
           1   428.9365    
           1   342.4671    
           1   276.2474    
           1   237.8522    
           1   721.7114    
           1   645.1846    
           1   578.6771    
           1   486.8437    
           1   413.8768    
           1   374.9608    
           1   355.2827    
           1   788.4553    
           1   732.4877    
           1   629.9684    
           1   556.7264    
           1   519.6201    
           1   483.7003    
           1   450.3938    
           1   877.9623    
           1   776.0377    
           1   705.0082    
           1   662.2366    
           1   628.3005    
           1   590.5836    
           1   563.4338    
           1   681.2533    
           1   594.8499    
           1   493.9439    
           1   407.4748    
           1   325.2858    
           1   229.1377    
           1   153.4804    
           1   691.3970    
           1   592.1979    
           1   502.9430    
           1   405.3579    
           1   305.8156    
           1   216.0717    
           1   117.7409    
           1   716.4185    
           1   623.0667    
           1   525.2147    
           1   428.7638    
           1   341.9090    
           1   250.7428    
           1   162.0840    
           1   755.9154    
           1   672.4571    
           1   565.8834    
           1   482.0503    
           1   406.4345    
           1   307.3123    
           1   241.7875    
           1   813.2315    
           1   709.0559    
           1   632.6387    
           1   554.9881    
           1   455.4448    
           1   387.1142    
           1   351.8782    
           1   711.3412    
           1   631.6209    
           1   537.8416    
           1   461.5797    
           1   412.3196    
           1   371.9940    
           1   339.0814    
           1   687.8506    
           1   592.2363    
           1   510.8983    
           1   412.4174    
           1   322.8629    
           1   268.2627    
           1   238.5268    
           1   680.0824    
           1   579.6774    
           1   479.3149    
           1   379.7195    
           1   280.5846    
           1   187.8663    
           1   122.3272    
           1   685.8790    
           1   584.8755    
           1   473.0241    
           1   372.4831    
           1   271.6214    
           1   160.0280    
           1   59.50800    
           1   704.5021    
           1   591.8885    
           1   499.0861    
           1   396.5372    
           1   286.9895    
           1   202.4905    
           1   132.9905    
