/lustre/janus_scratch/life9360/COR_YP/SEED/YA_2009.DEC.10.612573.seed 2009 12 10
/lustre/janus_scratch/life9360/COR_YP/SEED/YA_2009.DEC.11.711246.seed 2009 12 11
/lustre/janus_scratch/life9360/COR_YP/SEED/YA_2009.DEC.12.360427.seed 2009 12 12
/lustre/janus_scratch/life9360/COR_YP/SEED/YA_2009.DEC.1.246622.seed 2009 12 1
/lustre/janus_scratch/life9360/COR_YP/SEED/YA_2009.DEC.13.442593.seed 2009 12 13
/lustre/janus_scratch/life9360/COR_YP/SEED/YA_2009.DEC.14.284020.seed 2009 12 14
/lustre/janus_scratch/life9360/COR_YP/SEED/YA_2009.DEC.15.961079.seed 2009 12 15
/lustre/janus_scratch/life9360/COR_YP/SEED/YA_2009.DEC.16.417610.seed 2009 12 16
/lustre/janus_scratch/life9360/COR_YP/SEED/YA_2009.DEC.17.758488.seed 2009 12 17
/lustre/janus_scratch/life9360/COR_YP/SEED/YA_2009.DEC.18.247580.seed 2009 12 18
/lustre/janus_scratch/life9360/COR_YP/SEED/YA_2009.DEC.19.352098.seed 2009 12 19
/lustre/janus_scratch/life9360/COR_YP/SEED/YA_2009.DEC.20.944496.seed 2009 12 20
/lustre/janus_scratch/life9360/COR_YP/SEED/YA_2009.DEC.21.641988.seed 2009 12 21
/lustre/janus_scratch/life9360/COR_YP/SEED/YA_2009.DEC.22.655567.seed 2009 12 22
/lustre/janus_scratch/life9360/COR_YP/SEED/YA_2009.DEC.23.312444.seed 2009 12 23
/lustre/janus_scratch/life9360/COR_YP/SEED/YA_2009.DEC.2.376729.seed 2009 12 2
/lustre/janus_scratch/life9360/COR_YP/SEED/YA_2009.DEC.24.753029.seed 2009 12 24
/lustre/janus_scratch/life9360/COR_YP/SEED/YA_2009.DEC.25.176014.seed 2009 12 25
/lustre/janus_scratch/life9360/COR_YP/SEED/YA_2009.DEC.26.501831.seed 2009 12 26
/lustre/janus_scratch/life9360/COR_YP/SEED/YA_2009.DEC.27.261556.seed 2009 12 27
/lustre/janus_scratch/life9360/COR_YP/SEED/YA_2009.DEC.28.990878.seed 2009 12 28
/lustre/janus_scratch/life9360/COR_YP/SEED/YA_2009.DEC.29.441984.seed 2009 12 29
/lustre/janus_scratch/life9360/COR_YP/SEED/YA_2009.DEC.30.343184.seed 2009 12 30
/lustre/janus_scratch/life9360/COR_YP/SEED/YA_2009.DEC.31.255551.seed 2009 12 31
/lustre/janus_scratch/life9360/COR_YP/SEED/YA_2009.DEC.3.270796.seed 2009 12 3
/lustre/janus_scratch/life9360/COR_YP/SEED/YA_2009.DEC.4.450057.seed 2009 12 4
/lustre/janus_scratch/life9360/COR_YP/SEED/YA_2009.DEC.5.761621.seed 2009 12 5
/lustre/janus_scratch/life9360/COR_YP/SEED/YA_2009.DEC.6.681663.seed 2009 12 6
/lustre/janus_scratch/life9360/COR_YP/SEED/YA_2009.DEC.7.828238.seed 2009 12 7
/lustre/janus_scratch/life9360/COR_YP/SEED/YA_2009.DEC.8.356662.seed 2009 12 8
/lustre/janus_scratch/life9360/COR_YP/SEED/YA_2009.DEC.9.44379.seed 2009 12 9
/lustre/janus_scratch/life9360/COR_YP/SEED/YA_2009.NOV.10.490617.seed 2009 11 10
/lustre/janus_scratch/life9360/COR_YP/SEED/YA_2009.NOV.11.504843.seed 2009 11 11
/lustre/janus_scratch/life9360/COR_YP/SEED/YA_2009.NOV.12.869937.seed 2009 11 12
/lustre/janus_scratch/life9360/COR_YP/SEED/YA_2009.NOV.13.388583.seed 2009 11 13
/lustre/janus_scratch/life9360/COR_YP/SEED/YA_2009.NOV.14.785990.seed 2009 11 14
/lustre/janus_scratch/life9360/COR_YP/SEED/YA_2009.NOV.1.55180.seed 2009 11 1
/lustre/janus_scratch/life9360/COR_YP/SEED/YA_2009.NOV.15.844772.seed 2009 11 15
/lustre/janus_scratch/life9360/COR_YP/SEED/YA_2009.NOV.16.546893.seed 2009 11 16
/lustre/janus_scratch/life9360/COR_YP/SEED/YA_2009.NOV.17.855046.seed 2009 11 17
/lustre/janus_scratch/life9360/COR_YP/SEED/YA_2009.NOV.18.60231.seed 2009 11 18
/lustre/janus_scratch/life9360/COR_YP/SEED/YA_2009.NOV.19.619083.seed 2009 11 19
/lustre/janus_scratch/life9360/COR_YP/SEED/YA_2009.NOV.20.408967.seed 2009 11 20
/lustre/janus_scratch/life9360/COR_YP/SEED/YA_2009.NOV.2.102386.seed 2009 11 2
/lustre/janus_scratch/life9360/COR_YP/SEED/YA_2009.NOV.21.119483.seed 2009 11 21
/lustre/janus_scratch/life9360/COR_YP/SEED/YA_2009.NOV.22.442864.seed 2009 11 22
/lustre/janus_scratch/life9360/COR_YP/SEED/YA_2009.NOV.23.774032.seed 2009 11 23
/lustre/janus_scratch/life9360/COR_YP/SEED/YA_2009.NOV.24.597149.seed 2009 11 24
/lustre/janus_scratch/life9360/COR_YP/SEED/YA_2009.NOV.25.347337.seed 2009 11 25
/lustre/janus_scratch/life9360/COR_YP/SEED/YA_2009.NOV.26.223998.seed 2009 11 26
/lustre/janus_scratch/life9360/COR_YP/SEED/YA_2009.NOV.27.468745.seed 2009 11 27
/lustre/janus_scratch/life9360/COR_YP/SEED/YA_2009.NOV.28.718168.seed 2009 11 28
/lustre/janus_scratch/life9360/COR_YP/SEED/YA_2009.NOV.29.930153.seed 2009 11 29
/lustre/janus_scratch/life9360/COR_YP/SEED/YA_2009.NOV.30.700868.seed 2009 11 30
/lustre/janus_scratch/life9360/COR_YP/SEED/YA_2009.NOV.3.379984.seed 2009 11 3
/lustre/janus_scratch/life9360/COR_YP/SEED/YA_2009.NOV.4.166794.seed 2009 11 4
/lustre/janus_scratch/life9360/COR_YP/SEED/YA_2009.NOV.5.783880.seed 2009 11 5
/lustre/janus_scratch/life9360/COR_YP/SEED/YA_2009.NOV.6.429279.seed 2009 11 6
/lustre/janus_scratch/life9360/COR_YP/SEED/YA_2009.NOV.7.937817.seed 2009 11 7
/lustre/janus_scratch/life9360/COR_YP/SEED/YA_2009.NOV.8.914985.seed 2009 11 8
/lustre/janus_scratch/life9360/COR_YP/SEED/YA_2009.NOV.9.129194.seed 2009 11 9
/lustre/janus_scratch/life9360/COR_YP/SEED/YA_2009.OCT.10.559892.seed 2009 10 10
/lustre/janus_scratch/life9360/COR_YP/SEED/YA_2009.OCT.11.967183.seed 2009 10 11
/lustre/janus_scratch/life9360/COR_YP/SEED/YA_2009.OCT.12.917736.seed 2009 10 12
/lustre/janus_scratch/life9360/COR_YP/SEED/YA_2009.OCT.13.690680.seed 2009 10 13
/lustre/janus_scratch/life9360/COR_YP/SEED/YA_2009.OCT.14.801953.seed 2009 10 14
/lustre/janus_scratch/life9360/COR_YP/SEED/YA_2009.OCT.15.928117.seed 2009 10 15
/lustre/janus_scratch/life9360/COR_YP/SEED/YA_2009.OCT.16.697547.seed 2009 10 16
/lustre/janus_scratch/life9360/COR_YP/SEED/YA_2009.OCT.1.769685.seed 2009 10 1
/lustre/janus_scratch/life9360/COR_YP/SEED/YA_2009.OCT.17.823046.seed 2009 10 17
/lustre/janus_scratch/life9360/COR_YP/SEED/YA_2009.OCT.18.104136.seed 2009 10 18
/lustre/janus_scratch/life9360/COR_YP/SEED/YA_2009.OCT.19.397567.seed 2009 10 19
/lustre/janus_scratch/life9360/COR_YP/SEED/YA_2009.OCT.20.774778.seed 2009 10 20
/lustre/janus_scratch/life9360/COR_YP/SEED/YA_2009.OCT.21.723432.seed 2009 10 21
/lustre/janus_scratch/life9360/COR_YP/SEED/YA_2009.OCT.2.1857.seed 2009 10 2
/lustre/janus_scratch/life9360/COR_YP/SEED/YA_2009.OCT.22.114979.seed 2009 10 22
/lustre/janus_scratch/life9360/COR_YP/SEED/YA_2009.OCT.23.644077.seed 2009 10 23
/lustre/janus_scratch/life9360/COR_YP/SEED/YA_2009.OCT.24.970982.seed 2009 10 24
/lustre/janus_scratch/life9360/COR_YP/SEED/YA_2009.OCT.25.563572.seed 2009 10 25
/lustre/janus_scratch/life9360/COR_YP/SEED/YA_2009.OCT.26.890627.seed 2009 10 26
/lustre/janus_scratch/life9360/COR_YP/SEED/YA_2009.OCT.27.142689.seed 2009 10 27
/lustre/janus_scratch/life9360/COR_YP/SEED/YA_2009.OCT.28.899232.seed 2009 10 28
/lustre/janus_scratch/life9360/COR_YP/SEED/YA_2009.OCT.29.936713.seed 2009 10 29
/lustre/janus_scratch/life9360/COR_YP/SEED/YA_2009.OCT.30.997012.seed 2009 10 30
/lustre/janus_scratch/life9360/COR_YP/SEED/YA_2009.OCT.31.359044.seed 2009 10 31
/lustre/janus_scratch/life9360/COR_YP/SEED/YA_2009.OCT.3.397060.seed 2009 10 3
/lustre/janus_scratch/life9360/COR_YP/SEED/YA_2009.OCT.4.319797.seed 2009 10 4
/lustre/janus_scratch/life9360/COR_YP/SEED/YA_2009.OCT.5.80708.seed 2009 10 5
/lustre/janus_scratch/life9360/COR_YP/SEED/YA_2009.OCT.6.570321.seed 2009 10 6
/lustre/janus_scratch/life9360/COR_YP/SEED/YA_2009.OCT.7.776595.seed 2009 10 7
/lustre/janus_scratch/life9360/COR_YP/SEED/YA_2009.OCT.8.974260.seed 2009 10 8
/lustre/janus_scratch/life9360/COR_YP/SEED/YA_2009.OCT.9.799768.seed 2009 10 9
/lustre/janus_scratch/life9360/COR_YP/SEED/YA_2009.SEP.12.282360.seed 2009 9 12
/lustre/janus_scratch/life9360/COR_YP/SEED/YA_2009.SEP.13.942950.seed 2009 9 13
/lustre/janus_scratch/life9360/COR_YP/SEED/YA_2009.SEP.14.474998.seed 2009 9 14
/lustre/janus_scratch/life9360/COR_YP/SEED/YA_2009.SEP.15.241696.seed 2009 9 15
/lustre/janus_scratch/life9360/COR_YP/SEED/YA_2009.SEP.16.170792.seed 2009 9 16
/lustre/janus_scratch/life9360/COR_YP/SEED/YA_2009.SEP.17.636495.seed 2009 9 17
/lustre/janus_scratch/life9360/COR_YP/SEED/YA_2009.SEP.18.825347.seed 2009 9 18
/lustre/janus_scratch/life9360/COR_YP/SEED/YA_2009.SEP.19.258175.seed 2009 9 19
/lustre/janus_scratch/life9360/COR_YP/SEED/YA_2009.SEP.20.63468.seed 2009 9 20
/lustre/janus_scratch/life9360/COR_YP/SEED/YA_2009.SEP.21.949199.seed 2009 9 21
/lustre/janus_scratch/life9360/COR_YP/SEED/YA_2009.SEP.22.167820.seed 2009 9 22
/lustre/janus_scratch/life9360/COR_YP/SEED/YA_2009.SEP.23.612466.seed 2009 9 23
/lustre/janus_scratch/life9360/COR_YP/SEED/YA_2009.SEP.24.393534.seed 2009 9 24
/lustre/janus_scratch/life9360/COR_YP/SEED/YA_2009.SEP.25.326292.seed 2009 9 25
/lustre/janus_scratch/life9360/COR_YP/SEED/YA_2009.SEP.26.489767.seed 2009 9 26
/lustre/janus_scratch/life9360/COR_YP/SEED/YA_2009.SEP.27.660893.seed 2009 9 27
/lustre/janus_scratch/life9360/COR_YP/SEED/YA_2009.SEP.28.350515.seed 2009 9 28
/lustre/janus_scratch/life9360/COR_YP/SEED/YA_2009.SEP.29.226927.seed 2009 9 29
/lustre/janus_scratch/life9360/COR_YP/SEED/YA_2009.SEP.30.410700.seed 2009 9 30
/lustre/janus_scratch/life9360/COR_YP/SEED/YA_2010.APR.10.582021.seed 2010 4 10
/lustre/janus_scratch/life9360/COR_YP/SEED/YA_2010.APR.1.110922.seed 2010 4 1
/lustre/janus_scratch/life9360/COR_YP/SEED/YA_2010.APR.11.364883.seed 2010 4 11
/lustre/janus_scratch/life9360/COR_YP/SEED/YA_2010.APR.12.428061.seed 2010 4 12
/lustre/janus_scratch/life9360/COR_YP/SEED/YA_2010.APR.13.441983.seed 2010 4 13
/lustre/janus_scratch/life9360/COR_YP/SEED/YA_2010.APR.14.436325.seed 2010 4 14
/lustre/janus_scratch/life9360/COR_YP/SEED/YA_2010.APR.15.744925.seed 2010 4 15
/lustre/janus_scratch/life9360/COR_YP/SEED/YA_2010.APR.16.886243.seed 2010 4 16
/lustre/janus_scratch/life9360/COR_YP/SEED/YA_2010.APR.17.984824.seed 2010 4 17
/lustre/janus_scratch/life9360/COR_YP/SEED/YA_2010.APR.18.714924.seed 2010 4 18
/lustre/janus_scratch/life9360/COR_YP/SEED/YA_2010.APR.19.328576.seed 2010 4 19
/lustre/janus_scratch/life9360/COR_YP/SEED/YA_2010.APR.20.146828.seed 2010 4 20
/lustre/janus_scratch/life9360/COR_YP/SEED/YA_2010.APR.21.312542.seed 2010 4 21
/lustre/janus_scratch/life9360/COR_YP/SEED/YA_2010.APR.22.950217.seed 2010 4 22
/lustre/janus_scratch/life9360/COR_YP/SEED/YA_2010.APR.23.118681.seed 2010 4 23
/lustre/janus_scratch/life9360/COR_YP/SEED/YA_2010.APR.24.179269.seed 2010 4 24
/lustre/janus_scratch/life9360/COR_YP/SEED/YA_2010.APR.25.628396.seed 2010 4 25
/lustre/janus_scratch/life9360/COR_YP/SEED/YA_2010.APR.26.48663.seed 2010 4 26
/lustre/janus_scratch/life9360/COR_YP/SEED/YA_2010.APR.27.771285.seed 2010 4 27
/lustre/janus_scratch/life9360/COR_YP/SEED/YA_2010.APR.2.815525.seed 2010 4 2
/lustre/janus_scratch/life9360/COR_YP/SEED/YA_2010.APR.28.194411.seed 2010 4 28
/lustre/janus_scratch/life9360/COR_YP/SEED/YA_2010.APR.29.83434.seed 2010 4 29
/lustre/janus_scratch/life9360/COR_YP/SEED/YA_2010.APR.30.961394.seed 2010 4 30
/lustre/janus_scratch/life9360/COR_YP/SEED/YA_2010.APR.3.642435.seed 2010 4 3
/lustre/janus_scratch/life9360/COR_YP/SEED/YA_2010.APR.4.545657.seed 2010 4 4
/lustre/janus_scratch/life9360/COR_YP/SEED/YA_2010.APR.5.396412.seed 2010 4 5
/lustre/janus_scratch/life9360/COR_YP/SEED/YA_2010.APR.6.547880.seed 2010 4 6
/lustre/janus_scratch/life9360/COR_YP/SEED/YA_2010.APR.7.894275.seed 2010 4 7
/lustre/janus_scratch/life9360/COR_YP/SEED/YA_2010.APR.8.853056.seed 2010 4 8
/lustre/janus_scratch/life9360/COR_YP/SEED/YA_2010.APR.9.493073.seed 2010 4 9
/lustre/janus_scratch/life9360/COR_YP/SEED/YA_2010.AUG.10.645462.seed 2010 8 10
/lustre/janus_scratch/life9360/COR_YP/SEED/YA_2010.AUG.11.828331.seed 2010 8 11
/lustre/janus_scratch/life9360/COR_YP/SEED/YA_2010.AUG.12.681400.seed 2010 8 12
/lustre/janus_scratch/life9360/COR_YP/SEED/YA_2010.AUG.13.355104.seed 2010 8 13
/lustre/janus_scratch/life9360/COR_YP/SEED/YA_2010.AUG.14.53978.seed 2010 8 14
/lustre/janus_scratch/life9360/COR_YP/SEED/YA_2010.AUG.1.45853.seed 2010 8 1
/lustre/janus_scratch/life9360/COR_YP/SEED/YA_2010.AUG.15.216729.seed 2010 8 15
/lustre/janus_scratch/life9360/COR_YP/SEED/YA_2010.AUG.16.864361.seed 2010 8 16
/lustre/janus_scratch/life9360/COR_YP/SEED/YA_2010.AUG.17.222554.seed 2010 8 17
/lustre/janus_scratch/life9360/COR_YP/SEED/YA_2010.AUG.18.426867.seed 2010 8 18
/lustre/janus_scratch/life9360/COR_YP/SEED/YA_2010.AUG.19.572386.seed 2010 8 19
/lustre/janus_scratch/life9360/COR_YP/SEED/YA_2010.AUG.20.784218.seed 2010 8 20
/lustre/janus_scratch/life9360/COR_YP/SEED/YA_2010.AUG.21.478030.seed 2010 8 21
/lustre/janus_scratch/life9360/COR_YP/SEED/YA_2010.AUG.22.946321.seed 2010 8 22
/lustre/janus_scratch/life9360/COR_YP/SEED/YA_2010.AUG.23.284103.seed 2010 8 23
/lustre/janus_scratch/life9360/COR_YP/SEED/YA_2010.AUG.2.360855.seed 2010 8 2
/lustre/janus_scratch/life9360/COR_YP/SEED/YA_2010.AUG.24.498327.seed 2010 8 24
/lustre/janus_scratch/life9360/COR_YP/SEED/YA_2010.AUG.25.862901.seed 2010 8 25
/lustre/janus_scratch/life9360/COR_YP/SEED/YA_2010.AUG.26.477641.seed 2010 8 26
/lustre/janus_scratch/life9360/COR_YP/SEED/YA_2010.AUG.27.992046.seed 2010 8 27
/lustre/janus_scratch/life9360/COR_YP/SEED/YA_2010.AUG.28.442143.seed 2010 8 28
/lustre/janus_scratch/life9360/COR_YP/SEED/YA_2010.AUG.29.431197.seed 2010 8 29
/lustre/janus_scratch/life9360/COR_YP/SEED/YA_2010.AUG.30.841529.seed 2010 8 30
/lustre/janus_scratch/life9360/COR_YP/SEED/YA_2010.AUG.31.452647.seed 2010 8 31
/lustre/janus_scratch/life9360/COR_YP/SEED/YA_2010.AUG.3.640246.seed 2010 8 3
/lustre/janus_scratch/life9360/COR_YP/SEED/YA_2010.AUG.4.903355.seed 2010 8 4
/lustre/janus_scratch/life9360/COR_YP/SEED/YA_2010.AUG.5.328910.seed 2010 8 5
/lustre/janus_scratch/life9360/COR_YP/SEED/YA_2010.AUG.6.851611.seed 2010 8 6
/lustre/janus_scratch/life9360/COR_YP/SEED/YA_2010.AUG.7.250230.seed 2010 8 7
/lustre/janus_scratch/life9360/COR_YP/SEED/YA_2010.AUG.8.247479.seed 2010 8 8
/lustre/janus_scratch/life9360/COR_YP/SEED/YA_2010.AUG.9.902528.seed 2010 8 9
/lustre/janus_scratch/life9360/COR_YP/SEED/YA_2010.DEC.10.597064.seed 2010 12 10
/lustre/janus_scratch/life9360/COR_YP/SEED/YA_2010.DEC.11.712859.seed 2010 12 11
/lustre/janus_scratch/life9360/COR_YP/SEED/YA_2010.DEC.12.967153.seed 2010 12 12
/lustre/janus_scratch/life9360/COR_YP/SEED/YA_2010.DEC.13.548328.seed 2010 12 13
/lustre/janus_scratch/life9360/COR_YP/SEED/YA_2010.DEC.14.410055.seed 2010 12 14
/lustre/janus_scratch/life9360/COR_YP/SEED/YA_2010.DEC.15.770687.seed 2010 12 15
/lustre/janus_scratch/life9360/COR_YP/SEED/YA_2010.DEC.16.245374.seed 2010 12 16
/lustre/janus_scratch/life9360/COR_YP/SEED/YA_2010.DEC.17.255678.seed 2010 12 17
/lustre/janus_scratch/life9360/COR_YP/SEED/YA_2010.DEC.1.800696.seed 2010 12 1
/lustre/janus_scratch/life9360/COR_YP/SEED/YA_2010.DEC.18.505410.seed 2010 12 18
/lustre/janus_scratch/life9360/COR_YP/SEED/YA_2010.DEC.19.132709.seed 2010 12 19
/lustre/janus_scratch/life9360/COR_YP/SEED/YA_2010.DEC.20.993623.seed 2010 12 20
/lustre/janus_scratch/life9360/COR_YP/SEED/YA_2010.DEC.21.801895.seed 2010 12 21
/lustre/janus_scratch/life9360/COR_YP/SEED/YA_2010.DEC.22.706312.seed 2010 12 22
/lustre/janus_scratch/life9360/COR_YP/SEED/YA_2010.DEC.23.913766.seed 2010 12 23
/lustre/janus_scratch/life9360/COR_YP/SEED/YA_2010.DEC.2.424665.seed 2010 12 2
/lustre/janus_scratch/life9360/COR_YP/SEED/YA_2010.DEC.24.410047.seed 2010 12 24
/lustre/janus_scratch/life9360/COR_YP/SEED/YA_2010.DEC.25.470003.seed 2010 12 25
/lustre/janus_scratch/life9360/COR_YP/SEED/YA_2010.DEC.26.797332.seed 2010 12 26
/lustre/janus_scratch/life9360/COR_YP/SEED/YA_2010.DEC.27.571634.seed 2010 12 27
/lustre/janus_scratch/life9360/COR_YP/SEED/YA_2010.DEC.28.198918.seed 2010 12 28
/lustre/janus_scratch/life9360/COR_YP/SEED/YA_2010.DEC.29.773182.seed 2010 12 29
/lustre/janus_scratch/life9360/COR_YP/SEED/YA_2010.DEC.30.268072.seed 2010 12 30
/lustre/janus_scratch/life9360/COR_YP/SEED/YA_2010.DEC.31.140864.seed 2010 12 31
/lustre/janus_scratch/life9360/COR_YP/SEED/YA_2010.DEC.3.183518.seed 2010 12 3
/lustre/janus_scratch/life9360/COR_YP/SEED/YA_2010.DEC.4.767512.seed 2010 12 4
/lustre/janus_scratch/life9360/COR_YP/SEED/YA_2010.DEC.5.614538.seed 2010 12 5
/lustre/janus_scratch/life9360/COR_YP/SEED/YA_2010.DEC.6.360102.seed 2010 12 6
/lustre/janus_scratch/life9360/COR_YP/SEED/YA_2010.DEC.7.753544.seed 2010 12 7
/lustre/janus_scratch/life9360/COR_YP/SEED/YA_2010.DEC.8.412491.seed 2010 12 8
/lustre/janus_scratch/life9360/COR_YP/SEED/YA_2010.DEC.9.686410.seed 2010 12 9
/lustre/janus_scratch/life9360/COR_YP/SEED/YA_2010.FEB.10.702912.seed 2010 2 10
/lustre/janus_scratch/life9360/COR_YP/SEED/YA_2010.FEB.11.459081.seed 2010 2 11
/lustre/janus_scratch/life9360/COR_YP/SEED/YA_2010.FEB.12.892323.seed 2010 2 12
/lustre/janus_scratch/life9360/COR_YP/SEED/YA_2010.FEB.13.878357.seed 2010 2 13
/lustre/janus_scratch/life9360/COR_YP/SEED/YA_2010.FEB.14.279759.seed 2010 2 14
/lustre/janus_scratch/life9360/COR_YP/SEED/YA_2010.FEB.15.416133.seed 2010 2 15
/lustre/janus_scratch/life9360/COR_YP/SEED/YA_2010.FEB.16.436510.seed 2010 2 16
/lustre/janus_scratch/life9360/COR_YP/SEED/YA_2010.FEB.17.140317.seed 2010 2 17
/lustre/janus_scratch/life9360/COR_YP/SEED/YA_2010.FEB.18.654689.seed 2010 2 18
/lustre/janus_scratch/life9360/COR_YP/SEED/YA_2010.FEB.1.926688.seed 2010 2 1
/lustre/janus_scratch/life9360/COR_YP/SEED/YA_2010.FEB.19.533484.seed 2010 2 19
/lustre/janus_scratch/life9360/COR_YP/SEED/YA_2010.FEB.20.597695.seed 2010 2 20
/lustre/janus_scratch/life9360/COR_YP/SEED/YA_2010.FEB.21.502178.seed 2010 2 21
/lustre/janus_scratch/life9360/COR_YP/SEED/YA_2010.FEB.22.549005.seed 2010 2 22
/lustre/janus_scratch/life9360/COR_YP/SEED/YA_2010.FEB.23.79347.seed 2010 2 23
/lustre/janus_scratch/life9360/COR_YP/SEED/YA_2010.FEB.24.42125.seed 2010 2 24
/lustre/janus_scratch/life9360/COR_YP/SEED/YA_2010.FEB.25.533972.seed 2010 2 25
/lustre/janus_scratch/life9360/COR_YP/SEED/YA_2010.FEB.26.896709.seed 2010 2 26
/lustre/janus_scratch/life9360/COR_YP/SEED/YA_2010.FEB.27.737005.seed 2010 2 27
/lustre/janus_scratch/life9360/COR_YP/SEED/YA_2010.FEB.2.826624.seed 2010 2 2
/lustre/janus_scratch/life9360/COR_YP/SEED/YA_2010.FEB.28.708611.seed 2010 2 28
/lustre/janus_scratch/life9360/COR_YP/SEED/YA_2010.FEB.3.570719.seed 2010 2 3
/lustre/janus_scratch/life9360/COR_YP/SEED/YA_2010.FEB.4.819787.seed 2010 2 4
/lustre/janus_scratch/life9360/COR_YP/SEED/YA_2010.FEB.5.734935.seed 2010 2 5
/lustre/janus_scratch/life9360/COR_YP/SEED/YA_2010.FEB.6.909103.seed 2010 2 6
/lustre/janus_scratch/life9360/COR_YP/SEED/YA_2010.FEB.7.273076.seed 2010 2 7
/lustre/janus_scratch/life9360/COR_YP/SEED/YA_2010.FEB.8.850847.seed 2010 2 8
/lustre/janus_scratch/life9360/COR_YP/SEED/YA_2010.FEB.9.712403.seed 2010 2 9
/lustre/janus_scratch/life9360/COR_YP/SEED/YA_2010.JAN.10.116749.seed 2010 1 10
/lustre/janus_scratch/life9360/COR_YP/SEED/YA_2010.JAN.11.432760.seed 2010 1 11
/lustre/janus_scratch/life9360/COR_YP/SEED/YA_2010.JAN.1.220818.seed 2010 1 1
/lustre/janus_scratch/life9360/COR_YP/SEED/YA_2010.JAN.12.268847.seed 2010 1 12
/lustre/janus_scratch/life9360/COR_YP/SEED/YA_2010.JAN.13.41700.seed 2010 1 13
/lustre/janus_scratch/life9360/COR_YP/SEED/YA_2010.JAN.14.469501.seed 2010 1 14
/lustre/janus_scratch/life9360/COR_YP/SEED/YA_2010.JAN.15.262647.seed 2010 1 15
/lustre/janus_scratch/life9360/COR_YP/SEED/YA_2010.JAN.16.367851.seed 2010 1 16
/lustre/janus_scratch/life9360/COR_YP/SEED/YA_2010.JAN.17.86174.seed 2010 1 17
/lustre/janus_scratch/life9360/COR_YP/SEED/YA_2010.JAN.18.257301.seed 2010 1 18
/lustre/janus_scratch/life9360/COR_YP/SEED/YA_2010.JAN.19.772449.seed 2010 1 19
/lustre/janus_scratch/life9360/COR_YP/SEED/YA_2010.JAN.20.618987.seed 2010 1 20
/lustre/janus_scratch/life9360/COR_YP/SEED/YA_2010.JAN.2.111130.seed 2010 1 2
/lustre/janus_scratch/life9360/COR_YP/SEED/YA_2010.JAN.21.800523.seed 2010 1 21
/lustre/janus_scratch/life9360/COR_YP/SEED/YA_2010.JAN.22.691642.seed 2010 1 22
/lustre/janus_scratch/life9360/COR_YP/SEED/YA_2010.JAN.23.863597.seed 2010 1 23
/lustre/janus_scratch/life9360/COR_YP/SEED/YA_2010.JAN.24.61535.seed 2010 1 24
/lustre/janus_scratch/life9360/COR_YP/SEED/YA_2010.JAN.25.72832.seed 2010 1 25
/lustre/janus_scratch/life9360/COR_YP/SEED/YA_2010.JAN.26.59474.seed 2010 1 26
/lustre/janus_scratch/life9360/COR_YP/SEED/YA_2010.JAN.27.257523.seed 2010 1 27
/lustre/janus_scratch/life9360/COR_YP/SEED/YA_2010.JAN.28.729886.seed 2010 1 28
/lustre/janus_scratch/life9360/COR_YP/SEED/YA_2010.JAN.29.47655.seed 2010 1 29
/lustre/janus_scratch/life9360/COR_YP/SEED/YA_2010.JAN.30.586304.seed 2010 1 30
/lustre/janus_scratch/life9360/COR_YP/SEED/YA_2010.JAN.31.100870.seed 2010 1 31
/lustre/janus_scratch/life9360/COR_YP/SEED/YA_2010.JAN.3.262503.seed 2010 1 3
/lustre/janus_scratch/life9360/COR_YP/SEED/YA_2010.JAN.4.144214.seed 2010 1 4
/lustre/janus_scratch/life9360/COR_YP/SEED/YA_2010.JAN.5.98698.seed 2010 1 5
/lustre/janus_scratch/life9360/COR_YP/SEED/YA_2010.JAN.6.201190.seed 2010 1 6
/lustre/janus_scratch/life9360/COR_YP/SEED/YA_2010.JAN.7.933289.seed 2010 1 7
/lustre/janus_scratch/life9360/COR_YP/SEED/YA_2010.JAN.8.121527.seed 2010 1 8
/lustre/janus_scratch/life9360/COR_YP/SEED/YA_2010.JAN.9.394659.seed 2010 1 9
/lustre/janus_scratch/life9360/COR_YP/SEED/YA_2010.JUL.10.495046.seed 2010 7 10
/lustre/janus_scratch/life9360/COR_YP/SEED/YA_2010.JUL.11.60800.seed 2010 7 11
/lustre/janus_scratch/life9360/COR_YP/SEED/YA_2010.JUL.12.375212.seed 2010 7 12
/lustre/janus_scratch/life9360/COR_YP/SEED/YA_2010.JUL.13.117334.seed 2010 7 13
/lustre/janus_scratch/life9360/COR_YP/SEED/YA_2010.JUL.1.336082.seed 2010 7 1
/lustre/janus_scratch/life9360/COR_YP/SEED/YA_2010.JUL.14.96766.seed 2010 7 14
/lustre/janus_scratch/life9360/COR_YP/SEED/YA_2010.JUL.15.167035.seed 2010 7 15
/lustre/janus_scratch/life9360/COR_YP/SEED/YA_2010.JUL.16.93393.seed 2010 7 16
/lustre/janus_scratch/life9360/COR_YP/SEED/YA_2010.JUL.17.591764.seed 2010 7 17
/lustre/janus_scratch/life9360/COR_YP/SEED/YA_2010.JUL.18.567012.seed 2010 7 18
/lustre/janus_scratch/life9360/COR_YP/SEED/YA_2010.JUL.19.213145.seed 2010 7 19
/lustre/janus_scratch/life9360/COR_YP/SEED/YA_2010.JUL.20.770786.seed 2010 7 20
/lustre/janus_scratch/life9360/COR_YP/SEED/YA_2010.JUL.21.987331.seed 2010 7 21
/lustre/janus_scratch/life9360/COR_YP/SEED/YA_2010.JUL.22.355455.seed 2010 7 22
/lustre/janus_scratch/life9360/COR_YP/SEED/YA_2010.JUL.23.559619.seed 2010 7 23
/lustre/janus_scratch/life9360/COR_YP/SEED/YA_2010.JUL.2.420480.seed 2010 7 2
/lustre/janus_scratch/life9360/COR_YP/SEED/YA_2010.JUL.24.877198.seed 2010 7 24
/lustre/janus_scratch/life9360/COR_YP/SEED/YA_2010.JUL.25.407682.seed 2010 7 25
/lustre/janus_scratch/life9360/COR_YP/SEED/YA_2010.JUL.26.813436.seed 2010 7 26
/lustre/janus_scratch/life9360/COR_YP/SEED/YA_2010.JUL.27.988945.seed 2010 7 27
/lustre/janus_scratch/life9360/COR_YP/SEED/YA_2010.JUL.28.837347.seed 2010 7 28
/lustre/janus_scratch/life9360/COR_YP/SEED/YA_2010.JUL.29.602958.seed 2010 7 29
/lustre/janus_scratch/life9360/COR_YP/SEED/YA_2010.JUL.30.327049.seed 2010 7 30
/lustre/janus_scratch/life9360/COR_YP/SEED/YA_2010.JUL.31.264884.seed 2010 7 31
/lustre/janus_scratch/life9360/COR_YP/SEED/YA_2010.JUL.3.560070.seed 2010 7 3
/lustre/janus_scratch/life9360/COR_YP/SEED/YA_2010.JUL.4.275411.seed 2010 7 4
/lustre/janus_scratch/life9360/COR_YP/SEED/YA_2010.JUL.5.764530.seed 2010 7 5
/lustre/janus_scratch/life9360/COR_YP/SEED/YA_2010.JUL.6.488901.seed 2010 7 6
/lustre/janus_scratch/life9360/COR_YP/SEED/YA_2010.JUL.7.324623.seed 2010 7 7
/lustre/janus_scratch/life9360/COR_YP/SEED/YA_2010.JUL.8.86544.seed 2010 7 8
/lustre/janus_scratch/life9360/COR_YP/SEED/YA_2010.JUL.9.712346.seed 2010 7 9
/lustre/janus_scratch/life9360/COR_YP/SEED/YA_2010.JUN.10.151386.seed 2010 6 10
/lustre/janus_scratch/life9360/COR_YP/SEED/YA_2010.JUN.11.95402.seed 2010 6 11
/lustre/janus_scratch/life9360/COR_YP/SEED/YA_2010.JUN.12.757793.seed 2010 6 12
/lustre/janus_scratch/life9360/COR_YP/SEED/YA_2010.JUN.13.305758.seed 2010 6 13
/lustre/janus_scratch/life9360/COR_YP/SEED/YA_2010.JUN.14.87160.seed 2010 6 14
/lustre/janus_scratch/life9360/COR_YP/SEED/YA_2010.JUN.15.334007.seed 2010 6 15
/lustre/janus_scratch/life9360/COR_YP/SEED/YA_2010.JUN.16.44734.seed 2010 6 16
/lustre/janus_scratch/life9360/COR_YP/SEED/YA_2010.JUN.17.972339.seed 2010 6 17
/lustre/janus_scratch/life9360/COR_YP/SEED/YA_2010.JUN.18.527356.seed 2010 6 18
/lustre/janus_scratch/life9360/COR_YP/SEED/YA_2010.JUN.19.681640.seed 2010 6 19
/lustre/janus_scratch/life9360/COR_YP/SEED/YA_2010.JUN.1.985442.seed 2010 6 1
/lustre/janus_scratch/life9360/COR_YP/SEED/YA_2010.JUN.20.853542.seed 2010 6 20
/lustre/janus_scratch/life9360/COR_YP/SEED/YA_2010.JUN.21.285599.seed 2010 6 21
/lustre/janus_scratch/life9360/COR_YP/SEED/YA_2010.JUN.2.213792.seed 2010 6 2
/lustre/janus_scratch/life9360/COR_YP/SEED/YA_2010.JUN.22.321724.seed 2010 6 22
/lustre/janus_scratch/life9360/COR_YP/SEED/YA_2010.JUN.23.331056.seed 2010 6 23
/lustre/janus_scratch/life9360/COR_YP/SEED/YA_2010.JUN.24.657165.seed 2010 6 24
/lustre/janus_scratch/life9360/COR_YP/SEED/YA_2010.JUN.25.908095.seed 2010 6 25
/lustre/janus_scratch/life9360/COR_YP/SEED/YA_2010.JUN.26.702612.seed 2010 6 26
/lustre/janus_scratch/life9360/COR_YP/SEED/YA_2010.JUN.27.637389.seed 2010 6 27
/lustre/janus_scratch/life9360/COR_YP/SEED/YA_2010.JUN.28.313510.seed 2010 6 28
/lustre/janus_scratch/life9360/COR_YP/SEED/YA_2010.JUN.29.413612.seed 2010 6 29
/lustre/janus_scratch/life9360/COR_YP/SEED/YA_2010.JUN.30.49371.seed 2010 6 30
/lustre/janus_scratch/life9360/COR_YP/SEED/YA_2010.JUN.3.975751.seed 2010 6 3
/lustre/janus_scratch/life9360/COR_YP/SEED/YA_2010.JUN.4.759701.seed 2010 6 4
/lustre/janus_scratch/life9360/COR_YP/SEED/YA_2010.JUN.5.567808.seed 2010 6 5
/lustre/janus_scratch/life9360/COR_YP/SEED/YA_2010.JUN.6.555970.seed 2010 6 6
/lustre/janus_scratch/life9360/COR_YP/SEED/YA_2010.JUN.7.703965.seed 2010 6 7
/lustre/janus_scratch/life9360/COR_YP/SEED/YA_2010.JUN.8.387484.seed 2010 6 8
/lustre/janus_scratch/life9360/COR_YP/SEED/YA_2010.JUN.9.961650.seed 2010 6 9
/lustre/janus_scratch/life9360/COR_YP/SEED/YA_2010.MAR.10.983369.seed 2010 3 10
/lustre/janus_scratch/life9360/COR_YP/SEED/YA_2010.MAR.11.65473.seed 2010 3 11
/lustre/janus_scratch/life9360/COR_YP/SEED/YA_2010.MAR.12.237136.seed 2010 3 12
/lustre/janus_scratch/life9360/COR_YP/SEED/YA_2010.MAR.13.117463.seed 2010 3 13
/lustre/janus_scratch/life9360/COR_YP/SEED/YA_2010.MAR.14.315998.seed 2010 3 14
/lustre/janus_scratch/life9360/COR_YP/SEED/YA_2010.MAR.15.522487.seed 2010 3 15
/lustre/janus_scratch/life9360/COR_YP/SEED/YA_2010.MAR.1.567990.seed 2010 3 1
/lustre/janus_scratch/life9360/COR_YP/SEED/YA_2010.MAR.16.112346.seed 2010 3 16
/lustre/janus_scratch/life9360/COR_YP/SEED/YA_2010.MAR.17.546108.seed 2010 3 17
/lustre/janus_scratch/life9360/COR_YP/SEED/YA_2010.MAR.18.716159.seed 2010 3 18
/lustre/janus_scratch/life9360/COR_YP/SEED/YA_2010.MAR.19.150024.seed 2010 3 19
/lustre/janus_scratch/life9360/COR_YP/SEED/YA_2010.MAR.20.560647.seed 2010 3 20
/lustre/janus_scratch/life9360/COR_YP/SEED/YA_2010.MAR.2.109346.seed 2010 3 2
/lustre/janus_scratch/life9360/COR_YP/SEED/YA_2010.MAR.21.297680.seed 2010 3 21
/lustre/janus_scratch/life9360/COR_YP/SEED/YA_2010.MAR.22.643488.seed 2010 3 22
/lustre/janus_scratch/life9360/COR_YP/SEED/YA_2010.MAR.23.589090.seed 2010 3 23
/lustre/janus_scratch/life9360/COR_YP/SEED/YA_2010.MAR.24.10491.seed 2010 3 24
/lustre/janus_scratch/life9360/COR_YP/SEED/YA_2010.MAR.25.375478.seed 2010 3 25
/lustre/janus_scratch/life9360/COR_YP/SEED/YA_2010.MAR.26.441357.seed 2010 3 26
/lustre/janus_scratch/life9360/COR_YP/SEED/YA_2010.MAR.27.230839.seed 2010 3 27
/lustre/janus_scratch/life9360/COR_YP/SEED/YA_2010.MAR.28.639115.seed 2010 3 28
/lustre/janus_scratch/life9360/COR_YP/SEED/YA_2010.MAR.29.145361.seed 2010 3 29
/lustre/janus_scratch/life9360/COR_YP/SEED/YA_2010.MAR.30.668059.seed 2010 3 30
/lustre/janus_scratch/life9360/COR_YP/SEED/YA_2010.MAR.31.980952.seed 2010 3 31
/lustre/janus_scratch/life9360/COR_YP/SEED/YA_2010.MAR.3.957666.seed 2010 3 3
/lustre/janus_scratch/life9360/COR_YP/SEED/YA_2010.MAR.4.671012.seed 2010 3 4
/lustre/janus_scratch/life9360/COR_YP/SEED/YA_2010.MAR.5.168538.seed 2010 3 5
/lustre/janus_scratch/life9360/COR_YP/SEED/YA_2010.MAR.6.695656.seed 2010 3 6
/lustre/janus_scratch/life9360/COR_YP/SEED/YA_2010.MAR.7.526328.seed 2010 3 7
/lustre/janus_scratch/life9360/COR_YP/SEED/YA_2010.MAR.8.687106.seed 2010 3 8
/lustre/janus_scratch/life9360/COR_YP/SEED/YA_2010.MAR.9.969469.seed 2010 3 9
/lustre/janus_scratch/life9360/COR_YP/SEED/YA_2010.MAY.10.139324.seed 2010 5 10
/lustre/janus_scratch/life9360/COR_YP/SEED/YA_2010.MAY.11.481682.seed 2010 5 11
/lustre/janus_scratch/life9360/COR_YP/SEED/YA_2010.MAY.12.494649.seed 2010 5 12
/lustre/janus_scratch/life9360/COR_YP/SEED/YA_2010.MAY.13.147482.seed 2010 5 13
/lustre/janus_scratch/life9360/COR_YP/SEED/YA_2010.MAY.1.328815.seed 2010 5 1
/lustre/janus_scratch/life9360/COR_YP/SEED/YA_2010.MAY.14.434293.seed 2010 5 14
/lustre/janus_scratch/life9360/COR_YP/SEED/YA_2010.MAY.15.144020.seed 2010 5 15
/lustre/janus_scratch/life9360/COR_YP/SEED/YA_2010.MAY.16.315752.seed 2010 5 16
/lustre/janus_scratch/life9360/COR_YP/SEED/YA_2010.MAY.17.897804.seed 2010 5 17
/lustre/janus_scratch/life9360/COR_YP/SEED/YA_2010.MAY.18.38279.seed 2010 5 18
/lustre/janus_scratch/life9360/COR_YP/SEED/YA_2010.MAY.19.22691.seed 2010 5 19
/lustre/janus_scratch/life9360/COR_YP/SEED/YA_2010.MAY.20.764946.seed 2010 5 20
/lustre/janus_scratch/life9360/COR_YP/SEED/YA_2010.MAY.22.700916.seed 2010 5 22
/lustre/janus_scratch/life9360/COR_YP/SEED/YA_2010.MAY.23.325263.seed 2010 5 23
/lustre/janus_scratch/life9360/COR_YP/SEED/YA_2010.MAY.2.364997.seed 2010 5 2
/lustre/janus_scratch/life9360/COR_YP/SEED/YA_2010.MAY.24.62261.seed 2010 5 24
/lustre/janus_scratch/life9360/COR_YP/SEED/YA_2010.MAY.25.612019.seed 2010 5 25
/lustre/janus_scratch/life9360/COR_YP/SEED/YA_2010.MAY.26.137102.seed 2010 5 26
/lustre/janus_scratch/life9360/COR_YP/SEED/YA_2010.MAY.27.849736.seed 2010 5 27
/lustre/janus_scratch/life9360/COR_YP/SEED/YA_2010.MAY.28.119442.seed 2010 5 28
/lustre/janus_scratch/life9360/COR_YP/SEED/YA_2010.MAY.29.745854.seed 2010 5 29
/lustre/janus_scratch/life9360/COR_YP/SEED/YA_2010.MAY.30.207678.seed 2010 5 30
/lustre/janus_scratch/life9360/COR_YP/SEED/YA_2010.MAY.31.274813.seed 2010 5 31
/lustre/janus_scratch/life9360/COR_YP/SEED/YA_2010.MAY.3.646184.seed 2010 5 3
/lustre/janus_scratch/life9360/COR_YP/SEED/YA_2010.MAY.4.787308.seed 2010 5 4
/lustre/janus_scratch/life9360/COR_YP/SEED/YA_2010.MAY.5.700675.seed 2010 5 5
/lustre/janus_scratch/life9360/COR_YP/SEED/YA_2010.MAY.6.534153.seed 2010 5 6
/lustre/janus_scratch/life9360/COR_YP/SEED/YA_2010.MAY.7.124272.seed 2010 5 7
/lustre/janus_scratch/life9360/COR_YP/SEED/YA_2010.MAY.8.956938.seed 2010 5 8
/lustre/janus_scratch/life9360/COR_YP/SEED/YA_2010.MAY.9.176360.seed 2010 5 9
/lustre/janus_scratch/life9360/COR_YP/SEED/YA_2010.NOV.10.462406.seed 2010 11 10
/lustre/janus_scratch/life9360/COR_YP/SEED/YA_2010.NOV.11.953269.seed 2010 11 11
/lustre/janus_scratch/life9360/COR_YP/SEED/YA_2010.NOV.12.561355.seed 2010 11 12
/lustre/janus_scratch/life9360/COR_YP/SEED/YA_2010.NOV.13.567926.seed 2010 11 13
/lustre/janus_scratch/life9360/COR_YP/SEED/YA_2010.NOV.14.958498.seed 2010 11 14
/lustre/janus_scratch/life9360/COR_YP/SEED/YA_2010.NOV.15.892463.seed 2010 11 15
/lustre/janus_scratch/life9360/COR_YP/SEED/YA_2010.NOV.16.258580.seed 2010 11 16
/lustre/janus_scratch/life9360/COR_YP/SEED/YA_2010.NOV.17.241058.seed 2010 11 17
/lustre/janus_scratch/life9360/COR_YP/SEED/YA_2010.NOV.18.277696.seed 2010 11 18
/lustre/janus_scratch/life9360/COR_YP/SEED/YA_2010.NOV.1.957021.seed 2010 11 1
/lustre/janus_scratch/life9360/COR_YP/SEED/YA_2010.NOV.19.612331.seed 2010 11 19
/lustre/janus_scratch/life9360/COR_YP/SEED/YA_2010.NOV.20.384277.seed 2010 11 20
/lustre/janus_scratch/life9360/COR_YP/SEED/YA_2010.NOV.2.131982.seed 2010 11 2
/lustre/janus_scratch/life9360/COR_YP/SEED/YA_2010.NOV.21.357568.seed 2010 11 21
/lustre/janus_scratch/life9360/COR_YP/SEED/YA_2010.NOV.22.995402.seed 2010 11 22
/lustre/janus_scratch/life9360/COR_YP/SEED/YA_2010.NOV.23.915854.seed 2010 11 23
/lustre/janus_scratch/life9360/COR_YP/SEED/YA_2010.NOV.24.115378.seed 2010 11 24
/lustre/janus_scratch/life9360/COR_YP/SEED/YA_2010.NOV.25.991354.seed 2010 11 25
/lustre/janus_scratch/life9360/COR_YP/SEED/YA_2010.NOV.26.933056.seed 2010 11 26
/lustre/janus_scratch/life9360/COR_YP/SEED/YA_2010.NOV.27.831475.seed 2010 11 27
/lustre/janus_scratch/life9360/COR_YP/SEED/YA_2010.NOV.28.570571.seed 2010 11 28
/lustre/janus_scratch/life9360/COR_YP/SEED/YA_2010.NOV.29.43745.seed 2010 11 29
/lustre/janus_scratch/life9360/COR_YP/SEED/YA_2010.NOV.30.920346.seed 2010 11 30
/lustre/janus_scratch/life9360/COR_YP/SEED/YA_2010.NOV.3.321427.seed 2010 11 3
/lustre/janus_scratch/life9360/COR_YP/SEED/YA_2010.NOV.4.812644.seed 2010 11 4
/lustre/janus_scratch/life9360/COR_YP/SEED/YA_2010.NOV.5.649677.seed 2010 11 5
/lustre/janus_scratch/life9360/COR_YP/SEED/YA_2010.NOV.6.210041.seed 2010 11 6
/lustre/janus_scratch/life9360/COR_YP/SEED/YA_2010.NOV.7.352783.seed 2010 11 7
/lustre/janus_scratch/life9360/COR_YP/SEED/YA_2010.NOV.8.927361.seed 2010 11 8
/lustre/janus_scratch/life9360/COR_YP/SEED/YA_2010.NOV.9.119482.seed 2010 11 9
/lustre/janus_scratch/life9360/COR_YP/SEED/YA_2010.OCT.10.533313.seed 2010 10 10
/lustre/janus_scratch/life9360/COR_YP/SEED/YA_2010.OCT.11.540656.seed 2010 10 11
/lustre/janus_scratch/life9360/COR_YP/SEED/YA_2010.OCT.12.866974.seed 2010 10 12
/lustre/janus_scratch/life9360/COR_YP/SEED/YA_2010.OCT.13.798465.seed 2010 10 13
/lustre/janus_scratch/life9360/COR_YP/SEED/YA_2010.OCT.1.412776.seed 2010 10 1
/lustre/janus_scratch/life9360/COR_YP/SEED/YA_2010.OCT.14.811723.seed 2010 10 14
/lustre/janus_scratch/life9360/COR_YP/SEED/YA_2010.OCT.15.731014.seed 2010 10 15
/lustre/janus_scratch/life9360/COR_YP/SEED/YA_2010.OCT.16.368739.seed 2010 10 16
/lustre/janus_scratch/life9360/COR_YP/SEED/YA_2010.OCT.17.183909.seed 2010 10 17
/lustre/janus_scratch/life9360/COR_YP/SEED/YA_2010.OCT.18.604345.seed 2010 10 18
/lustre/janus_scratch/life9360/COR_YP/SEED/YA_2010.OCT.19.322817.seed 2010 10 19
/lustre/janus_scratch/life9360/COR_YP/SEED/YA_2010.OCT.20.955699.seed 2010 10 20
/lustre/janus_scratch/life9360/COR_YP/SEED/YA_2010.OCT.21.309606.seed 2010 10 21
/lustre/janus_scratch/life9360/COR_YP/SEED/YA_2010.OCT.22.65207.seed 2010 10 22
/lustre/janus_scratch/life9360/COR_YP/SEED/YA_2010.OCT.23.481401.seed 2010 10 23
/lustre/janus_scratch/life9360/COR_YP/SEED/YA_2010.OCT.24.288279.seed 2010 10 24
/lustre/janus_scratch/life9360/COR_YP/SEED/YA_2010.OCT.25.357742.seed 2010 10 25
/lustre/janus_scratch/life9360/COR_YP/SEED/YA_2010.OCT.26.812192.seed 2010 10 26
/lustre/janus_scratch/life9360/COR_YP/SEED/YA_2010.OCT.27.41421.seed 2010 10 27
/lustre/janus_scratch/life9360/COR_YP/SEED/YA_2010.OCT.2.788003.seed 2010 10 2
/lustre/janus_scratch/life9360/COR_YP/SEED/YA_2010.OCT.28.980421.seed 2010 10 28
/lustre/janus_scratch/life9360/COR_YP/SEED/YA_2010.OCT.29.82724.seed 2010 10 29
/lustre/janus_scratch/life9360/COR_YP/SEED/YA_2010.OCT.30.637606.seed 2010 10 30
/lustre/janus_scratch/life9360/COR_YP/SEED/YA_2010.OCT.31.300390.seed 2010 10 31
/lustre/janus_scratch/life9360/COR_YP/SEED/YA_2010.OCT.3.283421.seed 2010 10 3
/lustre/janus_scratch/life9360/COR_YP/SEED/YA_2010.OCT.4.251035.seed 2010 10 4
/lustre/janus_scratch/life9360/COR_YP/SEED/YA_2010.OCT.5.352668.seed 2010 10 5
/lustre/janus_scratch/life9360/COR_YP/SEED/YA_2010.OCT.6.595833.seed 2010 10 6
/lustre/janus_scratch/life9360/COR_YP/SEED/YA_2010.OCT.7.506116.seed 2010 10 7
/lustre/janus_scratch/life9360/COR_YP/SEED/YA_2010.OCT.8.377702.seed 2010 10 8
/lustre/janus_scratch/life9360/COR_YP/SEED/YA_2010.OCT.9.614872.seed 2010 10 9
/lustre/janus_scratch/life9360/COR_YP/SEED/YA_2010.SEP.10.20754.seed 2010 9 10
/lustre/janus_scratch/life9360/COR_YP/SEED/YA_2010.SEP.11.876348.seed 2010 9 11
/lustre/janus_scratch/life9360/COR_YP/SEED/YA_2010.SEP.12.868638.seed 2010 9 12
/lustre/janus_scratch/life9360/COR_YP/SEED/YA_2010.SEP.1.311718.seed 2010 9 1
/lustre/janus_scratch/life9360/COR_YP/SEED/YA_2010.SEP.13.26725.seed 2010 9 13
/lustre/janus_scratch/life9360/COR_YP/SEED/YA_2010.SEP.14.3803.seed 2010 9 14
/lustre/janus_scratch/life9360/COR_YP/SEED/YA_2010.SEP.15.830664.seed 2010 9 15
/lustre/janus_scratch/life9360/COR_YP/SEED/YA_2010.SEP.16.81246.seed 2010 9 16
/lustre/janus_scratch/life9360/COR_YP/SEED/YA_2010.SEP.17.595621.seed 2010 9 17
/lustre/janus_scratch/life9360/COR_YP/SEED/YA_2010.SEP.18.573451.seed 2010 9 18
/lustre/janus_scratch/life9360/COR_YP/SEED/YA_2010.SEP.19.69809.seed 2010 9 19
/lustre/janus_scratch/life9360/COR_YP/SEED/YA_2010.SEP.20.854583.seed 2010 9 20
/lustre/janus_scratch/life9360/COR_YP/SEED/YA_2010.SEP.21.743569.seed 2010 9 21
/lustre/janus_scratch/life9360/COR_YP/SEED/YA_2010.SEP.22.265806.seed 2010 9 22
/lustre/janus_scratch/life9360/COR_YP/SEED/YA_2010.SEP.23.573612.seed 2010 9 23
/lustre/janus_scratch/life9360/COR_YP/SEED/YA_2010.SEP.2.391956.seed 2010 9 2
/lustre/janus_scratch/life9360/COR_YP/SEED/YA_2010.SEP.24.240214.seed 2010 9 24
/lustre/janus_scratch/life9360/COR_YP/SEED/YA_2010.SEP.25.276054.seed 2010 9 25
/lustre/janus_scratch/life9360/COR_YP/SEED/YA_2010.SEP.26.158866.seed 2010 9 26
/lustre/janus_scratch/life9360/COR_YP/SEED/YA_2010.SEP.27.10887.seed 2010 9 27
/lustre/janus_scratch/life9360/COR_YP/SEED/YA_2010.SEP.28.989823.seed 2010 9 28
/lustre/janus_scratch/life9360/COR_YP/SEED/YA_2010.SEP.29.970241.seed 2010 9 29
/lustre/janus_scratch/life9360/COR_YP/SEED/YA_2010.SEP.30.850107.seed 2010 9 30
/lustre/janus_scratch/life9360/COR_YP/SEED/YA_2010.SEP.3.33396.seed 2010 9 3
/lustre/janus_scratch/life9360/COR_YP/SEED/YA_2010.SEP.4.423348.seed 2010 9 4
/lustre/janus_scratch/life9360/COR_YP/SEED/YA_2010.SEP.5.936160.seed 2010 9 5
/lustre/janus_scratch/life9360/COR_YP/SEED/YA_2010.SEP.6.431752.seed 2010 9 6
/lustre/janus_scratch/life9360/COR_YP/SEED/YA_2010.SEP.7.939589.seed 2010 9 7
/lustre/janus_scratch/life9360/COR_YP/SEED/YA_2010.SEP.8.370565.seed 2010 9 8
/lustre/janus_scratch/life9360/COR_YP/SEED/YA_2010.SEP.9.52972.seed 2010 9 9
/lustre/janus_scratch/life9360/COR_YP/SEED/YA_2011.APR.10.315268.seed 2011 4 10
/lustre/janus_scratch/life9360/COR_YP/SEED/YA_2011.APR.11.255804.seed 2011 4 11
/lustre/janus_scratch/life9360/COR_YP/SEED/YA_2011.APR.1.127495.seed 2011 4 1
/lustre/janus_scratch/life9360/COR_YP/SEED/YA_2011.APR.12.805897.seed 2011 4 12
/lustre/janus_scratch/life9360/COR_YP/SEED/YA_2011.APR.13.476747.seed 2011 4 13
/lustre/janus_scratch/life9360/COR_YP/SEED/YA_2011.APR.14.759691.seed 2011 4 14
/lustre/janus_scratch/life9360/COR_YP/SEED/YA_2011.APR.15.87865.seed 2011 4 15
/lustre/janus_scratch/life9360/COR_YP/SEED/YA_2011.APR.16.339480.seed 2011 4 16
/lustre/janus_scratch/life9360/COR_YP/SEED/YA_2011.APR.17.203137.seed 2011 4 17
/lustre/janus_scratch/life9360/COR_YP/SEED/YA_2011.APR.18.319128.seed 2011 4 18
/lustre/janus_scratch/life9360/COR_YP/SEED/YA_2011.APR.19.402001.seed 2011 4 19
/lustre/janus_scratch/life9360/COR_YP/SEED/YA_2011.APR.20.864668.seed 2011 4 20
/lustre/janus_scratch/life9360/COR_YP/SEED/YA_2011.APR.21.986577.seed 2011 4 21
/lustre/janus_scratch/life9360/COR_YP/SEED/YA_2011.APR.2.223072.seed 2011 4 2
/lustre/janus_scratch/life9360/COR_YP/SEED/YA_2011.APR.22.836808.seed 2011 4 22
/lustre/janus_scratch/life9360/COR_YP/SEED/YA_2011.APR.23.870159.seed 2011 4 23
/lustre/janus_scratch/life9360/COR_YP/SEED/YA_2011.APR.24.879747.seed 2011 4 24
/lustre/janus_scratch/life9360/COR_YP/SEED/YA_2011.APR.25.646554.seed 2011 4 25
/lustre/janus_scratch/life9360/COR_YP/SEED/YA_2011.APR.26.801640.seed 2011 4 26
/lustre/janus_scratch/life9360/COR_YP/SEED/YA_2011.APR.27.346929.seed 2011 4 27
/lustre/janus_scratch/life9360/COR_YP/SEED/YA_2011.APR.28.806441.seed 2011 4 28
/lustre/janus_scratch/life9360/COR_YP/SEED/YA_2011.APR.29.348074.seed 2011 4 29
/lustre/janus_scratch/life9360/COR_YP/SEED/YA_2011.APR.30.79858.seed 2011 4 30
/lustre/janus_scratch/life9360/COR_YP/SEED/YA_2011.APR.3.365552.seed 2011 4 3
/lustre/janus_scratch/life9360/COR_YP/SEED/YA_2011.APR.4.204110.seed 2011 4 4
/lustre/janus_scratch/life9360/COR_YP/SEED/YA_2011.APR.5.191375.seed 2011 4 5
/lustre/janus_scratch/life9360/COR_YP/SEED/YA_2011.APR.6.489318.seed 2011 4 6
/lustre/janus_scratch/life9360/COR_YP/SEED/YA_2011.APR.7.535185.seed 2011 4 7
/lustre/janus_scratch/life9360/COR_YP/SEED/YA_2011.APR.8.761434.seed 2011 4 8
/lustre/janus_scratch/life9360/COR_YP/SEED/YA_2011.APR.9.800279.seed 2011 4 9
/lustre/janus_scratch/life9360/COR_YP/SEED/YA_2011.AUG.10.993574.seed 2011 8 10
/lustre/janus_scratch/life9360/COR_YP/SEED/YA_2011.AUG.11.340724.seed 2011 8 11
/lustre/janus_scratch/life9360/COR_YP/SEED/YA_2011.AUG.1.164948.seed 2011 8 1
/lustre/janus_scratch/life9360/COR_YP/SEED/YA_2011.AUG.12.479594.seed 2011 8 12
/lustre/janus_scratch/life9360/COR_YP/SEED/YA_2011.AUG.13.808479.seed 2011 8 13
/lustre/janus_scratch/life9360/COR_YP/SEED/YA_2011.AUG.14.340959.seed 2011 8 14
/lustre/janus_scratch/life9360/COR_YP/SEED/YA_2011.AUG.15.891832.seed 2011 8 15
/lustre/janus_scratch/life9360/COR_YP/SEED/YA_2011.AUG.16.552319.seed 2011 8 16
/lustre/janus_scratch/life9360/COR_YP/SEED/YA_2011.AUG.17.990554.seed 2011 8 17
/lustre/janus_scratch/life9360/COR_YP/SEED/YA_2011.AUG.18.938007.seed 2011 8 18
/lustre/janus_scratch/life9360/COR_YP/SEED/YA_2011.AUG.19.95799.seed 2011 8 19
/lustre/janus_scratch/life9360/COR_YP/SEED/YA_2011.AUG.2.319997.seed 2011 8 2
/lustre/janus_scratch/life9360/COR_YP/SEED/YA_2011.AUG.3.204723.seed 2011 8 3
/lustre/janus_scratch/life9360/COR_YP/SEED/YA_2011.AUG.4.122661.seed 2011 8 4
/lustre/janus_scratch/life9360/COR_YP/SEED/YA_2011.AUG.5.188988.seed 2011 8 5
/lustre/janus_scratch/life9360/COR_YP/SEED/YA_2011.AUG.6.202488.seed 2011 8 6
/lustre/janus_scratch/life9360/COR_YP/SEED/YA_2011.AUG.7.806107.seed 2011 8 7
/lustre/janus_scratch/life9360/COR_YP/SEED/YA_2011.AUG.8.523065.seed 2011 8 8
/lustre/janus_scratch/life9360/COR_YP/SEED/YA_2011.AUG.9.979791.seed 2011 8 9
/lustre/janus_scratch/life9360/COR_YP/SEED/YA_2011.FEB.10.150260.seed 2011 2 10
/lustre/janus_scratch/life9360/COR_YP/SEED/YA_2011.FEB.11.464067.seed 2011 2 11
/lustre/janus_scratch/life9360/COR_YP/SEED/YA_2011.FEB.12.833902.seed 2011 2 12
/lustre/janus_scratch/life9360/COR_YP/SEED/YA_2011.FEB.13.469394.seed 2011 2 13
/lustre/janus_scratch/life9360/COR_YP/SEED/YA_2011.FEB.14.623852.seed 2011 2 14
/lustre/janus_scratch/life9360/COR_YP/SEED/YA_2011.FEB.15.846559.seed 2011 2 15
/lustre/janus_scratch/life9360/COR_YP/SEED/YA_2011.FEB.16.121176.seed 2011 2 16
/lustre/janus_scratch/life9360/COR_YP/SEED/YA_2011.FEB.17.325734.seed 2011 2 17
/lustre/janus_scratch/life9360/COR_YP/SEED/YA_2011.FEB.18.332147.seed 2011 2 18
/lustre/janus_scratch/life9360/COR_YP/SEED/YA_2011.FEB.19.475997.seed 2011 2 19
/lustre/janus_scratch/life9360/COR_YP/SEED/YA_2011.FEB.1.947630.seed 2011 2 1
/lustre/janus_scratch/life9360/COR_YP/SEED/YA_2011.FEB.20.770147.seed 2011 2 20
/lustre/janus_scratch/life9360/COR_YP/SEED/YA_2011.FEB.21.985160.seed 2011 2 21
/lustre/janus_scratch/life9360/COR_YP/SEED/YA_2011.FEB.22.419347.seed 2011 2 22
/lustre/janus_scratch/life9360/COR_YP/SEED/YA_2011.FEB.23.222323.seed 2011 2 23
/lustre/janus_scratch/life9360/COR_YP/SEED/YA_2011.FEB.24.591036.seed 2011 2 24
/lustre/janus_scratch/life9360/COR_YP/SEED/YA_2011.FEB.25.263819.seed 2011 2 25
/lustre/janus_scratch/life9360/COR_YP/SEED/YA_2011.FEB.26.35645.seed 2011 2 26
/lustre/janus_scratch/life9360/COR_YP/SEED/YA_2011.FEB.27.962199.seed 2011 2 27
/lustre/janus_scratch/life9360/COR_YP/SEED/YA_2011.FEB.2.859087.seed 2011 2 2
/lustre/janus_scratch/life9360/COR_YP/SEED/YA_2011.FEB.28.669359.seed 2011 2 28
/lustre/janus_scratch/life9360/COR_YP/SEED/YA_2011.FEB.3.184387.seed 2011 2 3
/lustre/janus_scratch/life9360/COR_YP/SEED/YA_2011.FEB.4.415580.seed 2011 2 4
/lustre/janus_scratch/life9360/COR_YP/SEED/YA_2011.FEB.5.200176.seed 2011 2 5
/lustre/janus_scratch/life9360/COR_YP/SEED/YA_2011.FEB.6.986481.seed 2011 2 6
/lustre/janus_scratch/life9360/COR_YP/SEED/YA_2011.FEB.7.355746.seed 2011 2 7
/lustre/janus_scratch/life9360/COR_YP/SEED/YA_2011.FEB.8.910791.seed 2011 2 8
/lustre/janus_scratch/life9360/COR_YP/SEED/YA_2011.FEB.9.504461.seed 2011 2 9
/lustre/janus_scratch/life9360/COR_YP/SEED/YA_2011.JAN.10.882348.seed 2011 1 10
/lustre/janus_scratch/life9360/COR_YP/SEED/YA_2011.JAN.11.750903.seed 2011 1 11
/lustre/janus_scratch/life9360/COR_YP/SEED/YA_2011.JAN.12.810578.seed 2011 1 12
/lustre/janus_scratch/life9360/COR_YP/SEED/YA_2011.JAN.13.988654.seed 2011 1 13
/lustre/janus_scratch/life9360/COR_YP/SEED/YA_2011.JAN.14.65368.seed 2011 1 14
/lustre/janus_scratch/life9360/COR_YP/SEED/YA_2011.JAN.15.781704.seed 2011 1 15
/lustre/janus_scratch/life9360/COR_YP/SEED/YA_2011.JAN.1.589024.seed 2011 1 1
/lustre/janus_scratch/life9360/COR_YP/SEED/YA_2011.JAN.16.423101.seed 2011 1 16
/lustre/janus_scratch/life9360/COR_YP/SEED/YA_2011.JAN.17.578167.seed 2011 1 17
/lustre/janus_scratch/life9360/COR_YP/SEED/YA_2011.JAN.18.131142.seed 2011 1 18
/lustre/janus_scratch/life9360/COR_YP/SEED/YA_2011.JAN.19.711621.seed 2011 1 19
/lustre/janus_scratch/life9360/COR_YP/SEED/YA_2011.JAN.20.450247.seed 2011 1 20
/lustre/janus_scratch/life9360/COR_YP/SEED/YA_2011.JAN.21.896437.seed 2011 1 21
/lustre/janus_scratch/life9360/COR_YP/SEED/YA_2011.JAN.22.107602.seed 2011 1 22
/lustre/janus_scratch/life9360/COR_YP/SEED/YA_2011.JAN.23.73467.seed 2011 1 23
/lustre/janus_scratch/life9360/COR_YP/SEED/YA_2011.JAN.24.868633.seed 2011 1 24
/lustre/janus_scratch/life9360/COR_YP/SEED/YA_2011.JAN.25.951879.seed 2011 1 25
/lustre/janus_scratch/life9360/COR_YP/SEED/YA_2011.JAN.26.432174.seed 2011 1 26
/lustre/janus_scratch/life9360/COR_YP/SEED/YA_2011.JAN.2.698837.seed 2011 1 2
/lustre/janus_scratch/life9360/COR_YP/SEED/YA_2011.JAN.27.548120.seed 2011 1 27
/lustre/janus_scratch/life9360/COR_YP/SEED/YA_2011.JAN.28.358046.seed 2011 1 28
/lustre/janus_scratch/life9360/COR_YP/SEED/YA_2011.JAN.29.923464.seed 2011 1 29
/lustre/janus_scratch/life9360/COR_YP/SEED/YA_2011.JAN.30.980994.seed 2011 1 30
/lustre/janus_scratch/life9360/COR_YP/SEED/YA_2011.JAN.31.231753.seed 2011 1 31
/lustre/janus_scratch/life9360/COR_YP/SEED/YA_2011.JAN.3.665810.seed 2011 1 3
/lustre/janus_scratch/life9360/COR_YP/SEED/YA_2011.JAN.4.657182.seed 2011 1 4
/lustre/janus_scratch/life9360/COR_YP/SEED/YA_2011.JAN.5.755330.seed 2011 1 5
/lustre/janus_scratch/life9360/COR_YP/SEED/YA_2011.JAN.6.709288.seed 2011 1 6
/lustre/janus_scratch/life9360/COR_YP/SEED/YA_2011.JAN.7.677371.seed 2011 1 7
/lustre/janus_scratch/life9360/COR_YP/SEED/YA_2011.JAN.8.683972.seed 2011 1 8
/lustre/janus_scratch/life9360/COR_YP/SEED/YA_2011.JAN.9.103677.seed 2011 1 9
/lustre/janus_scratch/life9360/COR_YP/SEED/YA_2011.JUL.10.772859.seed 2011 7 10
/lustre/janus_scratch/life9360/COR_YP/SEED/YA_2011.JUL.1.107654.seed 2011 7 1
/lustre/janus_scratch/life9360/COR_YP/SEED/YA_2011.JUL.11.61411.seed 2011 7 11
/lustre/janus_scratch/life9360/COR_YP/SEED/YA_2011.JUL.12.475847.seed 2011 7 12
/lustre/janus_scratch/life9360/COR_YP/SEED/YA_2011.JUL.13.817024.seed 2011 7 13
/lustre/janus_scratch/life9360/COR_YP/SEED/YA_2011.JUL.14.66064.seed 2011 7 14
/lustre/janus_scratch/life9360/COR_YP/SEED/YA_2011.JUL.15.336997.seed 2011 7 15
/lustre/janus_scratch/life9360/COR_YP/SEED/YA_2011.JUL.16.113056.seed 2011 7 16
/lustre/janus_scratch/life9360/COR_YP/SEED/YA_2011.JUL.17.266366.seed 2011 7 17
/lustre/janus_scratch/life9360/COR_YP/SEED/YA_2011.JUL.18.59385.seed 2011 7 18
/lustre/janus_scratch/life9360/COR_YP/SEED/YA_2011.JUL.19.831681.seed 2011 7 19
/lustre/janus_scratch/life9360/COR_YP/SEED/YA_2011.JUL.20.98924.seed 2011 7 20
/lustre/janus_scratch/life9360/COR_YP/SEED/YA_2011.JUL.21.896876.seed 2011 7 21
/lustre/janus_scratch/life9360/COR_YP/SEED/YA_2011.JUL.22.830394.seed 2011 7 22
/lustre/janus_scratch/life9360/COR_YP/SEED/YA_2011.JUL.23.105972.seed 2011 7 23
/lustre/janus_scratch/life9360/COR_YP/SEED/YA_2011.JUL.2.318581.seed 2011 7 2
/lustre/janus_scratch/life9360/COR_YP/SEED/YA_2011.JUL.24.903022.seed 2011 7 24
/lustre/janus_scratch/life9360/COR_YP/SEED/YA_2011.JUL.25.656792.seed 2011 7 25
/lustre/janus_scratch/life9360/COR_YP/SEED/YA_2011.JUL.26.335758.seed 2011 7 26
/lustre/janus_scratch/life9360/COR_YP/SEED/YA_2011.JUL.27.252798.seed 2011 7 27
/lustre/janus_scratch/life9360/COR_YP/SEED/YA_2011.JUL.28.222029.seed 2011 7 28
/lustre/janus_scratch/life9360/COR_YP/SEED/YA_2011.JUL.29.916862.seed 2011 7 29
/lustre/janus_scratch/life9360/COR_YP/SEED/YA_2011.JUL.30.952441.seed 2011 7 30
/lustre/janus_scratch/life9360/COR_YP/SEED/YA_2011.JUL.31.893604.seed 2011 7 31
/lustre/janus_scratch/life9360/COR_YP/SEED/YA_2011.JUL.3.324990.seed 2011 7 3
/lustre/janus_scratch/life9360/COR_YP/SEED/YA_2011.JUL.4.992544.seed 2011 7 4
/lustre/janus_scratch/life9360/COR_YP/SEED/YA_2011.JUL.5.39496.seed 2011 7 5
/lustre/janus_scratch/life9360/COR_YP/SEED/YA_2011.JUL.6.492673.seed 2011 7 6
/lustre/janus_scratch/life9360/COR_YP/SEED/YA_2011.JUL.7.85528.seed 2011 7 7
/lustre/janus_scratch/life9360/COR_YP/SEED/YA_2011.JUL.8.949875.seed 2011 7 8
/lustre/janus_scratch/life9360/COR_YP/SEED/YA_2011.JUL.9.987861.seed 2011 7 9
/lustre/janus_scratch/life9360/COR_YP/SEED/YA_2011.JUN.10.256741.seed 2011 6 10
/lustre/janus_scratch/life9360/COR_YP/SEED/YA_2011.JUN.11.71719.seed 2011 6 11
/lustre/janus_scratch/life9360/COR_YP/SEED/YA_2011.JUN.12.943972.seed 2011 6 12
/lustre/janus_scratch/life9360/COR_YP/SEED/YA_2011.JUN.13.84406.seed 2011 6 13
/lustre/janus_scratch/life9360/COR_YP/SEED/YA_2011.JUN.14.410706.seed 2011 6 14
/lustre/janus_scratch/life9360/COR_YP/SEED/YA_2011.JUN.15.78766.seed 2011 6 15
/lustre/janus_scratch/life9360/COR_YP/SEED/YA_2011.JUN.16.194024.seed 2011 6 16
/lustre/janus_scratch/life9360/COR_YP/SEED/YA_2011.JUN.1.693271.seed 2011 6 1
/lustre/janus_scratch/life9360/COR_YP/SEED/YA_2011.JUN.17.967141.seed 2011 6 17
/lustre/janus_scratch/life9360/COR_YP/SEED/YA_2011.JUN.18.292624.seed 2011 6 18
/lustre/janus_scratch/life9360/COR_YP/SEED/YA_2011.JUN.19.63474.seed 2011 6 19
/lustre/janus_scratch/life9360/COR_YP/SEED/YA_2011.JUN.20.951148.seed 2011 6 20
/lustre/janus_scratch/life9360/COR_YP/SEED/YA_2011.JUN.21.391578.seed 2011 6 21
/lustre/janus_scratch/life9360/COR_YP/SEED/YA_2011.JUN.22.271617.seed 2011 6 22
/lustre/janus_scratch/life9360/COR_YP/SEED/YA_2011.JUN.23.261592.seed 2011 6 23
/lustre/janus_scratch/life9360/COR_YP/SEED/YA_2011.JUN.24.807146.seed 2011 6 24
/lustre/janus_scratch/life9360/COR_YP/SEED/YA_2011.JUN.25.811165.seed 2011 6 25
/lustre/janus_scratch/life9360/COR_YP/SEED/YA_2011.JUN.26.341254.seed 2011 6 26
/lustre/janus_scratch/life9360/COR_YP/SEED/YA_2011.JUN.27.330915.seed 2011 6 27
/lustre/janus_scratch/life9360/COR_YP/SEED/YA_2011.JUN.28.242317.seed 2011 6 28
/lustre/janus_scratch/life9360/COR_YP/SEED/YA_2011.JUN.2.904098.seed 2011 6 2
/lustre/janus_scratch/life9360/COR_YP/SEED/YA_2011.JUN.29.942501.seed 2011 6 29
/lustre/janus_scratch/life9360/COR_YP/SEED/YA_2011.JUN.30.201983.seed 2011 6 30
/lustre/janus_scratch/life9360/COR_YP/SEED/YA_2011.JUN.3.238277.seed 2011 6 3
/lustre/janus_scratch/life9360/COR_YP/SEED/YA_2011.JUN.4.779613.seed 2011 6 4
/lustre/janus_scratch/life9360/COR_YP/SEED/YA_2011.JUN.5.92580.seed 2011 6 5
/lustre/janus_scratch/life9360/COR_YP/SEED/YA_2011.JUN.6.706971.seed 2011 6 6
/lustre/janus_scratch/life9360/COR_YP/SEED/YA_2011.JUN.7.340000.seed 2011 6 7
/lustre/janus_scratch/life9360/COR_YP/SEED/YA_2011.JUN.8.733837.seed 2011 6 8
/lustre/janus_scratch/life9360/COR_YP/SEED/YA_2011.JUN.9.324402.seed 2011 6 9
/lustre/janus_scratch/life9360/COR_YP/SEED/YA_2011.MAR.10.987671.seed 2011 3 10
/lustre/janus_scratch/life9360/COR_YP/SEED/YA_2011.MAR.11.862979.seed 2011 3 11
/lustre/janus_scratch/life9360/COR_YP/SEED/YA_2011.MAR.12.776910.seed 2011 3 12
/lustre/janus_scratch/life9360/COR_YP/SEED/YA_2011.MAR.13.314492.seed 2011 3 13
/lustre/janus_scratch/life9360/COR_YP/SEED/YA_2011.MAR.14.288907.seed 2011 3 14
/lustre/janus_scratch/life9360/COR_YP/SEED/YA_2011.MAR.15.530774.seed 2011 3 15
/lustre/janus_scratch/life9360/COR_YP/SEED/YA_2011.MAR.16.274751.seed 2011 3 16
/lustre/janus_scratch/life9360/COR_YP/SEED/YA_2011.MAR.17.947143.seed 2011 3 17
/lustre/janus_scratch/life9360/COR_YP/SEED/YA_2011.MAR.1.838201.seed 2011 3 1
/lustre/janus_scratch/life9360/COR_YP/SEED/YA_2011.MAR.18.672363.seed 2011 3 18
/lustre/janus_scratch/life9360/COR_YP/SEED/YA_2011.MAR.19.397293.seed 2011 3 19
/lustre/janus_scratch/life9360/COR_YP/SEED/YA_2011.MAR.20.312770.seed 2011 3 20
/lustre/janus_scratch/life9360/COR_YP/SEED/YA_2011.MAR.21.380230.seed 2011 3 21
/lustre/janus_scratch/life9360/COR_YP/SEED/YA_2011.MAR.2.217843.seed 2011 3 2
/lustre/janus_scratch/life9360/COR_YP/SEED/YA_2011.MAR.22.333320.seed 2011 3 22
/lustre/janus_scratch/life9360/COR_YP/SEED/YA_2011.MAR.23.228829.seed 2011 3 23
/lustre/janus_scratch/life9360/COR_YP/SEED/YA_2011.MAR.24.47930.seed 2011 3 24
/lustre/janus_scratch/life9360/COR_YP/SEED/YA_2011.MAR.25.852592.seed 2011 3 25
/lustre/janus_scratch/life9360/COR_YP/SEED/YA_2011.MAR.26.348444.seed 2011 3 26
/lustre/janus_scratch/life9360/COR_YP/SEED/YA_2011.MAR.27.182302.seed 2011 3 27
/lustre/janus_scratch/life9360/COR_YP/SEED/YA_2011.MAR.28.135871.seed 2011 3 28
/lustre/janus_scratch/life9360/COR_YP/SEED/YA_2011.MAR.29.92747.seed 2011 3 29
/lustre/janus_scratch/life9360/COR_YP/SEED/YA_2011.MAR.30.97236.seed 2011 3 30
/lustre/janus_scratch/life9360/COR_YP/SEED/YA_2011.MAR.31.268280.seed 2011 3 31
/lustre/janus_scratch/life9360/COR_YP/SEED/YA_2011.MAR.3.75351.seed 2011 3 3
/lustre/janus_scratch/life9360/COR_YP/SEED/YA_2011.MAR.4.390996.seed 2011 3 4
/lustre/janus_scratch/life9360/COR_YP/SEED/YA_2011.MAR.5.560687.seed 2011 3 5
/lustre/janus_scratch/life9360/COR_YP/SEED/YA_2011.MAR.6.491754.seed 2011 3 6
/lustre/janus_scratch/life9360/COR_YP/SEED/YA_2011.MAR.7.583393.seed 2011 3 7
/lustre/janus_scratch/life9360/COR_YP/SEED/YA_2011.MAR.8.736662.seed 2011 3 8
/lustre/janus_scratch/life9360/COR_YP/SEED/YA_2011.MAR.9.886450.seed 2011 3 9
/lustre/janus_scratch/life9360/COR_YP/SEED/YA_2011.MAY.10.475496.seed 2011 5 10
/lustre/janus_scratch/life9360/COR_YP/SEED/YA_2011.MAY.11.800006.seed 2011 5 11
/lustre/janus_scratch/life9360/COR_YP/SEED/YA_2011.MAY.12.364597.seed 2011 5 12
/lustre/janus_scratch/life9360/COR_YP/SEED/YA_2011.MAY.13.503005.seed 2011 5 13
/lustre/janus_scratch/life9360/COR_YP/SEED/YA_2011.MAY.14.377762.seed 2011 5 14
/lustre/janus_scratch/life9360/COR_YP/SEED/YA_2011.MAY.15.103900.seed 2011 5 15
/lustre/janus_scratch/life9360/COR_YP/SEED/YA_2011.MAY.16.375191.seed 2011 5 16
/lustre/janus_scratch/life9360/COR_YP/SEED/YA_2011.MAY.17.332645.seed 2011 5 17
/lustre/janus_scratch/life9360/COR_YP/SEED/YA_2011.MAY.1.809465.seed 2011 5 1
/lustre/janus_scratch/life9360/COR_YP/SEED/YA_2011.MAY.18.338138.seed 2011 5 18
/lustre/janus_scratch/life9360/COR_YP/SEED/YA_2011.MAY.19.459129.seed 2011 5 19
/lustre/janus_scratch/life9360/COR_YP/SEED/YA_2011.MAY.20.412600.seed 2011 5 20
/lustre/janus_scratch/life9360/COR_YP/SEED/YA_2011.MAY.21.603033.seed 2011 5 21
/lustre/janus_scratch/life9360/COR_YP/SEED/YA_2011.MAY.2.25099.seed 2011 5 2
/lustre/janus_scratch/life9360/COR_YP/SEED/YA_2011.MAY.22.897064.seed 2011 5 22
/lustre/janus_scratch/life9360/COR_YP/SEED/YA_2011.MAY.23.11328.seed 2011 5 23
/lustre/janus_scratch/life9360/COR_YP/SEED/YA_2011.MAY.24.875343.seed 2011 5 24
/lustre/janus_scratch/life9360/COR_YP/SEED/YA_2011.MAY.25.917134.seed 2011 5 25
/lustre/janus_scratch/life9360/COR_YP/SEED/YA_2011.MAY.26.226144.seed 2011 5 26
/lustre/janus_scratch/life9360/COR_YP/SEED/YA_2011.MAY.27.940909.seed 2011 5 27
/lustre/janus_scratch/life9360/COR_YP/SEED/YA_2011.MAY.28.973635.seed 2011 5 28
/lustre/janus_scratch/life9360/COR_YP/SEED/YA_2011.MAY.29.179255.seed 2011 5 29
/lustre/janus_scratch/life9360/COR_YP/SEED/YA_2011.MAY.30.107030.seed 2011 5 30
/lustre/janus_scratch/life9360/COR_YP/SEED/YA_2011.MAY.31.938047.seed 2011 5 31
/lustre/janus_scratch/life9360/COR_YP/SEED/YA_2011.MAY.3.836487.seed 2011 5 3
/lustre/janus_scratch/life9360/COR_YP/SEED/YA_2011.MAY.4.290548.seed 2011 5 4
/lustre/janus_scratch/life9360/COR_YP/SEED/YA_2011.MAY.5.647751.seed 2011 5 5
/lustre/janus_scratch/life9360/COR_YP/SEED/YA_2011.MAY.6.843957.seed 2011 5 6
/lustre/janus_scratch/life9360/COR_YP/SEED/YA_2011.MAY.7.226563.seed 2011 5 7
/lustre/janus_scratch/life9360/COR_YP/SEED/YA_2011.MAY.8.191118.seed 2011 5 8
/lustre/janus_scratch/life9360/COR_YP/SEED/YA_2011.MAY.9.80352.seed 2011 5 9
