NE11 124.0526 42.8599
NE12 125.2178 42.4564
NE21 116.1108 42.0066
NE22 117.0494 41.9970
NE23 118.1500 42.3784
NE31 116.0817 42.6961
NE32 117.0701 42.6708
NE33 117.8858 42.9264
NE34 118.7719 42.9024
NE35 119.6932 42.8913
NE36 120.5840 42.5254
NE37 121.5467 42.6822
NE38 122.4103 42.8204
NE39 123.2868 42.9786
NE3A 126.6542 43.0745
NE3B 127.8161 42.7654
NE3C 128.7385 42.7441
NE41 116.1230 43.3073
NE42 116.9582 43.4028
NE43 118.8034 43.4251
NE44 119.6773 43.3707
NE45 120.6030 43.3725
NE46 121.4950 43.3884
NE47 124.3184 43.4586
NE48 127.6154 43.5932
NE49 128.7530 43.3930
NE4A 129.6744 43.3914
NE4B 130.5476 43.3375
NE51 115.9563 44.2400
NE52 117.0534 44.1316
NE53 117.9169 44.0928
NE54 118.9839 44.0618
NE55 121.5683 44.1859
NE56 122.3500 44.1095
NE57 123.2585 44.1229
NE58 125.3398 44.3552
NE59 125.9611 44.0959
NE5A 126.9144 44.0601
NE5B 127.9107 44.3347
NE5C 128.3369 43.7882
NE5D 129.6008 44.1076
NE5E 130.5566 44.0605
NE61 115.9918 44.8491
NE62 117.0628 44.8025
NE63 117.8140 44.7865
NE64 118.7632 44.7838
NE65 119.7083 44.7735
NE66 120.7042 45.0041
NE67 121.7390 44.8796
NE68 122.8454 44.8973
NE69 123.7271 44.8374
NE6A 124.5404 44.8055
NE6B 125.9697 44.8011
NE6C 127.5983 44.9049
NE6D 128.7109 44.8150
NE6E 130.5433 44.8533
NE6F 131.2014 45.2959
NE71 116.1639 45.5353
NE72 116.9757 45.4352
NE73 118.0277 45.4442
NE74 118.8063 45.5136
NE75 119.9545 44.3083
NE76 120.5761 45.5346
NE77 121.4953 45.4249
NE78 123.2228 45.5075
NE79 124.1426 45.4910
NE7A 125.9701 45.4855
NE7B 126.8775 45.4932
NE7C 127.8186 45.5286
NE7D 128.7429 45.3421
NE7E 129.7365 45.1070
NE7F 130.5351 45.4624
NE7G 132.4973 45.9207
NE7H 129.6895 45.8258
NE81 116.6347 46.0697
NE82 117.9153 46.1709
NE83 118.8011 46.2132
NE84 119.6819 46.2476
NE85 120.6358 46.1764
NE86 121.4604 46.1698
NE87 122.5078 46.3497
NE88 123.2892 46.1681
NE89 124.2073 46.1539
NE8A 125.0896 46.1856
NE8B 126.0563 46.2072
NE8C 126.9152 46.1855
NE8D 127.8795 46.1191
NE8E 128.5599 46.4609
NE8F 130.5320 46.2147
NE8G 131.4267 46.1078
NE8H 132.8314 46.5150
NE8I 133.6558 45.9943
NE91 120.7319 46.9265
NE92 121.5144 46.7856
NE93 122.4302 46.9270
NE94 123.3435 46.8960
NE95 124.2059 46.8931
NE96 125.0522 46.8790
NE97 125.9593 46.8976
NE98 126.6297 47.3120
NE99 128.0569 47.0656
NE9A 128.8120 47.2274
NE9B 129.7948 46.9462
NE9C 131.0362 47.0496
NE9D 131.9207 46.7781
NE9E 133.2874 47.0196
NEA1 119.3007 47.6053
NEA2 120.2865 47.4937
NEA3 121.2920 47.5623
NEA4 121.9415 47.6654
NEA5 124.0367 47.6486
NEA6 124.9949 47.6057
NEA7 125.8338 47.5710
NEA8 127.1932 47.7014
NEA9 127.9883 47.6717
NEAA 129.8055 47.6009
NEAB 131.6684 47.6025
NEAC 132.5994 47.6744
NEAD 133.5802 47.5814
NEAE 132.5256 47.2994
NEP1 128.9403 43.1177
NEP2 127.0807 43.7146
NEP3 124.9783 44.5832
NEP4 123.5833 45.2628
NEP5 122.6198 45.7336
NEP6 121.1213 46.5853
NEP7 118.1474 48.1744
